#
# A fatal error has been detected by the Java Runtime Environment:
#
#  EXCEPTION_ACCESS_VIOLATION (0xc0000005) at pc=0x00007fff9ceacc94, pid=9580, tid=4572
#
# JRE version: OpenJDK Runtime Environment JBR-17.0.5+1-653.23-jcef (17.0.5+1) (build 17.0.5+1-b653.23)
# Java VM: OpenJDK 64-Bit Server VM JBR-17.0.5+1-653.23-jcef (17.0.5+1-b653.23, mixed mode, tiered, compressed oops, compressed class ptrs, g1 gc, windows-amd64)
# Problematic frame:
# V  [jvm.dll+0x6acc94]
#
# No core dump will be written. Minidumps are not enabled by default on client versions of Windows
#
# If you would like to submit a bug report, please visit:
#   https://youtrack.jetbrains.com/issues/JBR
#

---------------  S U M M A R Y ------------

Command Line: -Dawt.toolkit=com.intellij.desktop.DesktopActionsToolkit -Djava.rmi.server.hostname=127.0.0.1 -Duser.timezone=UTC -Xmx750m -Xms128m --add-exports=java.desktop/sun.awt=ALL-UNNAMED --add-exports=java.desktop/java.awt.peer=ALL-UNNAMED --add-opens=java.desktop/java.awt=ALL-UNNAMED --add-opens=jdk.unsupported/sun.misc=ALL-UNNAMED --add-opens=java.base/java.nio=ALL-UNNAMED --add-opens=java.base/java.util=ALL-UNNAMED -Dfile.encoding=UTF-8 com.intellij.database.remote.RemoteJdbcServer com.mysql.cj.jdbc.Driver

Host: Intel(R) Core(TM) i3 CPU       M 350  @ 2.27GHz, 4 cores, 3G,  Windows 10 , 64 bit Build 19041 (10.0.19041.2364)
Time: Wed Feb 22 16:34:13 2023 FLE Standard Time elapsed time: 27.731391 seconds (0d 0h 0m 27s)

---------------  T H R E A D  ---------------

Current thread (0x0000026bc7059720):  JavaThread "C2 CompilerThread0" daemon [_thread_in_native, id=4572, stack(0x0000007cb7300000,0x0000007cb7400000)]


Current CompileTask:
C2:  27731 2780   !   4       java.io.ObjectOutputStream::defaultWriteFields (288 bytes)

Stack: [0x0000007cb7300000,0x0000007cb7400000],  sp=0x0000007cb73fbba0,  free space=1006k
Native frames: (J=compiled Java code, j=interpreted, Vv=VM code, C=native code)
V  [jvm.dll+0x6acc94]
V  [jvm.dll+0x1bc8b4]
V  [jvm.dll+0x21b8b9]
V  [jvm.dll+0x21ab81]
V  [jvm.dll+0x1a470d]
V  [jvm.dll+0x22a5f8]
V  [jvm.dll+0x2286b9]
V  [jvm.dll+0x7f4eac]
V  [jvm.dll+0x7ef40a]
V  [jvm.dll+0x681f05]
C  [ucrtbase.dll+0x21bb2]
C  [KERNEL32.DLL+0x17614]
C  [ntdll.dll+0x526a1]


siginfo: EXCEPTION_ACCESS_VIOLATION (0xc0000005), reading address 0x0000026bceba4080


Register to memory mapping:

RIP=0x00007fff9ceacc94 jvm.dll
RAX=0x0000007cb73fbe50 is pointing into the stack for thread: 0x0000026bc7059720
RBX=0x0000000000000001 is an unknown value
RCX=0x0000026bcbfa4050 points into unknown readable memory: 0x0000000000000000 | 00 00 00 00 00 00 00 00
RDX=0x0000026bca9c61c8 points into unknown readable memory: 0x00007fff9d149f58 | 58 9f 14 9d ff 7f 00 00
RSP=0x0000007cb73fbba0 is pointing into the stack for thread: 0x0000026bc7059720
RBP=0x0000000000040000 is an unknown value
RSI=0x0000026bca3f4948 points into unknown readable memory: 0x00007fff9d127550 | 50 75 12 9d ff 7f 00 00
RDI=0x0000000002c00000 is an unknown value
R8 =0x0000007cb73fc1f0 is pointing into the stack for thread: 0x0000026bc7059720
R9 =0x0000026bca3f4948 points into unknown readable memory: 0x00007fff9d127550 | 50 75 12 9d ff 7f 00 00
R10=0x0000026bcad6a610 points into unknown readable memory: 0x0000026bcb1b72d0 | d0 72 1b cb 6b 02 00 00
R11=0x0000026bcad66670 points into unknown readable memory: 0x0000000000000000 | 00 00 00 00 00 00 00 00
R12=0x0000026bcb173320 points into unknown readable memory: 0x0000026bc7055ff0 | f0 5f 05 c7 6b 02 00 00
R13=0x0000026bcb174860 points into unknown readable memory: 0x0000026bc7055ff0 | f0 5f 05 c7 6b 02 00 00
R14=0x0000026bca9c61c8 points into unknown readable memory: 0x00007fff9d149f58 | 58 9f 14 9d ff 7f 00 00
R15=0x0000026bcb173320 points into unknown readable memory: 0x0000026bc7055ff0 | f0 5f 05 c7 6b 02 00 00


Registers:
RAX=0x0000007cb73fbe50, RBX=0x0000000000000001, RCX=0x0000026bcbfa4050, RDX=0x0000026bca9c61c8
RSP=0x0000007cb73fbba0, RBP=0x0000000000040000, RSI=0x0000026bca3f4948, RDI=0x0000000002c00000
R8 =0x0000007cb73fc1f0, R9 =0x0000026bca3f4948, R10=0x0000026bcad6a610, R11=0x0000026bcad66670
R12=0x0000026bcb173320, R13=0x0000026bcb174860, R14=0x0000026bca9c61c8, R15=0x0000026bcb173320
RIP=0x00007fff9ceacc94, EFLAGS=0x0000000000010206

Top of Stack: (sp=0x0000007cb73fbba0)
0x0000007cb73fbba0:   0000026bca9c62c0 0000000000000010
0x0000007cb73fbbb0:   0000026bcb173320 0000026bca3f4948
0x0000007cb73fbbc0:   0000026bcb174860 0000026bcb173320
0x0000007cb73fbbd0:   0000000000000010 00000000ffffffff
0x0000007cb73fbbe0:   0000026bcb173320 0000026bca3f4948
0x0000007cb73fbbf0:   0000026bca9c61c8 00007fff00000010
0x0000007cb73fbc00:   0000026bcad6a610 0000026bca9c62c0
0x0000007cb73fbc10:   00000000000000e7 0000026bca3ea1c8
0x0000007cb73fbc20:   0000026bcaef0b90 0000026bcad66670
0x0000007cb73fbc30:   0000026bcad68640 0000026bc7e2ce90
0x0000007cb73fbc40:   0000026bc6fe6e60 0000026bc6fe6e30
0x0000007cb73fbc50:   0000026bc7055ff0 0000026bcad65e20
0x0000007cb73fbc60:   0000026bcad66670 0000026bcad6de08
0x0000007cb73fbc70:   00000000001f62e0 0000000000000000
0x0000007cb73fbc80:   0000000000002842 0000000000000000
0x0000007cb73fbc90:   000000000000752f 00007fff9c9bcf64 

Instructions: (pc=0x00007fff9ceacc94)
0x00007fff9ceacb94:   00 00 48 8b 4c 24 78 48 89 0c 07 41 3b 5f 08 72
0x00007fff9ceacba4:   0a 8b d3 49 8b cf e8 a1 36 fb ff 49 8b 47 10 4c
0x00007fff9ceacbb4:   89 34 07 48 8b bc 24 f0 01 00 00 ff c6 41 3b f4
0x00007fff9ceacbc4:   0f 8c 66 ff ff ff 8b 84 24 f8 01 00 00 4c 8b 74
0x00007fff9ceacbd4:   24 50 ff c0 89 84 24 f8 01 00 00 41 8b 4e 18 3b
0x00007fff9ceacbe4:   c1 0f 82 f5 fd ff ff 48 8b 74 24 48 8b ac 24 00
0x00007fff9ceacbf4:   02 00 00 41 8b 46 2c 24 03 3c 02 75 14 49 8b 06
0x00007fff9ceacc04:   49 8b ce ff 90 f0 00 00 00 41 8b 4e 18 8b f8 eb
0x00007fff9ceacc14:   02 33 ff bb 01 00 00 00 3b cb 76 3a 48 8b 8c 24
0x00007fff9ceacc24:   f0 01 00 00 3b fb 4c 8b ce 44 8b c3 0f 95 c0 49
0x00007fff9ceacc34:   8b d6 88 44 24 30 4c 89 7c 24 28 4c 89 6c 24 20
0x00007fff9ceacc44:   e8 07 e5 ff ff 2b e8 ff c3 41 3b 5e 18 72 cd 89
0x00007fff9ceacc54:   ac 24 00 02 00 00 48 8b bc 24 f0 01 00 00 49 63
0x00007fff9ceacc64:   4e 28 48 8b 87 08 01 00 00 8b 14 88 85 d2 0f 84
0x00007fff9ceacc74:   95 06 00 00 4c 8b 84 24 f0 01 00 00 8b ea 48 69
0x00007fff9ceacc84:   fa b0 00 00 00 49 8b 40 70 49 8b d6 48 8b 48 20
0x00007fff9ceacc94:   8b 74 39 30 49 8b c8 e8 90 07 00 00 48 8b d8 48
0x00007fff9ceacca4:   89 44 24 68 44 8b f6 44 8b e6 41 3b 77 08 73 34
0x00007fff9ceaccb4:   49 8b 4f 10 48 83 3c f1 00 74 29 48 8b 14 f1 83
0x00007fff9ceaccc4:   7a 20 00 75 1f 45 33 ff 4c 89 3c f1 41 3b 75 08
0x00007fff9ceaccd4:   72 0a 8b d6 49 8b cd e8 70 35 fb ff 49 8b 45 10
0x00007fff9ceacce4:   4c 89 3c f0 48 8b 4c 24 50 48 8b 01 ff 50 68 48
0x00007fff9ceaccf4:   8b 8c 24 f0 01 00 00 89 84 24 f8 01 00 00 48 8b
0x00007fff9ceacd04:   49 70 48 8b 51 20 8b c8 48 03 d7 e8 0c 55 02 00
0x00007fff9ceacd14:   44 8b f8 83 f8 01 0f 85 11 01 00 00 41 3b 75 08
0x00007fff9ceacd24:   73 0a 49 8b 4d 10 4a 8b 04 e1 eb 02 33 c0 48 8b
0x00007fff9ceacd34:   bc 24 f0 01 00 00 4c 8b 7c 24 50 48 8b cf 48 3b
0x00007fff9ceacd44:   c3 0f 84 a2 00 00 00 48 8b 6c 24 40 48 c7 c0 ff
0x00007fff9ceacd54:   ff ff ff 4c 8b 74 24 48 4d 8b c7 89 44 24 38 4d
0x00007fff9ceacd64:   8b ce 89 74 24 30 48 8b d3 48 89 6c 24 28 4c 89
0x00007fff9ceacd74:   6c 24 20 e8 14 e8 ff ff 8b 4d 08 84 c0 74 34 3b
0x00007fff9ceacd84:   f1 73 1b 48 8b 45 10 49 8b cf 4a 8b 14 e0 e8 c9 


Stack slot to memory mapping:
stack at sp + 0 slots: 0x0000026bca9c62c0 points into unknown readable memory: 0x00007fff9d0c4738 | 38 47 0c 9d ff 7f 00 00
stack at sp + 1 slots: 0x0000000000000010 is an unknown value
stack at sp + 2 slots: 0x0000026bcb173320 points into unknown readable memory: 0x0000026bc7055ff0 | f0 5f 05 c7 6b 02 00 00
stack at sp + 3 slots: 0x0000026bca3f4948 points into unknown readable memory: 0x00007fff9d127550 | 50 75 12 9d ff 7f 00 00
stack at sp + 4 slots: 0x0000026bcb174860 points into unknown readable memory: 0x0000026bc7055ff0 | f0 5f 05 c7 6b 02 00 00
stack at sp + 5 slots: 0x0000026bcb173320 points into unknown readable memory: 0x0000026bc7055ff0 | f0 5f 05 c7 6b 02 00 00
stack at sp + 6 slots: 0x0000000000000010 is an unknown value
stack at sp + 7 slots: 0x00000000ffffffff is an unallocated location in the heap


---------------  P R O C E S S  ---------------

Threads class SMR info:
_java_thread_list=0x0000026bc828de50, length=24, elements={
0x0000026bb088e370, 0x0000026bc7070630, 0x0000026bc70713b0, 0x0000026bc70aa530,
0x0000026bc7086650, 0x0000026bc7086f10, 0x0000026bc70877d0, 0x0000026bc7059720,
0x0000026bc705a020, 0x0000026bc705a920, 0x0000026bc7d7d510, 0x0000026bc7d93a90,
0x0000026bc7e49de0, 0x0000026bc8043240, 0x0000026bc80574f0, 0x0000026bc80d2010,
0x0000026bc80f4e90, 0x0000026bc80d54e0, 0x0000026bc80f0850, 0x0000026bc8267010,
0x0000026bc8286340, 0x0000026bc8284660, 0x0000026bc8282980, 0x0000026bc82854d0
}

Java Threads: ( => current thread )
  0x0000026bb088e370 JavaThread "main" [_thread_blocked, id=10660, stack(0x0000007cb6600000,0x0000007cb6700000)]
  0x0000026bc7070630 JavaThread "Reference Handler" daemon [_thread_blocked, id=4196, stack(0x0000007cb6d00000,0x0000007cb6e00000)]
  0x0000026bc70713b0 JavaThread "Finalizer" daemon [_thread_blocked, id=10864, stack(0x0000007cb6e00000,0x0000007cb6f00000)]
  0x0000026bc70aa530 JavaThread "Signal Dispatcher" daemon [_thread_blocked, id=10616, stack(0x0000007cb6f00000,0x0000007cb7000000)]
  0x0000026bc7086650 JavaThread "Attach Listener" daemon [_thread_blocked, id=10628, stack(0x0000007cb7000000,0x0000007cb7100000)]
  0x0000026bc7086f10 JavaThread "Service Thread" daemon [_thread_blocked, id=10808, stack(0x0000007cb7100000,0x0000007cb7200000)]
  0x0000026bc70877d0 JavaThread "Monitor Deflation Thread" daemon [_thread_blocked, id=10568, stack(0x0000007cb7200000,0x0000007cb7300000)]
=>0x0000026bc7059720 JavaThread "C2 CompilerThread0" daemon [_thread_in_native, id=4572, stack(0x0000007cb7300000,0x0000007cb7400000)]
  0x0000026bc705a020 JavaThread "C1 CompilerThread0" daemon [_thread_blocked, id=9488, stack(0x0000007cb7400000,0x0000007cb7500000)]
  0x0000026bc705a920 JavaThread "Sweeper thread" daemon [_thread_blocked, id=9532, stack(0x0000007cb7500000,0x0000007cb7600000)]
  0x0000026bc7d7d510 JavaThread "Common-Cleaner" daemon [_thread_blocked, id=8100, stack(0x0000007cb7600000,0x0000007cb7700000)]
  0x0000026bc7d93a90 JavaThread "Notification Thread" daemon [_thread_blocked, id=3136, stack(0x0000007cb7700000,0x0000007cb7800000)]
  0x0000026bc7e49de0 JavaThread "mysql-cj-abandoned-connection-cleanup" daemon [_thread_blocked, id=2216, stack(0x0000007cb7900000,0x0000007cb7a00000)]
  0x0000026bc8043240 JavaThread "Java2D Disposer" daemon [_thread_blocked, id=1180, stack(0x0000007cb7b00000,0x0000007cb7c00000)]
  0x0000026bc80574f0 JavaThread "AWT-Windows" daemon [_thread_in_native, id=9424, stack(0x0000007cb7d00000,0x0000007cb7e00000)]
  0x0000026bc80d2010 JavaThread "RMI TCP Accept-51042" daemon [_thread_in_native, id=4088, stack(0x0000007cb7c00000,0x0000007cb7d00000)]
  0x0000026bc80f4e90 JavaThread "RMI TCP Accept-0" daemon [_thread_in_native, id=9464, stack(0x0000007cb7e00000,0x0000007cb7f00000)]
  0x0000026bc80d54e0 JavaThread "RMI Reaper" [_thread_blocked, id=6900, stack(0x0000007cb7f00000,0x0000007cb8000000)]
  0x0000026bc80f0850 JavaThread "RMI GC Daemon" daemon [_thread_blocked, id=7348, stack(0x0000007cb8000000,0x0000007cb8100000)]
  0x0000026bc8267010 JavaThread "RMI TCP Connection(1)-127.0.0.1" daemon [_thread_in_native, id=8964, stack(0x0000007cb8100000,0x0000007cb8200000)]
  0x0000026bc8286340 JavaThread "RMI TCP Connection(2)-127.0.0.1" daemon [_thread_in_native, id=9848, stack(0x0000007cb8200000,0x0000007cb8300000)]
  0x0000026bc8284660 JavaThread "RMI Scheduler(0)" daemon [_thread_blocked, id=10976, stack(0x0000007cb8300000,0x0000007cb8400000)]
  0x0000026bc8282980 JavaThread "RMI RenewClean-[127.0.0.1:64311]" daemon [_thread_blocked, id=9956, stack(0x0000007cb8400000,0x0000007cb8500000)]
  0x0000026bc82854d0 JavaThread "RMI TCP Connection(3)-127.0.0.1" daemon [_thread_in_native, id=10776, stack(0x0000007cb8900000,0x0000007cb8a00000)]

Other Threads:
  0x0000026bc7048ee0 VMThread "VM Thread" [stack: 0x0000007cb6c00000,0x0000007cb6d00000] [id=10696]
  0x0000026bb08dad10 WatcherThread [stack: 0x0000007cb7800000,0x0000007cb7900000] [id=5788]
  0x0000026bb08c1210 GCTaskThread "GC Thread#0" [stack: 0x0000007cb6700000,0x0000007cb6800000] [id=1316]
  0x0000026bc832b7d0 GCTaskThread "GC Thread#1" [stack: 0x0000007cb8500000,0x0000007cb8600000] [id=10576]
  0x0000026bc823c820 GCTaskThread "GC Thread#2" [stack: 0x0000007cb8600000,0x0000007cb8700000] [id=9412]
  0x0000026bc823cad0 GCTaskThread "GC Thread#3" [stack: 0x0000007cb8700000,0x0000007cb8800000] [id=7012]
  0x0000026bb08c9e30 ConcurrentGCThread "G1 Main Marker" [stack: 0x0000007cb6800000,0x0000007cb6900000] [id=10936]
  0x0000026bb08caef0 ConcurrentGCThread "G1 Conc#0" [stack: 0x0000007cb6900000,0x0000007cb6a00000] [id=10972]
  0x0000026bb0943c40 ConcurrentGCThread "G1 Refine#0" [stack: 0x0000007cb6a00000,0x0000007cb6b00000] [id=10820]
  0x0000026bc7fc9d40 ConcurrentGCThread "G1 Refine#1" [stack: 0x0000007cb8800000,0x0000007cb8900000] [id=6172]
  0x0000026bb0945580 ConcurrentGCThread "G1 Service" [stack: 0x0000007cb6b00000,0x0000007cb6c00000] [id=10844]

Threads with active compile tasks:
C2 CompilerThread0    28233 2780   !   4       java.io.ObjectOutputStream::defaultWriteFields (288 bytes)

VM state: not at safepoint (normal execution)

VM Mutex/Monitor currently owned by a thread: None

Heap address: 0x00000000d1200000, size: 750 MB, Compressed Oops mode: 32-bit

CDS archive(s) not mapped
Compressed class space mapped at: 0x0000000100000000-0x0000000140000000, reserved size: 1073741824
Narrow klass base: 0x0000000000000000, Narrow klass shift: 3, Narrow klass range: 0x140000000

GC Precious Log:
 CPUs: 4 total, 4 available
 Memory: 3950M
 Large Page Support: Disabled
 NUMA Support: Disabled
 Compressed Oops: Enabled (32-bit)
 Heap Region Size: 1M
 Heap Min Capacity: 128M
 Heap Initial Capacity: 128M
 Heap Max Capacity: 750M
 Pre-touch: Disabled
 Parallel Workers: 4
 Concurrent Workers: 1
 Concurrent Refinement Workers: 4
 Periodic GC: Disabled

Heap:
 garbage-first heap   total 131072K, used 37797K [0x00000000d1200000, 0x0000000100000000)
  region size 1024K, 30 young (30720K), 2 survivors (2048K)
 Metaspace       used 25001K, committed 25280K, reserved 1073152K
  class space    used 2563K, committed 2688K, reserved 1048576K

Heap Regions: E=young(eden), S=young(survivor), O=old, HS=humongous(starts), HC=humongous(continues), CS=collection set, F=free, OA=open archive, CA=closed archive, TAMS=top-at-mark-start (previous, next)
|   0|0x00000000d1200000, 0x00000000d1300000, 0x00000000d1300000|100%|HS|  |TAMS 0x00000000d1300000, 0x00000000d1200000| Complete 
|   1|0x00000000d1300000, 0x00000000d1400000, 0x00000000d1400000|100%|HC|  |TAMS 0x00000000d1400000, 0x00000000d1300000| Complete 
|   2|0x00000000d1400000, 0x00000000d1500000, 0x00000000d1500000|100%|HC|  |TAMS 0x00000000d1500000, 0x00000000d1400000| Complete 
|   3|0x00000000d1500000, 0x00000000d1600000, 0x00000000d1600000|100%| O|  |TAMS 0x00000000d1600000, 0x00000000d1500000| Untracked 
|   4|0x00000000d1600000, 0x00000000d1700000, 0x00000000d1700000|100%| O|  |TAMS 0x00000000d1670c00, 0x00000000d1600000| Untracked 
|   5|0x00000000d1700000, 0x00000000d1800000, 0x00000000d1800000|100%| O|  |TAMS 0x00000000d1700000, 0x00000000d1700000| Untracked 
|   6|0x00000000d1800000, 0x00000000d1900000, 0x00000000d1900000|100%| O|  |TAMS 0x00000000d1800000, 0x00000000d1800000| Untracked 
|   7|0x00000000d1900000, 0x00000000d1a00000, 0x00000000d1a00000|100%| O|  |TAMS 0x00000000d1900000, 0x00000000d1900000| Untracked 
|   8|0x00000000d1a00000, 0x00000000d1aaca00, 0x00000000d1b00000| 67%| O|  |TAMS 0x00000000d1a00000, 0x00000000d1a00000| Untracked 
|   9|0x00000000d1b00000, 0x00000000d1b00000, 0x00000000d1c00000|  0%| F|  |TAMS 0x00000000d1b00000, 0x00000000d1b00000| Untracked 
|  10|0x00000000d1c00000, 0x00000000d1c00000, 0x00000000d1d00000|  0%| F|  |TAMS 0x00000000d1c00000, 0x00000000d1c00000| Untracked 
|  11|0x00000000d1d00000, 0x00000000d1d00000, 0x00000000d1e00000|  0%| F|  |TAMS 0x00000000d1d00000, 0x00000000d1d00000| Untracked 
|  12|0x00000000d1e00000, 0x00000000d1e00000, 0x00000000d1f00000|  0%| F|  |TAMS 0x00000000d1e00000, 0x00000000d1e00000| Untracked 
|  13|0x00000000d1f00000, 0x00000000d1f00000, 0x00000000d2000000|  0%| F|  |TAMS 0x00000000d1f00000, 0x00000000d1f00000| Untracked 
|  14|0x00000000d2000000, 0x00000000d2000000, 0x00000000d2100000|  0%| F|  |TAMS 0x00000000d2000000, 0x00000000d2000000| Untracked 
|  15|0x00000000d2100000, 0x00000000d2100000, 0x00000000d2200000|  0%| F|  |TAMS 0x00000000d2100000, 0x00000000d2100000| Untracked 
|  16|0x00000000d2200000, 0x00000000d2200000, 0x00000000d2300000|  0%| F|  |TAMS 0x00000000d2200000, 0x00000000d2200000| Untracked 
|  17|0x00000000d2300000, 0x00000000d2300000, 0x00000000d2400000|  0%| F|  |TAMS 0x00000000d2300000, 0x00000000d2300000| Untracked 
|  18|0x00000000d2400000, 0x00000000d2400000, 0x00000000d2500000|  0%| F|  |TAMS 0x00000000d2400000, 0x00000000d2400000| Untracked 
|  19|0x00000000d2500000, 0x00000000d2500000, 0x00000000d2600000|  0%| F|  |TAMS 0x00000000d2500000, 0x00000000d2500000| Untracked 
|  20|0x00000000d2600000, 0x00000000d2600000, 0x00000000d2700000|  0%| F|  |TAMS 0x00000000d2600000, 0x00000000d2600000| Untracked 
|  21|0x00000000d2700000, 0x00000000d2700000, 0x00000000d2800000|  0%| F|  |TAMS 0x00000000d2700000, 0x00000000d2700000| Untracked 
|  22|0x00000000d2800000, 0x00000000d2800000, 0x00000000d2900000|  0%| F|  |TAMS 0x00000000d2800000, 0x00000000d2800000| Untracked 
|  23|0x00000000d2900000, 0x00000000d2900000, 0x00000000d2a00000|  0%| F|  |TAMS 0x00000000d2900000, 0x00000000d2900000| Untracked 
|  24|0x00000000d2a00000, 0x00000000d2a00000, 0x00000000d2b00000|  0%| F|  |TAMS 0x00000000d2a00000, 0x00000000d2a00000| Untracked 
|  25|0x00000000d2b00000, 0x00000000d2b00000, 0x00000000d2c00000|  0%| F|  |TAMS 0x00000000d2b00000, 0x00000000d2b00000| Untracked 
|  26|0x00000000d2c00000, 0x00000000d2c00000, 0x00000000d2d00000|  0%| F|  |TAMS 0x00000000d2c00000, 0x00000000d2c00000| Untracked 
|  27|0x00000000d2d00000, 0x00000000d2d00000, 0x00000000d2e00000|  0%| F|  |TAMS 0x00000000d2d00000, 0x00000000d2d00000| Untracked 
|  28|0x00000000d2e00000, 0x00000000d2e00000, 0x00000000d2f00000|  0%| F|  |TAMS 0x00000000d2e00000, 0x00000000d2e00000| Untracked 
|  29|0x00000000d2f00000, 0x00000000d2f00000, 0x00000000d3000000|  0%| F|  |TAMS 0x00000000d2f00000, 0x00000000d2f00000| Untracked 
|  30|0x00000000d3000000, 0x00000000d3000000, 0x00000000d3100000|  0%| F|  |TAMS 0x00000000d3000000, 0x00000000d3000000| Untracked 
|  31|0x00000000d3100000, 0x00000000d3100000, 0x00000000d3200000|  0%| F|  |TAMS 0x00000000d3100000, 0x00000000d3100000| Untracked 
|  32|0x00000000d3200000, 0x00000000d3200000, 0x00000000d3300000|  0%| F|  |TAMS 0x00000000d3200000, 0x00000000d3200000| Untracked 
|  33|0x00000000d3300000, 0x00000000d3300000, 0x00000000d3400000|  0%| F|  |TAMS 0x00000000d3300000, 0x00000000d3300000| Untracked 
|  34|0x00000000d3400000, 0x00000000d3400000, 0x00000000d3500000|  0%| F|  |TAMS 0x00000000d3400000, 0x00000000d3400000| Untracked 
|  35|0x00000000d3500000, 0x00000000d3500000, 0x00000000d3600000|  0%| F|  |TAMS 0x00000000d3500000, 0x00000000d3500000| Untracked 
|  36|0x00000000d3600000, 0x00000000d3600000, 0x00000000d3700000|  0%| F|  |TAMS 0x00000000d3600000, 0x00000000d3600000| Untracked 
|  37|0x00000000d3700000, 0x00000000d3700000, 0x00000000d3800000|  0%| F|  |TAMS 0x00000000d3700000, 0x00000000d3700000| Untracked 
|  38|0x00000000d3800000, 0x00000000d3800000, 0x00000000d3900000|  0%| F|  |TAMS 0x00000000d3800000, 0x00000000d3800000| Untracked 
|  39|0x00000000d3900000, 0x00000000d3900000, 0x00000000d3a00000|  0%| F|  |TAMS 0x00000000d3900000, 0x00000000d3900000| Untracked 
|  40|0x00000000d3a00000, 0x00000000d3a00000, 0x00000000d3b00000|  0%| F|  |TAMS 0x00000000d3a00000, 0x00000000d3a00000| Untracked 
|  41|0x00000000d3b00000, 0x00000000d3b00000, 0x00000000d3c00000|  0%| F|  |TAMS 0x00000000d3b00000, 0x00000000d3b00000| Untracked 
|  42|0x00000000d3c00000, 0x00000000d3c00000, 0x00000000d3d00000|  0%| F|  |TAMS 0x00000000d3c00000, 0x00000000d3c00000| Untracked 
|  43|0x00000000d3d00000, 0x00000000d3d00000, 0x00000000d3e00000|  0%| F|  |TAMS 0x00000000d3d00000, 0x00000000d3d00000| Untracked 
|  44|0x00000000d3e00000, 0x00000000d3e00000, 0x00000000d3f00000|  0%| F|  |TAMS 0x00000000d3e00000, 0x00000000d3e00000| Untracked 
|  45|0x00000000d3f00000, 0x00000000d3f00000, 0x00000000d4000000|  0%| F|  |TAMS 0x00000000d3f00000, 0x00000000d3f00000| Untracked 
|  46|0x00000000d4000000, 0x00000000d4000000, 0x00000000d4100000|  0%| F|  |TAMS 0x00000000d4000000, 0x00000000d4000000| Untracked 
|  47|0x00000000d4100000, 0x00000000d4100000, 0x00000000d4200000|  0%| F|  |TAMS 0x00000000d4100000, 0x00000000d4100000| Untracked 
|  48|0x00000000d4200000, 0x00000000d4200000, 0x00000000d4300000|  0%| F|  |TAMS 0x00000000d4200000, 0x00000000d4200000| Untracked 
|  49|0x00000000d4300000, 0x00000000d4300000, 0x00000000d4400000|  0%| F|  |TAMS 0x00000000d4300000, 0x00000000d4300000| Untracked 
|  50|0x00000000d4400000, 0x00000000d4400000, 0x00000000d4500000|  0%| F|  |TAMS 0x00000000d4400000, 0x00000000d4400000| Untracked 
|  51|0x00000000d4500000, 0x00000000d4500000, 0x00000000d4600000|  0%| F|  |TAMS 0x00000000d4500000, 0x00000000d4500000| Untracked 
|  52|0x00000000d4600000, 0x00000000d4600000, 0x00000000d4700000|  0%| F|  |TAMS 0x00000000d4600000, 0x00000000d4600000| Untracked 
|  53|0x00000000d4700000, 0x00000000d4700000, 0x00000000d4800000|  0%| F|  |TAMS 0x00000000d4700000, 0x00000000d4700000| Untracked 
|  54|0x00000000d4800000, 0x00000000d4800000, 0x00000000d4900000|  0%| F|  |TAMS 0x00000000d4800000, 0x00000000d4800000| Untracked 
|  55|0x00000000d4900000, 0x00000000d4900000, 0x00000000d4a00000|  0%| F|  |TAMS 0x00000000d4900000, 0x00000000d4900000| Untracked 
|  56|0x00000000d4a00000, 0x00000000d4a00000, 0x00000000d4b00000|  0%| F|  |TAMS 0x00000000d4a00000, 0x00000000d4a00000| Untracked 
|  57|0x00000000d4b00000, 0x00000000d4b00000, 0x00000000d4c00000|  0%| F|  |TAMS 0x00000000d4b00000, 0x00000000d4b00000| Untracked 
|  58|0x00000000d4c00000, 0x00000000d4c00000, 0x00000000d4d00000|  0%| F|  |TAMS 0x00000000d4c00000, 0x00000000d4c00000| Untracked 
|  59|0x00000000d4d00000, 0x00000000d4d00000, 0x00000000d4e00000|  0%| F|  |TAMS 0x00000000d4d00000, 0x00000000d4d00000| Untracked 
|  60|0x00000000d4e00000, 0x00000000d4e00000, 0x00000000d4f00000|  0%| F|  |TAMS 0x00000000d4e00000, 0x00000000d4e00000| Untracked 
|  61|0x00000000d4f00000, 0x00000000d4f00000, 0x00000000d5000000|  0%| F|  |TAMS 0x00000000d4f00000, 0x00000000d4f00000| Untracked 
|  62|0x00000000d5000000, 0x00000000d5000000, 0x00000000d5100000|  0%| F|  |TAMS 0x00000000d5000000, 0x00000000d5000000| Untracked 
|  63|0x00000000d5100000, 0x00000000d5100000, 0x00000000d5200000|  0%| F|  |TAMS 0x00000000d5100000, 0x00000000d5100000| Untracked 
|  64|0x00000000d5200000, 0x00000000d5200000, 0x00000000d5300000|  0%| F|  |TAMS 0x00000000d5200000, 0x00000000d5200000| Untracked 
|  65|0x00000000d5300000, 0x00000000d5300000, 0x00000000d5400000|  0%| F|  |TAMS 0x00000000d5300000, 0x00000000d5300000| Untracked 
|  66|0x00000000d5400000, 0x00000000d5400000, 0x00000000d5500000|  0%| F|  |TAMS 0x00000000d5400000, 0x00000000d5400000| Untracked 
|  67|0x00000000d5500000, 0x00000000d5500000, 0x00000000d5600000|  0%| F|  |TAMS 0x00000000d5500000, 0x00000000d5500000| Untracked 
|  68|0x00000000d5600000, 0x00000000d5600000, 0x00000000d5700000|  0%| F|  |TAMS 0x00000000d5600000, 0x00000000d5600000| Untracked 
|  69|0x00000000d5700000, 0x00000000d5700000, 0x00000000d5800000|  0%| F|  |TAMS 0x00000000d5700000, 0x00000000d5700000| Untracked 
|  70|0x00000000d5800000, 0x00000000d5800000, 0x00000000d5900000|  0%| F|  |TAMS 0x00000000d5800000, 0x00000000d5800000| Untracked 
|  71|0x00000000d5900000, 0x00000000d5900000, 0x00000000d5a00000|  0%| F|  |TAMS 0x00000000d5900000, 0x00000000d5900000| Untracked 
|  72|0x00000000d5a00000, 0x00000000d5a00000, 0x00000000d5b00000|  0%| F|  |TAMS 0x00000000d5a00000, 0x00000000d5a00000| Untracked 
|  73|0x00000000d5b00000, 0x00000000d5b00000, 0x00000000d5c00000|  0%| F|  |TAMS 0x00000000d5b00000, 0x00000000d5b00000| Untracked 
|  74|0x00000000d5c00000, 0x00000000d5c00000, 0x00000000d5d00000|  0%| F|  |TAMS 0x00000000d5c00000, 0x00000000d5c00000| Untracked 
|  75|0x00000000d5d00000, 0x00000000d5d00000, 0x00000000d5e00000|  0%| F|  |TAMS 0x00000000d5d00000, 0x00000000d5d00000| Untracked 
|  76|0x00000000d5e00000, 0x00000000d5e00000, 0x00000000d5f00000|  0%| F|  |TAMS 0x00000000d5e00000, 0x00000000d5e00000| Untracked 
|  77|0x00000000d5f00000, 0x00000000d5f00000, 0x00000000d6000000|  0%| F|  |TAMS 0x00000000d5f00000, 0x00000000d5f00000| Untracked 
|  78|0x00000000d6000000, 0x00000000d6000000, 0x00000000d6100000|  0%| F|  |TAMS 0x00000000d6000000, 0x00000000d6000000| Untracked 
|  79|0x00000000d6100000, 0x00000000d6100000, 0x00000000d6200000|  0%| F|  |TAMS 0x00000000d6100000, 0x00000000d6100000| Untracked 
|  80|0x00000000d6200000, 0x00000000d6200000, 0x00000000d6300000|  0%| F|  |TAMS 0x00000000d6200000, 0x00000000d6200000| Untracked 
|  81|0x00000000d6300000, 0x00000000d6300000, 0x00000000d6400000|  0%| F|  |TAMS 0x00000000d6300000, 0x00000000d6300000| Untracked 
|  82|0x00000000d6400000, 0x00000000d6400000, 0x00000000d6500000|  0%| F|  |TAMS 0x00000000d6400000, 0x00000000d6400000| Untracked 
|  83|0x00000000d6500000, 0x00000000d6500000, 0x00000000d6600000|  0%| F|  |TAMS 0x00000000d6500000, 0x00000000d6500000| Untracked 
|  84|0x00000000d6600000, 0x00000000d6600000, 0x00000000d6700000|  0%| F|  |TAMS 0x00000000d6600000, 0x00000000d6600000| Untracked 
|  85|0x00000000d6700000, 0x00000000d6700000, 0x00000000d6800000|  0%| F|  |TAMS 0x00000000d6700000, 0x00000000d6700000| Untracked 
|  86|0x00000000d6800000, 0x00000000d6800000, 0x00000000d6900000|  0%| F|  |TAMS 0x00000000d6800000, 0x00000000d6800000| Untracked 
|  87|0x00000000d6900000, 0x00000000d6900000, 0x00000000d6a00000|  0%| F|  |TAMS 0x00000000d6900000, 0x00000000d6900000| Untracked 
|  88|0x00000000d6a00000, 0x00000000d6a00000, 0x00000000d6b00000|  0%| F|  |TAMS 0x00000000d6a00000, 0x00000000d6a00000| Untracked 
|  89|0x00000000d6b00000, 0x00000000d6b00000, 0x00000000d6c00000|  0%| F|  |TAMS 0x00000000d6b00000, 0x00000000d6b00000| Untracked 
|  90|0x00000000d6c00000, 0x00000000d6c00000, 0x00000000d6d00000|  0%| F|  |TAMS 0x00000000d6c00000, 0x00000000d6c00000| Untracked 
|  91|0x00000000d6d00000, 0x00000000d6d00000, 0x00000000d6e00000|  0%| F|  |TAMS 0x00000000d6d00000, 0x00000000d6d00000| Untracked 
|  92|0x00000000d6e00000, 0x00000000d6e00000, 0x00000000d6f00000|  0%| F|  |TAMS 0x00000000d6e00000, 0x00000000d6e00000| Untracked 
|  93|0x00000000d6f00000, 0x00000000d6f00000, 0x00000000d7000000|  0%| F|  |TAMS 0x00000000d6f00000, 0x00000000d6f00000| Untracked 
|  94|0x00000000d7000000, 0x00000000d7000000, 0x00000000d7100000|  0%| F|  |TAMS 0x00000000d7000000, 0x00000000d7000000| Untracked 
|  95|0x00000000d7100000, 0x00000000d7100000, 0x00000000d7200000|  0%| F|  |TAMS 0x00000000d7100000, 0x00000000d7100000| Untracked 
|  96|0x00000000d7200000, 0x00000000d7200000, 0x00000000d7300000|  0%| F|  |TAMS 0x00000000d7200000, 0x00000000d7200000| Untracked 
|  97|0x00000000d7300000, 0x00000000d7300000, 0x00000000d7400000|  0%| F|  |TAMS 0x00000000d7300000, 0x00000000d7300000| Untracked 
|  98|0x00000000d7400000, 0x00000000d74a09d0, 0x00000000d7500000| 62%| E|  |TAMS 0x00000000d7400000, 0x00000000d7400000| Complete 
|  99|0x00000000d7500000, 0x00000000d7600000, 0x00000000d7600000|100%| E|CS|TAMS 0x00000000d7500000, 0x00000000d7500000| Complete 
| 100|0x00000000d7600000, 0x00000000d7700000, 0x00000000d7700000|100%| E|CS|TAMS 0x00000000d7600000, 0x00000000d7600000| Complete 
| 101|0x00000000d7700000, 0x00000000d7800000, 0x00000000d7800000|100%| E|CS|TAMS 0x00000000d7700000, 0x00000000d7700000| Complete 
| 102|0x00000000d7800000, 0x00000000d7900000, 0x00000000d7900000|100%| E|CS|TAMS 0x00000000d7800000, 0x00000000d7800000| Complete 
| 103|0x00000000d7900000, 0x00000000d7a00000, 0x00000000d7a00000|100%| E|CS|TAMS 0x00000000d7900000, 0x00000000d7900000| Complete 
| 104|0x00000000d7a00000, 0x00000000d7b00000, 0x00000000d7b00000|100%| E|CS|TAMS 0x00000000d7a00000, 0x00000000d7a00000| Complete 
| 105|0x00000000d7b00000, 0x00000000d7b3ca38, 0x00000000d7c00000| 23%| S|CS|TAMS 0x00000000d7b00000, 0x00000000d7b00000| Complete 
| 106|0x00000000d7c00000, 0x00000000d7d00000, 0x00000000d7d00000|100%| S|CS|TAMS 0x00000000d7c00000, 0x00000000d7c00000| Complete 
| 107|0x00000000d7d00000, 0x00000000d7e00000, 0x00000000d7e00000|100%| E|CS|TAMS 0x00000000d7d00000, 0x00000000d7d00000| Complete 
| 108|0x00000000d7e00000, 0x00000000d7f00000, 0x00000000d7f00000|100%| E|CS|TAMS 0x00000000d7e00000, 0x00000000d7e00000| Complete 
| 109|0x00000000d7f00000, 0x00000000d8000000, 0x00000000d8000000|100%| E|CS|TAMS 0x00000000d7f00000, 0x00000000d7f00000| Complete 
| 110|0x00000000d8000000, 0x00000000d8100000, 0x00000000d8100000|100%| E|CS|TAMS 0x00000000d8000000, 0x00000000d8000000| Complete 
| 111|0x00000000d8100000, 0x00000000d8200000, 0x00000000d8200000|100%| E|CS|TAMS 0x00000000d8100000, 0x00000000d8100000| Complete 
| 112|0x00000000d8200000, 0x00000000d8300000, 0x00000000d8300000|100%| E|CS|TAMS 0x00000000d8200000, 0x00000000d8200000| Complete 
| 113|0x00000000d8300000, 0x00000000d8400000, 0x00000000d8400000|100%| E|CS|TAMS 0x00000000d8300000, 0x00000000d8300000| Complete 
| 114|0x00000000d8400000, 0x00000000d8500000, 0x00000000d8500000|100%| E|CS|TAMS 0x00000000d8400000, 0x00000000d8400000| Complete 
| 115|0x00000000d8500000, 0x00000000d8600000, 0x00000000d8600000|100%| E|CS|TAMS 0x00000000d8500000, 0x00000000d8500000| Complete 
| 116|0x00000000d8600000, 0x00000000d8700000, 0x00000000d8700000|100%| E|CS|TAMS 0x00000000d8600000, 0x00000000d8600000| Complete 
| 117|0x00000000d8700000, 0x00000000d8800000, 0x00000000d8800000|100%| E|CS|TAMS 0x00000000d8700000, 0x00000000d8700000| Complete 
| 118|0x00000000d8800000, 0x00000000d8900000, 0x00000000d8900000|100%| E|CS|TAMS 0x00000000d8800000, 0x00000000d8800000| Complete 
| 119|0x00000000d8900000, 0x00000000d8a00000, 0x00000000d8a00000|100%| E|CS|TAMS 0x00000000d8900000, 0x00000000d8900000| Complete 
| 120|0x00000000d8a00000, 0x00000000d8b00000, 0x00000000d8b00000|100%| E|CS|TAMS 0x00000000d8a00000, 0x00000000d8a00000| Complete 
| 121|0x00000000d8b00000, 0x00000000d8c00000, 0x00000000d8c00000|100%| E|CS|TAMS 0x00000000d8b00000, 0x00000000d8b00000| Complete 
| 122|0x00000000d8c00000, 0x00000000d8d00000, 0x00000000d8d00000|100%| E|CS|TAMS 0x00000000d8c00000, 0x00000000d8c00000| Complete 
| 123|0x00000000d8d00000, 0x00000000d8e00000, 0x00000000d8e00000|100%| E|CS|TAMS 0x00000000d8d00000, 0x00000000d8d00000| Complete 
| 124|0x00000000d8e00000, 0x00000000d8f00000, 0x00000000d8f00000|100%| E|CS|TAMS 0x00000000d8e00000, 0x00000000d8e00000| Complete 
| 125|0x00000000d8f00000, 0x00000000d9000000, 0x00000000d9000000|100%| E|CS|TAMS 0x00000000d8f00000, 0x00000000d8f00000| Complete 
| 126|0x00000000d9000000, 0x00000000d9100000, 0x00000000d9100000|100%| E|CS|TAMS 0x00000000d9000000, 0x00000000d9000000| Complete 
| 127|0x00000000d9100000, 0x00000000d9200000, 0x00000000d9200000|100%| E|CS|TAMS 0x00000000d9100000, 0x00000000d9100000| Complete 

Card table byte_map: [0x0000026bc3000000,0x0000026bc3180000] _byte_map_base: 0x0000026bc2977000

Marking Bits (Prev, Next): (CMBitMap*) 0x0000026bb08c3780, (CMBitMap*) 0x0000026bb08c3740
 Prev Bits: [0x0000026bc3ec0000, 0x0000026bc4a78000)
 Next Bits: [0x0000026bc3300000, 0x0000026bc3eb8000)

Polling page: 0x0000026bae7a0000

Metaspace:

Usage:
  Non-class:     21.91 MB used.
      Class:      2.50 MB used.
       Both:     24.42 MB used.

Virtual space:
  Non-class space:       24.00 MB reserved,      22.06 MB ( 92%) committed,  3 nodes.
      Class space:        1.00 GB reserved,       2.62 MB ( <1%) committed,  1 nodes.
             Both:        1.02 GB reserved,      24.69 MB (  2%) committed. 

Chunk freelists:
   Non-Class:  1.53 MB
       Class:  1.32 MB
        Both:  2.85 MB

MaxMetaspaceSize: unlimited
CompressedClassSpaceSize: 1.00 GB
Initial GC threshold: 21.00 MB
Current GC threshold: 35.12 MB
CDS: off
MetaspaceReclaimPolicy: balanced
 - commit_granule_bytes: 65536.
 - commit_granule_words: 8192.
 - virtual_space_node_default_size: 1048576.
 - enlarge_chunks_in_place: 1.
 - new_chunks_are_fully_committed: 0.
 - uncommit_free_chunks: 1.
 - use_allocation_guard: 0.
 - handle_deallocations: 1.


Internal statistics:

num_allocs_failed_limit: 3.
num_arena_births: 352.
num_arena_deaths: 0.
num_vsnodes_births: 4.
num_vsnodes_deaths: 0.
num_space_committed: 395.
num_space_uncommitted: 0.
num_chunks_returned_to_freelist: 3.
num_chunks_taken_from_freelist: 766.
num_chunk_merges: 0.
num_chunk_splits: 449.
num_chunks_enlarged: 221.
num_purges: 0.
num_inconsistent_stats: 0.

CodeHeap 'non-profiled nmethods': size=120000Kb used=991Kb max_used=991Kb free=119008Kb
 bounds [0x0000026bbbad0000, 0x0000026bbbd40000, 0x0000026bc3000000]
CodeHeap 'profiled nmethods': size=120000Kb used=6206Kb max_used=6206Kb free=113793Kb
 bounds [0x0000026bb45a0000, 0x0000026bb4bb0000, 0x0000026bbbad0000]
CodeHeap 'non-nmethods': size=5760Kb used=1274Kb max_used=1321Kb free=4485Kb
 bounds [0x0000026bb4000000, 0x0000026bb4270000, 0x0000026bb45a0000]
 total_blobs=3432 nmethods=2840 adapters=505
 compilation: enabled
              stopped_count=0, restarted_count=0
 full_count=0

Compilation events (20 events):
Event: 27.094 Thread 0x0000026bc705a020 2828       3       java.text.Format::<init> (5 bytes)
Event: 27.095 Thread 0x0000026bc705a020 nmethod 2828 0x0000026bb4b8ab10 code [0x0000026bb4b8aca0, 0x0000026bb4b8adf8]
Event: 27.095 Thread 0x0000026bc705a020 2829       3       java.lang.StringBuffer::<init> (7 bytes)
Event: 27.096 Thread 0x0000026bc705a020 nmethod 2829 0x0000026bb4b8ae90 code [0x0000026bb4b8b020, 0x0000026bb4b8b168]
Event: 27.096 Thread 0x0000026bc705a020 2830       3       java.text.FieldPosition::<init> (25 bytes)
Event: 27.096 Thread 0x0000026bc705a020 nmethod 2830 0x0000026bb4b8b210 code [0x0000026bb4b8b3a0, 0x0000026bb4b8b518]
Event: 27.096 Thread 0x0000026bc705a020 2831       3       java.text.MessageFormat::format (12 bytes)
Event: 27.097 Thread 0x0000026bc705a020 nmethod 2831 0x0000026bb4b8b610 code [0x0000026bb4b8b7c0, 0x0000026bb4b8b9e8]
Event: 27.110 Thread 0x0000026bc705a020 2832       3       java.lang.Class::getDeclaredMethod (63 bytes)
Event: 27.114 Thread 0x0000026bc705a020 nmethod 2832 0x0000026bb4b8ba90 code [0x0000026bb4b8bd60, 0x0000026bb4b8c998]
Event: 27.155 Thread 0x0000026bc705a020 2833       1       java.util.Calendar::getFirstDayOfWeek (5 bytes)
Event: 27.155 Thread 0x0000026bc705a020 nmethod 2833 0x0000026bbbbc6a90 code [0x0000026bbbbc6c20, 0x0000026bbbbc6cf8]
Event: 27.155 Thread 0x0000026bc705a020 2834       1       java.util.Calendar::getMinimalDaysInFirstWeek (5 bytes)
Event: 27.156 Thread 0x0000026bc705a020 nmethod 2834 0x0000026bbbbc6d90 code [0x0000026bbbbc6f20, 0x0000026bbbbc6ff8]
Event: 27.170 Thread 0x0000026bc705a020 2835       3       com.intellij.database.remote.jdba.jdbc.JdbcValueGetters$SpecificKey::<init> (23 bytes)
Event: 27.172 Thread 0x0000026bc705a020 nmethod 2835 0x0000026bb4b8ce90 code [0x0000026bb4b8d040, 0x0000026bb4b8d288]
Event: 27.172 Thread 0x0000026bc705a020 2836       3       com.intellij.database.remote.jdba.jdbc.JdbcValueGetters$SpecificKey::hashCode (19 bytes)
Event: 27.172 Thread 0x0000026bc705a020 nmethod 2836 0x0000026bb4b8d390 code [0x0000026bb4b8d540, 0x0000026bb4b8d7c8]
Event: 27.187 Thread 0x0000026bc705a020 2837   !   3       java.util.Collections$SynchronizedMap::containsKey (25 bytes)
Event: 27.188 Thread 0x0000026bc705a020 nmethod 2837 0x0000026bb4b8d910 code [0x0000026bb4b8dac0, 0x0000026bb4b8dd68]

GC Heap History (6 events):
Event: 9.067 GC heap before
{Heap before GC invocations=0 (full 0):
 garbage-first heap   total 131072K, used 15360K [0x00000000d1200000, 0x0000000100000000)
  region size 1024K, 13 young (13312K), 0 survivors (0K)
 Metaspace       used 15005K, committed 15296K, reserved 1064960K
  class space    used 1511K, committed 1664K, reserved 1048576K
}
Event: 9.112 GC heap after
{Heap after GC invocations=1 (full 0):
 garbage-first heap   total 131072K, used 6595K [0x00000000d1200000, 0x0000000100000000)
  region size 1024K, 2 young (2048K), 2 survivors (2048K)
 Metaspace       used 15005K, committed 15296K, reserved 1064960K
  class space    used 1511K, committed 1664K, reserved 1048576K
}
Event: 16.813 GC heap before
{Heap before GC invocations=1 (full 0):
 garbage-first heap   total 131072K, used 14787K [0x00000000d1200000, 0x0000000100000000)
  region size 1024K, 12 young (12288K), 2 survivors (2048K)
 Metaspace       used 21323K, committed 21504K, reserved 1073152K
  class space    used 2257K, committed 2368K, reserved 1048576K
}
Event: 16.830 GC heap after
{Heap after GC invocations=2 (full 0):
 garbage-first heap   total 131072K, used 8841K [0x00000000d1200000, 0x0000000100000000)
  region size 1024K, 2 young (2048K), 2 survivors (2048K)
 Metaspace       used 21323K, committed 21504K, reserved 1073152K
  class space    used 2257K, committed 2368K, reserved 1048576K
}
Event: 22.940 GC heap before
{Heap before GC invocations=3 (full 0):
 garbage-first heap   total 131072K, used 28297K [0x00000000d1200000, 0x0000000100000000)
  region size 1024K, 21 young (21504K), 2 survivors (2048K)
 Metaspace       used 24638K, committed 24896K, reserved 1073152K
  class space    used 2554K, committed 2688K, reserved 1048576K
}
Event: 22.959 GC heap after
{Heap after GC invocations=4 (full 0):
 garbage-first heap   total 131072K, used 10149K [0x00000000d1200000, 0x0000000100000000)
  region size 1024K, 2 young (2048K), 2 survivors (2048K)
 Metaspace       used 24638K, committed 24896K, reserved 1073152K
  class space    used 2554K, committed 2688K, reserved 1048576K
}

Dll operation events (1 events):
Event: 0.075 Loaded shared library C:\Program Files\JetBrains\IntelliJ IDEA 2022.3.1\jbr\bin\java.dll

Deoptimization events (20 events):
Event: 23.506 Thread 0x0000026bc8286340 Uncommon trap: trap_request=0xffffff45 fr.pc=0x0000026bbbb806d4 relative=0x0000000000000394
Event: 23.506 Thread 0x0000026bc8286340 Uncommon trap: reason=unstable_if action=reinterpret pc=0x0000026bbbb806d4 method=java.io.BufferedOutputStream.write([BII)V @ 35 c2
Event: 23.506 Thread 0x0000026bc8286340 DEOPT PACKING pc=0x0000026bbbb806d4 sp=0x0000007cb82fe440
Event: 23.506 Thread 0x0000026bc8286340 DEOPT UNPACKING pc=0x0000026bb405239d sp=0x0000007cb82fe388 mode 2
Event: 23.674 Thread 0x0000026bc82854d0 DEOPT PACKING pc=0x0000026bb4912ad6 sp=0x0000007cb89fdf90
Event: 23.674 Thread 0x0000026bc82854d0 DEOPT UNPACKING pc=0x0000026bb4052b24 sp=0x0000007cb89fd418 mode 0
Event: 23.786 Thread 0x0000026bc82854d0 DEOPT PACKING pc=0x0000026bb483b416 sp=0x0000007cb89fdf20
Event: 23.787 Thread 0x0000026bc82854d0 DEOPT UNPACKING pc=0x0000026bb4052b24 sp=0x0000007cb89fd378 mode 0
Event: 23.953 Thread 0x0000026bc82854d0 DEOPT PACKING pc=0x0000026bb483b416 sp=0x0000007cb89fded0
Event: 23.953 Thread 0x0000026bc82854d0 DEOPT UNPACKING pc=0x0000026bb4052b24 sp=0x0000007cb89fd328 mode 0
Event: 24.040 Thread 0x0000026bc82854d0 DEOPT PACKING pc=0x0000026bb4912ad6 sp=0x0000007cb89fe000
Event: 24.040 Thread 0x0000026bc82854d0 DEOPT UNPACKING pc=0x0000026bb4052b24 sp=0x0000007cb89fd488 mode 0
Event: 24.164 Thread 0x0000026bc82854d0 DEOPT PACKING pc=0x0000026bb496bfba sp=0x0000007cb89fd380
Event: 24.164 Thread 0x0000026bc82854d0 DEOPT UNPACKING pc=0x0000026bb4052b24 sp=0x0000007cb89fc840 mode 0
Event: 24.177 Thread 0x0000026bc82854d0 DEOPT PACKING pc=0x0000026bb4912ad6 sp=0x0000007cb89fe000
Event: 24.177 Thread 0x0000026bc82854d0 DEOPT UNPACKING pc=0x0000026bb4052b24 sp=0x0000007cb89fd488 mode 0
Event: 26.632 Thread 0x0000026bc82854d0 Uncommon trap: trap_request=0xffffff45 fr.pc=0x0000026bbbb71f24 relative=0x0000000000000964
Event: 26.632 Thread 0x0000026bc82854d0 Uncommon trap: reason=unstable_if action=reinterpret pc=0x0000026bbbb71f24 method=java.io.ObjectInputStream$BlockDataInputStream.readUTFSpan(Ljava/lang/StringBuilder;J)J @ 35 c2
Event: 26.632 Thread 0x0000026bc82854d0 DEOPT PACKING pc=0x0000026bbbb71f24 sp=0x0000007cb89fe450
Event: 26.632 Thread 0x0000026bc82854d0 DEOPT UNPACKING pc=0x0000026bb405239d sp=0x0000007cb89fe3f0 mode 2

Classes unloaded (0 events):
No events

Classes redefined (0 events):
No events

Internal exceptions (20 events):
Event: 13.631 Thread 0x0000026bc8286340 Exception <a 'java/lang/NoSuchMethodError'{0x00000000d8b56f98}: 'int java.lang.invoke.DirectMethodHandle$Holder.invokeStaticInit(java.lang.Object, java.lang.Object, java.lang.Object, java.lang.Object)'> (0x00000000d8b56f98) 
thrown [s\src\hotspot\share\interpreter\linkResolver.cpp, line 771]
Event: 13.662 Thread 0x0000026bc8286340 Exception <a 'java/lang/IncompatibleClassChangeError'{0x00000000d8b64d40}: Found class java.lang.Object, but interface was expected> (0x00000000d8b64d40) 
thrown [s\src\hotspot\share\interpreter\linkResolver.cpp, line 838]
Event: 13.665 Thread 0x0000026bc8286340 Exception <a 'java/lang/NoSuchMethodError'{0x00000000d8b6a5e0}: 'int java.lang.invoke.DirectMethodHandle$Holder.invokeStaticInit(java.lang.Object, java.lang.Object)'> (0x00000000d8b6a5e0) 
thrown [s\src\hotspot\share\interpreter\linkResolver.cpp, line 771]
Event: 17.685 Thread 0x0000026bc8286340 Implicit null exception at 0x0000026bbbb0afd5 to 0x0000026bbbb0b578
Event: 17.696 Thread 0x0000026bc8286340 Exception <a 'java/lang/NoSuchMethodError'{0x00000000d90e46c8}: 'java.lang.Object java.lang.invoke.DirectMethodHandle$Holder.newInvokeSpecial(java.lang.Object, java.lang.Object, int)'> (0x00000000d90e46c8) 
thrown [s\src\hotspot\share\interpreter\linkResolver.cpp, line 771]
Event: 18.416 Thread 0x0000026bc8286340 Implicit null exception at 0x0000026bbbb0a452 to 0x0000026bbbb0a9ec
Event: 19.154 Thread 0x0000026bc8286340 Exception <a 'java/lang/NoSuchMethodError'{0x00000000d8a3c180}: static Lcom/intellij/database/remote/jdba/core/ConnectionInfo;.<clinit>()V> (0x00000000d8a3c180) 
thrown [s\src\hotspot\share\prims\jni.cpp, line 1108]
Event: 19.160 Thread 0x0000026bc8286340 Exception <a 'java/lang/NoSuchMethodError'{0x00000000d8a46568}: static Ljava/lang/Object;.<clinit>()V> (0x00000000d8a46568) 
thrown [s\src\hotspot\share\prims\jni.cpp, line 1108]
Event: 19.161 Thread 0x0000026bc8286340 Exception <a 'java/lang/NoSuchMethodError'{0x00000000d8a4a300}: static [I.<clinit>()V> (0x00000000d8a4a300) 
thrown [s\src\hotspot\share\prims\jni.cpp, line 1108]
Event: 19.391 Thread 0x0000026bc8286340 Exception <a 'java/lang/NoSuchMethodError'{0x00000000d8967738}: static Lcom/intellij/database/remote/jdba/core/ResultLayout;.<clinit>()V> (0x00000000d8967738) 
thrown [s\src\hotspot\share\prims\jni.cpp, line 1108]
Event: 19.397 Thread 0x0000026bc8286340 Exception <a 'java/lang/NoSuchMethodError'{0x00000000d8973e08}: static Lcom/intellij/database/remote/jdba/core/RowLayout;.<clinit>()V> (0x00000000d8973e08) 
thrown [s\src\hotspot\share\prims\jni.cpp, line 1108]
Event: 19.402 Thread 0x0000026bc8286340 Exception <a 'java/lang/NoSuchMethodError'{0x00000000d897ebd0}: static Lcom/intellij/database/remote/jdba/util/NameAndClass;.<clinit>()V> (0x00000000d897ebd0) 
thrown [s\src\hotspot\share\prims\jni.cpp, line 1108]
Event: 19.680 Thread 0x0000026bc8286340 Exception <a 'java/lang/NoSuchMethodError'{0x00000000d8846518}: static [Ljava/lang/String;.<clinit>()V> (0x00000000d8846518) 
thrown [s\src\hotspot\share\prims\jni.cpp, line 1108]
Event: 20.418 Thread 0x0000026bc8286340 Exception <a 'java/lang/NoSuchMethodError'{0x00000000d8530b00}: static [Ljava/lang/Object;.<clinit>()V> (0x00000000d8530b00) 
thrown [s\src\hotspot\share\prims\jni.cpp, line 1108]
Event: 21.361 Thread 0x0000026bc8286340 Exception <a 'java/lang/reflect/InvocationTargetException'{0x00000000d822a858}> (0x00000000d822a858) 
thrown [s\src\hotspot\share\runtime\reflection.cpp, line 1127]
Event: 21.377 Thread 0x0000026bc8286340 Exception <a 'java/lang/NoSuchMethodError'{0x00000000d8254eb8}: static Lcom/intellij/database/remote/jdba/exceptions/UnknownDBException;.<clinit>()V> (0x00000000d8254eb8) 
thrown [s\src\hotspot\share\prims\jni.cpp, line 1108]
Event: 21.378 Thread 0x0000026bc8286340 Exception <a 'java/lang/NoSuchMethodError'{0x00000000d8256328}: static Lcom/intellij/database/remote/jdba/exceptions/DBException;.<clinit>()V> (0x00000000d8256328) 
thrown [s\src\hotspot\share\prims\jni.cpp, line 1108]
Event: 21.386 Thread 0x0000026bc8286340 Exception <a 'java/lang/NoSuchMethodError'{0x00000000d8263828}: static [Ljava/lang/StackTraceElement;.<clinit>()V> (0x00000000d8263828) 
thrown [s\src\hotspot\share\prims\jni.cpp, line 1108]
Event: 21.453 Thread 0x0000026bc8286340 Exception <a 'java/lang/NoSuchMethodError'{0x00000000d82d44f8}: 'java.lang.Object java.lang.invoke.DirectMethodHandle$Holder.invokeSpecial(java.lang.Object, java.lang.Object, java.lang.Object, java.lang.Object, int)'> (0x00000000d82d44f8) 
thrown [s\src\hotspot\share\interpreter\linkResolver.cpp, line 771]
Event: 21.454 Thread 0x0000026bc8286340 Exception <a 'java/lang/NoSuchMethodError'{0x00000000d82d80c0}: 'java.lang.Object java.lang.invoke.Invokers$Holder.linkToTargetMethod(java.lang.Object, java.lang.Object, int, java.lang.Object)'> (0x00000000d82d80c0) 
thrown [s\src\hotspot\share\interpreter\linkResolver.cpp, line 771]

VM Operations (20 events):
Event: 18.884 Executing VM operation: Cleanup
Event: 18.884 Executing VM operation: Cleanup done
Event: 19.885 Executing VM operation: Cleanup
Event: 19.885 Executing VM operation: Cleanup done
Event: 21.360 Executing VM operation: HandshakeAllThreads
Event: 21.360 Executing VM operation: HandshakeAllThreads done
Event: 21.360 Executing VM operation: Cleanup
Event: 21.360 Executing VM operation: Cleanup done
Event: 21.361 Executing VM operation: HandshakeAllThreads
Event: 21.361 Executing VM operation: HandshakeAllThreads done
Event: 21.394 Executing VM operation: HandshakeAllThreads
Event: 21.395 Executing VM operation: HandshakeAllThreads done
Event: 22.395 Executing VM operation: Cleanup
Event: 22.395 Executing VM operation: Cleanup done
Event: 22.940 Executing VM operation: G1CollectForAllocation
Event: 22.959 Executing VM operation: G1CollectForAllocation done
Event: 24.960 Executing VM operation: Cleanup
Event: 24.960 Executing VM operation: Cleanup done
Event: 25.961 Executing VM operation: Cleanup
Event: 25.961 Executing VM operation: Cleanup done

Events (20 events):
Event: 24.866 Thread 0x0000026bc8673060 Thread exited: 0x0000026bc8673060
Event: 24.869 Thread 0x0000026bc86726c0 Thread exited: 0x0000026bc86726c0
Event: 24.885 Thread 0x0000026bc8673a00 Thread exited: 0x0000026bc8673a00
Event: 24.887 Thread 0x0000026bca53f0f0 Thread exited: 0x0000026bca53f0f0
Event: 24.889 Thread 0x0000026bca53d8e0 Thread exited: 0x0000026bca53d8e0
Event: 24.890 Thread 0x0000026bca53c5a0 Thread exited: 0x0000026bca53c5a0
Event: 24.892 Thread 0x0000026bca53fa90 Thread exited: 0x0000026bca53fa90
Event: 24.893 Thread 0x0000026bca53b260 Thread exited: 0x0000026bca53b260
Event: 24.897 Thread 0x0000026bc86756e0 Thread exited: 0x0000026bc86756e0
Event: 24.899 Thread 0x0000026bc8675bb0 Thread exited: 0x0000026bc8675bb0
Event: 24.900 Thread 0x0000026bc8671850 Thread exited: 0x0000026bc8671850
Event: 24.901 Thread 0x0000026bca53ff60 Thread exited: 0x0000026bca53ff60
Event: 24.903 Thread 0x0000026bca5390b0 Thread exited: 0x0000026bca5390b0
Event: 24.906 Thread 0x0000026bca53cf40 Thread exited: 0x0000026bca53cf40
Event: 24.906 Thread 0x0000026bc8673530 Thread exited: 0x0000026bc8673530
Event: 24.908 Thread 0x0000026bc8670040 Thread exited: 0x0000026bc8670040
Event: 24.909 Thread 0x0000026bca53e280 Thread exited: 0x0000026bca53e280
Event: 24.909 Thread 0x0000026bca53c0d0 Thread exited: 0x0000026bca53c0d0
Event: 26.941 loading class java/security/AccessControlException
Event: 26.942 loading class java/security/AccessControlException done


Dynamic libraries:
0x00007ff773520000 - 0x00007ff77352a000 	C:\Program Files\JetBrains\IntelliJ IDEA 2022.3.1\jbr\bin\java.exe
0x00007fffeadf0000 - 0x00007fffeafe8000 	C:\WINDOWS\SYSTEM32\ntdll.dll
0x00007fffe9fc0000 - 0x00007fffea07f000 	C:\WINDOWS\System32\KERNEL32.DLL
0x00007fffe8800000 - 0x00007fffe8ad2000 	C:\WINDOWS\System32\KERNELBASE.dll
0x00007fffe8ca0000 - 0x00007fffe8da0000 	C:\WINDOWS\System32\ucrtbase.dll
0x00007fffc3550000 - 0x00007fffc3567000 	C:\Program Files\JetBrains\IntelliJ IDEA 2022.3.1\jbr\bin\jli.dll
0x00007fffd6d30000 - 0x00007fffd6d4b000 	C:\Program Files\JetBrains\IntelliJ IDEA 2022.3.1\jbr\bin\VCRUNTIME140.dll
0x00007fffea930000 - 0x00007fffeaad1000 	C:\WINDOWS\System32\USER32.dll
0x00007fffe8690000 - 0x00007fffe86b2000 	C:\WINDOWS\System32\win32u.dll
0x00007fffe7820000 - 0x00007fffe7aba000 	C:\WINDOWS\WinSxS\amd64_microsoft.windows.common-controls_6595b64144ccf1df_6.0.19041.1110_none_60b5254171f9507e\COMCTL32.dll
0x00007fffeab50000 - 0x00007fffeab7b000 	C:\WINDOWS\System32\GDI32.dll
0x00007fffead10000 - 0x00007fffeadae000 	C:\WINDOWS\System32\msvcrt.dll
0x00007fffe8b90000 - 0x00007fffe8c9f000 	C:\WINDOWS\System32\gdi32full.dll
0x00007fffe86c0000 - 0x00007fffe875d000 	C:\WINDOWS\System32\msvcp_win.dll
0x00007fffeabb0000 - 0x00007fffeabe2000 	C:\WINDOWS\System32\IMM32.DLL
0x00007fffe1860000 - 0x00007fffe186c000 	C:\Program Files\JetBrains\IntelliJ IDEA 2022.3.1\jbr\bin\vcruntime140_1.dll
0x00007fffb8280000 - 0x00007fffb830d000 	C:\Program Files\JetBrains\IntelliJ IDEA 2022.3.1\jbr\bin\msvcp140.dll
0x00007fff9c800000 - 0x00007fff9d46b000 	C:\Program Files\JetBrains\IntelliJ IDEA 2022.3.1\jbr\bin\server\jvm.dll
0x00007fffe9730000 - 0x00007fffe97de000 	C:\WINDOWS\System32\ADVAPI32.dll
0x00007fffe9690000 - 0x00007fffe972c000 	C:\WINDOWS\System32\sechost.dll
0x00007fffea080000 - 0x00007fffea1a5000 	C:\WINDOWS\System32\RPCRT4.dll
0x00007fffe6540000 - 0x00007fffe6549000 	C:\WINDOWS\SYSTEM32\WSOCK32.dll
0x00007fffce540000 - 0x00007fffce567000 	C:\WINDOWS\SYSTEM32\WINMM.dll
0x00007fffea700000 - 0x00007fffea76b000 	C:\WINDOWS\System32\WS2_32.dll
0x00007fffe5740000 - 0x00007fffe574a000 	C:\WINDOWS\SYSTEM32\VERSION.dll
0x00007fffe5540000 - 0x00007fffe5552000 	C:\WINDOWS\SYSTEM32\kernel.appcore.dll
0x00007fffe0e30000 - 0x00007fffe0e3a000 	C:\Program Files\JetBrains\IntelliJ IDEA 2022.3.1\jbr\bin\jimage.dll
0x00007fffe7f60000 - 0x00007fffe8144000 	C:\WINDOWS\SYSTEM32\DBGHELP.DLL
0x00007fffe7e30000 - 0x00007fffe7e65000 	C:\WINDOWS\SYSTEM32\dbgcore.DLL
0x00007fffe8da0000 - 0x00007fffe8e22000 	C:\WINDOWS\System32\bcryptPrimitives.dll
0x00007fffd3f90000 - 0x00007fffd3fb5000 	C:\Program Files\JetBrains\IntelliJ IDEA 2022.3.1\jbr\bin\java.dll
0x00007fffdaf40000 - 0x00007fffdaf58000 	C:\Program Files\JetBrains\IntelliJ IDEA 2022.3.1\jbr\bin\zip.dll
0x00007fffe8e30000 - 0x00007fffe9574000 	C:\WINDOWS\System32\SHELL32.dll
0x00007fffe5760000 - 0x00007fffe5ef2000 	C:\WINDOWS\SYSTEM32\windows.storage.dll
0x00007fffe9c60000 - 0x00007fffe9fb5000 	C:\WINDOWS\System32\combase.dll
0x00007fffe7780000 - 0x00007fffe77b0000 	C:\WINDOWS\SYSTEM32\Wldp.dll
0x00007fffe98f0000 - 0x00007fffe999d000 	C:\WINDOWS\System32\SHCORE.dll
0x00007fffe9a00000 - 0x00007fffe9a55000 	C:\WINDOWS\System32\shlwapi.dll
0x00007fffe8420000 - 0x00007fffe843f000 	C:\WINDOWS\SYSTEM32\profapi.dll
0x00007fffd3f70000 - 0x00007fffd3f89000 	C:\Program Files\JetBrains\IntelliJ IDEA 2022.3.1\jbr\bin\net.dll
0x00007fffdd500000 - 0x00007fffdd60c000 	C:\WINDOWS\SYSTEM32\WINHTTP.dll
0x00007fffe7710000 - 0x00007fffe777a000 	C:\WINDOWS\system32\mswsock.dll
0x00007fffd3bc0000 - 0x00007fffd3bd6000 	C:\Program Files\JetBrains\IntelliJ IDEA 2022.3.1\jbr\bin\nio.dll
0x00007fffc9b70000 - 0x00007fffc9d03000 	C:\Program Files\JetBrains\IntelliJ IDEA 2022.3.1\jbr\bin\awt.dll
0x00007fffe9a60000 - 0x00007fffe9b2d000 	C:\WINDOWS\System32\OLEAUT32.dll
0x00007fffe5230000 - 0x00007fffe525f000 	C:\WINDOWS\SYSTEM32\dwmapi.dll
0x00007fffe4f60000 - 0x00007fffe4ff1000 	C:\WINDOWS\SYSTEM32\apphelp.dll
0x00007fffe5100000 - 0x00007fffe519e000 	C:\WINDOWS\system32\uxtheme.dll
0x00007fffeabf0000 - 0x00007fffead05000 	C:\WINDOWS\System32\MSCTF.dll
0x00007fffe9b30000 - 0x00007fffe9c5a000 	C:\WINDOWS\System32\ole32.dll
0x00007fffe7130000 - 0x00007fffe716b000 	C:\WINDOWS\SYSTEM32\IPHLPAPI.DLL
0x00007fffea920000 - 0x00007fffea928000 	C:\WINDOWS\System32\NSI.dll
0x00007fffddd00000 - 0x00007fffddd17000 	C:\WINDOWS\SYSTEM32\dhcpcsvc6.DLL
0x00007fffdddd0000 - 0x00007fffddded000 	C:\WINDOWS\SYSTEM32\dhcpcsvc.DLL
0x00007fffe72a0000 - 0x00007fffe736a000 	C:\WINDOWS\SYSTEM32\DNSAPI.dll
0x00007fffe8270000 - 0x00007fffe8288000 	C:\WINDOWS\SYSTEM32\CRYPTSP.dll
0x00007fffe6e50000 - 0x00007fffe6e84000 	C:\WINDOWS\system32\rsaenh.dll
0x00007fffe8760000 - 0x00007fffe8787000 	C:\WINDOWS\System32\bcrypt.dll
0x00007fffe83a0000 - 0x00007fffe83ce000 	C:\WINDOWS\SYSTEM32\USERENV.dll
0x00007fffe75c0000 - 0x00007fffe75cc000 	C:\WINDOWS\SYSTEM32\CRYPTBASE.dll
0x00007fffe0de0000 - 0x00007fffe0de7000 	C:\Program Files\JetBrains\IntelliJ IDEA 2022.3.1\jbr\bin\rmi.dll
0x00007fffde0d0000 - 0x00007fffde0da000 	C:\Windows\System32\rasadhlp.dll
0x00007fffdb360000 - 0x00007fffdb3e0000 	C:\WINDOWS\System32\fwpuclnt.dll
0x00007fffc9b20000 - 0x00007fffc9b2e000 	C:\Program Files\JetBrains\IntelliJ IDEA 2022.3.1\jbr\bin\sunmscapi.dll
0x00007fffe84e0000 - 0x00007fffe8636000 	C:\WINDOWS\System32\CRYPT32.dll
0x00007fffe77f0000 - 0x00007fffe7817000 	C:\WINDOWS\SYSTEM32\ncrypt.dll
0x00007fffe77b0000 - 0x00007fffe77eb000 	C:\WINDOWS\SYSTEM32\NTASN1.dll

dbghelp: loaded successfully - version: 4.0.5 - missing functions: none
symbol engine: initialized successfully - sym options: 0x614 - pdb path: .;C:\Program Files\JetBrains\IntelliJ IDEA 2022.3.1\jbr\bin;C:\WINDOWS\SYSTEM32;C:\WINDOWS\WinSxS\amd64_microsoft.windows.common-controls_6595b64144ccf1df_6.0.19041.1110_none_60b5254171f9507e;C:\Program Files\JetBrains\IntelliJ IDEA 2022.3.1\jbr\bin\server

VM Arguments:
jvm_args: -Dawt.toolkit=com.intellij.desktop.DesktopActionsToolkit -Djava.rmi.server.hostname=127.0.0.1 -Duser.timezone=UTC -Xmx750m -Xms128m --add-exports=java.desktop/sun.awt=ALL-UNNAMED --add-exports=java.desktop/java.awt.peer=ALL-UNNAMED --add-opens=java.desktop/java.awt=ALL-UNNAMED --add-opens=jdk.unsupported/sun.misc=ALL-UNNAMED --add-opens=java.base/java.nio=ALL-UNNAMED --add-opens=java.base/java.util=ALL-UNNAMED -Dfile.encoding=UTF-8 
java_command: com.intellij.database.remote.RemoteJdbcServer com.mysql.cj.jdbc.Driver
java_class_path (initial): C:\Program Files\JetBrains\IntelliJ IDEA 2022.3.1\lib\util_rt.jar;C:\Program Files\JetBrains\IntelliJ IDEA 2022.3.1\lib\3rd-party-rt.jar;C:\Program Files\JetBrains\IntelliJ IDEA 2022.3.1\lib\groovy.jar;C:\Program Files\JetBrains\IntelliJ IDEA 2022.3.1\plugins\DatabaseTools\lib\jdbc-console.jar;C:\Program Files\JetBrains\IntelliJ IDEA 2022.3.1\plugins\grid-core-impl\lib\jdbc-console-types.jar;C:\Users\User\AppData\Roaming\JetBrains\IntelliJIdea2022.3\jdbc-drivers\MySQL ConnectorJ\8.0.25\mysql-connector-java-8.0.25.jar
Launcher Type: SUN_STANDARD

[Global flags]
     intx CICompilerCount                          = 3                                         {product} {ergonomic}
     uint ConcGCThreads                            = 1                                         {product} {ergonomic}
     uint G1ConcRefinementThreads                  = 4                                         {product} {ergonomic}
   size_t G1HeapRegionSize                         = 1048576                                   {product} {ergonomic}
    uintx GCDrainStackTargetSize                   = 64                                        {product} {ergonomic}
   size_t InitialHeapSize                          = 134217728                                 {product} {command line}
   size_t MarkStackSize                            = 4194304                                   {product} {ergonomic}
   size_t MaxHeapSize                              = 786432000                                 {product} {command line}
   size_t MaxNewSize                               = 471859200                                 {product} {ergonomic}
   size_t MinHeapDeltaBytes                        = 1048576                                   {product} {ergonomic}
   size_t MinHeapSize                              = 134217728                                 {product} {command line}
    uintx NonNMethodCodeHeapSize                   = 5832780                                {pd product} {ergonomic}
    uintx NonProfiledCodeHeapSize                  = 122912730                              {pd product} {ergonomic}
    uintx ProfiledCodeHeapSize                     = 122912730                              {pd product} {ergonomic}
    uintx ReservedCodeCacheSize                    = 251658240                              {pd product} {ergonomic}
     bool SegmentedCodeCache                       = true                                      {product} {ergonomic}
   size_t SoftMaxHeapSize                          = 786432000                              {manageable} {ergonomic}
     bool UseCompressedClassPointers               = true                           {product lp64_product} {ergonomic}
     bool UseCompressedOops                        = true                           {product lp64_product} {ergonomic}
     bool UseG1GC                                  = true                                      {product} {ergonomic}
     bool UseLargePagesIndividualAllocation        = false                                  {pd product} {ergonomic}

Logging:
Log output configuration:
 #0: stdout all=warning uptime,level,tags
 #1: stderr all=off uptime,level,tags

Environment Variables:
JAVA_HOME=C:\Program Files\Java\jdk-11.0.14
PATH=C:\Program Files\Java\jdk-11.0.14\bin;C:\Program Files (x86)\Common Files\Oracle\Java\javapath;%JAVA_HOME%\bin;C:\ProgramData\Oracle\Java\javapath;C:\WINDOWS\system32;C:\WINDOWS;C:\WINDOWS\System32\Wbem;C:\WINDOWS\System32\WindowsPowerShell\v1.0\;C:\WINDOWS\System32\OpenSSH\;C:\Program Files\TortoiseGit\bin;C:\Program Files\Git\cmd;C:\Program Files\MySQL\MySQL Server 8.0\bin;C:\Program Files\MySQL\MySQL Shell 8.0\bin\;C:\Program Files\Java\jdk-11.0.14\bin;C:\Users\User\AppData\Local\Microsoft\WindowsApps;C:\Users\User\AppData\Local\Programs\Microsoft VS Code\bin;C:\Users\User\AppData\Local\GitHubDesktop\bin;C:\Users\User\gradle-7.6\bin;C:\Program Files\Git\bin;;C:\Program Files\JetBrains\IntelliJ IDEA 2022.3.1\bin;
USERNAME=User
OS=Windows_NT
PROCESSOR_IDENTIFIER=Intel64 Family 6 Model 37 Stepping 2, GenuineIntel
TMP=C:\Users\User\AppData\Local\Temp
TEMP=C:\Users\User\AppData\Local\Temp



---------------  S Y S T E M  ---------------

OS:
 Windows 10 , 64 bit Build 19041 (10.0.19041.2364)
OS uptime: 0 days 9:28 hours
Hyper-V role detected

CPU: total 4 (initial active 4) (2 cores per cpu, 2 threads per core) family 6 model 37 stepping 2 microcode 0x11, cx8, cmov, fxsr, ht, mmx, sse, sse2, sse3, ssse3, sse4.1, sse4.2, popcnt, tsc, tscinvbit, clflush, hv

Memory: 4k page, system-wide physical 3950M (269M free)
TotalPageFile size 8019M (AvailPageFile size 1576M)
current process WorkingSet (physical memory assigned to process): 136M, peak: 136M
current process commit charge ("private bytes"): 251M, peak: 251M

vm_info: OpenJDK 64-Bit Server VM (17.0.5+1-b653.23) for windows-amd64 JRE (17.0.5+1-b653.23), built on 2022-12-12 by "builduser" with MS VC++ 16.10 / 16.11 (VS2019)

END.
