#
# A fatal error has been detected by the Java Runtime Environment:
#
#  EXCEPTION_ACCESS_VIOLATION (0xc0000005) at pc=0x00007ffcdea47735, pid=2984, tid=1280
#
# JRE version: Java(TM) SE Runtime Environment 18.9 (11.0.14+8) (build 11.0.14+8-LTS-263)
# Java VM: Java HotSpot(TM) 64-Bit Server VM 18.9 (11.0.14+8-LTS-263, mixed mode, tiered, compressed oops, g1 gc, windows-amd64)
# Problematic frame:
# V  [jvm.dll+0x1e7735]
#
# No core dump will be written. Minidumps are not enabled by default on client versions of Windows
#
# If you would like to submit a bug report, please visit:
#   https://bugreport.java.com/bugreport/crash.jsp
#

---------------  S U M M A R Y ------------

Command Line: --add-opens=java.base/java.util=ALL-UNNAMED --add-opens=java.base/java.lang=ALL-UNNAMED --add-opens=java.base/java.lang.invoke=ALL-UNNAMED --add-opens=java.prefs/java.util.prefs=ALL-UNNAMED --add-opens=java.base/java.nio.charset=ALL-UNNAMED --add-opens=java.base/java.net=ALL-UNNAMED --add-opens=java.base/java.util.concurrent.atomic=ALL-UNNAMED -XX:MaxMetaspaceSize=256m -XX:+HeapDumpOnOutOfMemoryError -Xms256m -Xmx512m -Dfile.encoding=windows-1251 -Duser.country=US -Duser.language=en -Duser.variant org.gradle.launcher.daemon.bootstrap.GradleDaemon 7.6

Host: Intel(R) Core(TM) i3 CPU       M 350  @ 2.27GHz, 4 cores, 3G,  Windows 10 , 64 bit Build 19041 (10.0.19041.2364)
Time: Thu Feb 23 19:40:36 2023 FLE Standard Time elapsed time: 38.128489 seconds (0d 0h 0m 38s)

---------------  T H R E A D  ---------------

Current thread (0x00000208f1ef2800):  ConcurrentGCThread "G1 Conc#0" [stack: 0x000000f71fe00000,0x000000f71ff00000] [id=1280]

Stack: [0x000000f71fe00000,0x000000f71ff00000],  sp=0x000000f71feff600,  free space=1021k
Native frames: (J=compiled Java code, j=interpreted, Vv=VM code, C=native code)
V  [jvm.dll+0x1e7735]
V  [jvm.dll+0x2d6028]
V  [jvm.dll+0x2dcf24]
V  [jvm.dll+0x792f40]
V  [jvm.dll+0x721d44]
V  [jvm.dll+0x6285d6]
C  [ucrtbase.dll+0x21bb2]
C  [KERNEL32.DLL+0x17614]
C  [ntdll.dll+0x526a1]


siginfo: EXCEPTION_ACCESS_VIOLATION (0xc0000005), reading address 0x0000000000000160


Register to memory mapping:

RIP=0x00007ffcdea47735 jvm.dll
RAX=0x00000208f1ee0b80 points into unknown readable memory: 0x0000000000000000 | 00 00 00 00 00 00 00 00
RBX=0x00000000e9a4dfe8 is an oop: java.lang.String 
{0x00000000e9a4dfe8} - klass: 'java/lang/String'
RCX=0x0000000000000014 is an unknown value
RDX=0x0 is NULL
RSP=0x000000f71feff600 points into unknown readable memory: 0x0000000100005c58 | 58 5c 00 00 01 00 00 00
RBP=0x0 is NULL
RSI=0x00000000e9b4dfe8 is an oop: java.util.ArrayList 
{0x00000000e9b4dfe8} - klass: 'java/util/ArrayList'
RDI=0x000000000000000d is an unknown value
R8 =0x000000000000000d is an unknown value
R9 =0x0 is NULL
R10=0x0 is NULL
R11=0x0000000000000246 is an unknown value
R12=0x0 is NULL
R13=0x00007ffcdf240310 jvm.dll
R14=0x00000208f1eee3c8 points into unknown readable memory: 0x00000208f1ed4be8 | e8 4b ed f1 08 02 00 00
R15=0x00000208f1eee320 points into unknown readable memory: 0x00000208f1ef1000 | 00 10 ef f1 08 02 00 00


Registers:
RAX=0x00000208f1ee0b80, RBX=0x00000000e9a4dfe8, RCX=0x0000000000000014, RDX=0x0000000000000000
RSP=0x000000f71feff600, RBP=0x0000000000000000, RSI=0x00000000e9b4dfe8, RDI=0x000000000000000d
R8 =0x000000000000000d, R9 =0x0000000000000000, R10=0x0000000000000000, R11=0x0000000000000246
R12=0x0000000000000000, R13=0x00007ffcdf240310, R14=0x00000208f1eee3c8, R15=0x00000208f1eee320
RIP=0x00007ffcdea47735, EFLAGS=0x0000000000010246

Top of Stack: (sp=0x000000f71feff600)
0x000000f71feff600:   0000000100005c58 00000000e9af31d0
0x000000f71feff610:   00000000e9a4df70 0000000000000000
0x000000f71feff620:   000000f71fdff170 0000000000000000
0x000000f71feff630:   000000f71feff690 00007ffcdeb36028
0x000000f71feff640:   00000000e9a4dfe4 00000000e9b4dfe8
0x000000f71feff650:   00000208f1eee3c8 00000000e9af31d0
0x000000f71feff660:   0000000000020004 00007ffcdeb3cf24
0x000000f71feff670:   0000000100013b68 00000000e9a4dfc8
0x000000f71feff680:   00000000e9a4df70 0000000000000000
0x000000f71feff690:   00007ffcdf0c7888 0000000000000000
0x000000f71feff6a0:   00000208f1ed4720 00000208f1eee320
0x000000f71feff6b0:   0000000000000000 00007ffcdeff345b
0x000000f71feff6c0:   0000000000000000 00000000000075a3
0x000000f71feff6d0:   0000000000000000 00000208f1ef2800
0x000000f71feff6e0:   0000000000000000 00007ffcdeff2f40
0x000000f71feff6f0:   00000208f1ef2800 000000f71feff8a0 

Instructions: (pc=0x00007ffcdea47735)
0x00007ffcdea47715:   4d 8b d0 44 8b e2 49 8b e9 49 8b f8 8b 88 c0 02
0x00007ffcdea47725:   00 00 48 8b 80 b0 02 00 00 49 d3 ea 4e 8b 14 d0
0x00007ffcdea47735:   4d 3b 82 60 01 00 00 72 11 32 c0 48 8b 6c 24 58
0x00007ffcdea47745:   48 83 c4 20 41 5f 41 5c 5f c3 49 8b 87 90 00 00 


Stack slot to memory mapping:
stack at sp + 0 slots: 0x0000000100005c58 is a pointer to class: 
java.lang.ref.WeakReference {0x0000000100005c60}
stack at sp + 1 slots: 0x00000000e9af31d0 is an unallocated location in the heap
stack at sp + 2 slots: 0x00000000e9a4df70 is an oop: java.lang.reflect.Method 
{0x00000000e9a4df70} - klass: 'java/lang/reflect/Method'
stack at sp + 3 slots: 0x0 is NULL
stack at sp + 4 slots: 0x000000f71fdff170 points into unknown readable memory: 0x00007ffcdf0c7f18 | 18 7f 0c df fc 7f 00 00
stack at sp + 5 slots: 0x0 is NULL
stack at sp + 6 slots: 0x000000f71feff690 points into unknown readable memory: 0x00007ffcdf0c7888 | 88 78 0c df fc 7f 00 00
stack at sp + 7 slots: 0x00007ffcdeb36028 jvm.dll


---------------  P R O C E S S  ---------------

Threads class SMR info:
_java_thread_list=0x00000208fec8b630, length=35, elements={
0x00000208f1ec8000, 0x00000208fd494800, 0x00000208fd4c0000, 0x00000208fde73000,
0x00000208fd4db800, 0x00000208fd4e1800, 0x00000208fd4e5000, 0x00000208fd4ea800,
0x00000208fd4ef000, 0x00000208fdffe800, 0x00000208ff191800, 0x000002088f147000,
0x000002088f0b9800, 0x00000208feadf000, 0x00000208feb10000, 0x00000208fefe7000,
0x0000020890807000, 0x00000208feb2b800, 0x00000208fdf3b000, 0x00000208fdf2c800,
0x00000208fdf32800, 0x00000208fdf31800, 0x00000208fdf30000, 0x00000208fdf2f000,
0x00000208fdf30800, 0x00000208fdf33000, 0x00000208fdf2d800, 0x00000208fdf2e000,
0x00000208907b4800, 0x00000208907b5800, 0x00000208907af800, 0x00000208907b6800,
0x00000208907b4000, 0x00000208907b3000, 0x00000208907b0800
}

Java Threads: ( => current thread )
  0x00000208f1ec8000 JavaThread "main" [_thread_blocked, id=1316, stack(0x000000f71fb00000,0x000000f71fc00000)]
  0x00000208fd494800 JavaThread "Reference Handler" daemon [_thread_blocked, id=9948, stack(0x000000f720200000,0x000000f720300000)]
  0x00000208fd4c0000 JavaThread "Finalizer" daemon [_thread_blocked, id=8812, stack(0x000000f720300000,0x000000f720400000)]
  0x00000208fde73000 JavaThread "Signal Dispatcher" daemon [_thread_blocked, id=10224, stack(0x000000f720400000,0x000000f720500000)]
  0x00000208fd4db800 JavaThread "Attach Listener" daemon [_thread_blocked, id=9748, stack(0x000000f720500000,0x000000f720600000)]
  0x00000208fd4e1800 JavaThread "Service Thread" daemon [_thread_blocked, id=8436, stack(0x000000f720600000,0x000000f720700000)]
  0x00000208fd4e5000 JavaThread "C2 CompilerThread0" daemon [_thread_in_native, id=3464, stack(0x000000f720700000,0x000000f720800000)]
  0x00000208fd4ea800 JavaThread "C1 CompilerThread0" daemon [_thread_blocked, id=3728, stack(0x000000f720800000,0x000000f720900000)]
  0x00000208fd4ef000 JavaThread "Sweeper thread" daemon [_thread_blocked, id=6636, stack(0x000000f720900000,0x000000f720a00000)]
  0x00000208fdffe800 JavaThread "Common-Cleaner" daemon [_thread_blocked, id=10140, stack(0x000000f720a00000,0x000000f720b00000)]
  0x00000208ff191800 JavaThread "Daemon health stats" [_thread_blocked, id=9676, stack(0x000000f720f00000,0x000000f721000000)]
  0x000002088f147000 JavaThread "Incoming local TCP Connector on port 51987" [_thread_in_native, id=2760, stack(0x000000f721000000,0x000000f721100000)]
  0x000002088f0b9800 JavaThread "Daemon periodic checks" [_thread_blocked, id=4940, stack(0x000000f721100000,0x000000f721200000)]
  0x00000208feadf000 JavaThread "Daemon" [_thread_blocked, id=9664, stack(0x000000f721200000,0x000000f721300000)]
  0x00000208feb10000 JavaThread "Handler for socket connection from /127.0.0.1:51987 to /127.0.0.1:51988" [_thread_in_native, id=8120, stack(0x000000f721300000,0x000000f721400000)]
  0x00000208fefe7000 JavaThread "Cancel handler" [_thread_blocked, id=2556, stack(0x000000f721400000,0x000000f721500000)]
  0x0000020890807000 JavaThread "Daemon worker" [_thread_in_vm, id=7944, stack(0x000000f721500000,0x000000f721600000)]
  0x00000208feb2b800 JavaThread "Asynchronous log dispatcher for DefaultDaemonConnection: socket connection from /127.0.0.1:51987 to /127.0.0.1:51988" [_thread_blocked, id=9736, stack(0x000000f721600000,0x000000f721700000)]
  0x00000208fdf3b000 JavaThread "Stdin handler" [_thread_blocked, id=8876, stack(0x000000f721700000,0x000000f721800000)]
  0x00000208fdf2c800 JavaThread "Daemon client event forwarder" [_thread_blocked, id=10016, stack(0x000000f721800000,0x000000f721900000)]
  0x00000208fdf32800 JavaThread "Cache worker for journal cache (C:\Users\User\.gradle\caches\journal-1)" [_thread_blocked, id=9856, stack(0x000000f721900000,0x000000f721a00000)]
  0x00000208fdf31800 JavaThread "File lock request listener" [_thread_in_native, id=272, stack(0x000000f721a00000,0x000000f721b00000)]
  0x00000208fdf30000 JavaThread "Cache worker for file hash cache (C:\Users\User\.gradle\caches\7.6\fileHashes)" [_thread_blocked, id=8004, stack(0x000000f721b00000,0x000000f721c00000)]
  0x00000208fdf2f000 JavaThread "File watcher server" daemon [_thread_in_native, id=6704, stack(0x000000f721c00000,0x000000f721d00000)]
  0x00000208fdf30800 JavaThread "File watcher consumer" daemon [_thread_blocked, id=1864, stack(0x000000f721d00000,0x000000f721e00000)]
  0x00000208fdf33000 JavaThread "jar transforms" [_thread_blocked, id=1880, stack(0x000000f721e00000,0x000000f721f00000)]
  0x00000208fdf2d800 JavaThread "jar transforms Thread 2" [_thread_blocked, id=9460, stack(0x000000f721f00000,0x000000f722000000)]
  0x00000208fdf2e000 JavaThread "jar transforms Thread 3" [_thread_blocked, id=5224, stack(0x000000f722000000,0x000000f722100000)]
  0x00000208907b4800 JavaThread "jar transforms Thread 4" [_thread_blocked, id=9928, stack(0x000000f722100000,0x000000f722200000)]
  0x00000208907b5800 JavaThread "Cache worker for checksums cache (C:\Users\User\Desktop\AStar\.gradle\7.6\checksums)" [_thread_blocked, id=9788, stack(0x000000f722200000,0x000000f722300000)]
  0x00000208907af800 JavaThread "Cache worker for cache directory md-rule (C:\Users\User\.gradle\caches\7.6\md-rule)" [_thread_blocked, id=9784, stack(0x000000f722300000,0x000000f722400000)]
  0x00000208907b6800 JavaThread "Cache worker for file content cache (C:\Users\User\.gradle\caches\7.6\fileContent)" [_thread_blocked, id=4960, stack(0x000000f722400000,0x000000f722500000)]
  0x00000208907b4000 JavaThread "Cache worker for file hash cache (C:\Users\User\Desktop\AStar\.gradle\7.6\fileHashes)" [_thread_blocked, id=5868, stack(0x000000f722500000,0x000000f722600000)]
  0x00000208907b3000 JavaThread "Cache worker for cache directory md-supplier (C:\Users\User\.gradle\caches\7.6\md-supplier)" [_thread_blocked, id=7776, stack(0x000000f722600000,0x000000f722700000)]
  0x00000208907b0800 JavaThread "Cache worker for execution history cache (C:\Users\User\.gradle\caches\7.6\executionHistory)" [_thread_blocked, id=3012, stack(0x000000f722700000,0x000000f722800000)]

Other Threads:
  0x00000208fd492000 VMThread "VM Thread" [stack: 0x000000f720100000,0x000000f720200000] [id=5692]
  0x00000208fe036000 WatcherThread [stack: 0x000000f720b00000,0x000000f720c00000] [id=2144]
  0x00000208f1ede000 GCTaskThread "GC Thread#0" [stack: 0x000000f71fc00000,0x000000f71fd00000] [id=8152]
  0x00000208fe6db800 GCTaskThread "GC Thread#1" [stack: 0x000000f720c00000,0x000000f720d00000] [id=1492]
  0x00000208fe7fa000 GCTaskThread "GC Thread#2" [stack: 0x000000f720d00000,0x000000f720e00000] [id=2656]
  0x00000208fe791800 GCTaskThread "GC Thread#3" [stack: 0x000000f720e00000,0x000000f720f00000] [id=3232]
  0x00000208f1ef1000 ConcurrentGCThread "G1 Main Marker" [stack: 0x000000f71fd00000,0x000000f71fe00000] [id=1288]
=>0x00000208f1ef2800 ConcurrentGCThread "G1 Conc#0" [stack: 0x000000f71fe00000,0x000000f71ff00000] [id=1280]
  0x00000208f1fad800 ConcurrentGCThread "G1 Refine#0" [stack: 0x000000f71ff00000,0x000000f720000000] [id=7148]
  0x00000208f1fae800 ConcurrentGCThread "G1 Young RemSet Sampling" [stack: 0x000000f720000000,0x000000f720100000] [id=9956]

Threads with active compile tasks:
C2 CompilerThread0  38405 3054       4       java.lang.invoke.MethodType::makeImpl (108 bytes)

VM state:not at safepoint (normal execution)

VM Mutex/Monitor currently owned by a thread: None

Heap address: 0x00000000e0000000, size: 512 MB, Compressed Oops mode: 32-bit
Narrow klass base: 0x0000000000000000, Narrow klass shift: 3
Compressed class space size: 260046848 Address: 0x0000000100000000

Heap:
 garbage-first heap   total 262144K, used 54212K [0x00000000e0000000, 0x0000000100000000)
  region size 1024K, 9 young (9216K), 8 survivors (8192K)
 Metaspace       used 34782K, capacity 35873K, committed 36172K, reserved 286720K
  class space    used 4742K, capacity 5122K, committed 5248K, reserved 253952K
Heap Regions: E=young(eden), S=young(survivor), O=old, HS=humongous(starts), HC=humongous(continues), CS=collection set, F=free, A=archive, TAMS=top-at-mark-start (previous, next)
|   0|0x00000000e0000000, 0x00000000e0100000, 0x00000000e0100000|100%|HS|  |TAMS 0x00000000e0100000, 0x00000000e0100000| Complete 
|   1|0x00000000e0100000, 0x00000000e0200000, 0x00000000e0200000|100%|HC|  |TAMS 0x00000000e0200000, 0x00000000e0200000| Complete 
|   2|0x00000000e0200000, 0x00000000e0300000, 0x00000000e0300000|100%|HC|  |TAMS 0x00000000e0300000, 0x00000000e0300000| Complete 
|   3|0x00000000e0300000, 0x00000000e0400000, 0x00000000e0400000|100%| O|  |TAMS 0x00000000e0400000, 0x00000000e0400000| Untracked 
|   4|0x00000000e0400000, 0x00000000e0500000, 0x00000000e0500000|100%| O|  |TAMS 0x00000000e0500000, 0x00000000e0500000| Untracked 
|   5|0x00000000e0500000, 0x00000000e0600000, 0x00000000e0600000|100%| O|  |TAMS 0x00000000e0600000, 0x00000000e0600000| Untracked 
|   6|0x00000000e0600000, 0x00000000e0700000, 0x00000000e0700000|100%| O|  |TAMS 0x00000000e0700000, 0x00000000e0700000| Untracked 
|   7|0x00000000e0700000, 0x00000000e0800000, 0x00000000e0800000|100%| O|  |TAMS 0x00000000e0800000, 0x00000000e0800000| Untracked 
|   8|0x00000000e0800000, 0x00000000e0900000, 0x00000000e0900000|100%| O|  |TAMS 0x00000000e0900000, 0x00000000e0900000| Untracked 
|   9|0x00000000e0900000, 0x00000000e0a00000, 0x00000000e0a00000|100%| O|  |TAMS 0x00000000e0a00000, 0x00000000e0a00000| Untracked 
|  10|0x00000000e0a00000, 0x00000000e0b00000, 0x00000000e0b00000|100%| O|  |TAMS 0x00000000e0b00000, 0x00000000e0b00000| Untracked 
|  11|0x00000000e0b00000, 0x00000000e0c00000, 0x00000000e0c00000|100%| O|  |TAMS 0x00000000e0c00000, 0x00000000e0c00000| Untracked 
|  12|0x00000000e0c00000, 0x00000000e0d00000, 0x00000000e0d00000|100%| O|  |TAMS 0x00000000e0d00000, 0x00000000e0d00000| Untracked 
|  13|0x00000000e0d00000, 0x00000000e0e00000, 0x00000000e0e00000|100%| O|  |TAMS 0x00000000e0e00000, 0x00000000e0e00000| Untracked 
|  14|0x00000000e0e00000, 0x00000000e0f00000, 0x00000000e0f00000|100%| O|  |TAMS 0x00000000e0f00000, 0x00000000e0f00000| Untracked 
|  15|0x00000000e0f00000, 0x00000000e0ffe000, 0x00000000e1000000| 99%| O|  |TAMS 0x00000000e0ffe000, 0x00000000e0ffe000| Untracked 
|  16|0x00000000e1000000, 0x00000000e1100000, 0x00000000e1100000|100%|HS|  |TAMS 0x00000000e1000000, 0x00000000e1100000| Complete 
|  17|0x00000000e1100000, 0x00000000e1200000, 0x00000000e1200000|100%|HC|  |TAMS 0x00000000e1100000, 0x00000000e1200000| Complete 
|  18|0x00000000e1200000, 0x00000000e1300000, 0x00000000e1300000|100%|HS|  |TAMS 0x00000000e1200000, 0x00000000e1300000| Complete 
|  19|0x00000000e1300000, 0x00000000e1400000, 0x00000000e1400000|100%|HC|  |TAMS 0x00000000e1300000, 0x00000000e1400000| Complete 
|  20|0x00000000e1400000, 0x00000000e1500000, 0x00000000e1500000|100%|HC|  |TAMS 0x00000000e1400000, 0x00000000e1500000| Complete 
|  21|0x00000000e1500000, 0x00000000e1600000, 0x00000000e1600000|100%|HS|  |TAMS 0x00000000e1500000, 0x00000000e1600000| Complete 
|  22|0x00000000e1600000, 0x00000000e1700000, 0x00000000e1700000|100%|HC|  |TAMS 0x00000000e1600000, 0x00000000e1700000| Complete 
|  23|0x00000000e1700000, 0x00000000e1800000, 0x00000000e1800000|100%|HC|  |TAMS 0x00000000e1700000, 0x00000000e1800000| Complete 
|  24|0x00000000e1800000, 0x00000000e1900000, 0x00000000e1900000|100%|HS|  |TAMS 0x00000000e1800000, 0x00000000e1900000| Complete 
|  25|0x00000000e1900000, 0x00000000e1a00000, 0x00000000e1a00000|100%|HC|  |TAMS 0x00000000e1900000, 0x00000000e1a00000| Complete 
|  26|0x00000000e1a00000, 0x00000000e1b00000, 0x00000000e1b00000|100%|HC|  |TAMS 0x00000000e1a00000, 0x00000000e1b00000| Complete 
|  27|0x00000000e1b00000, 0x00000000e1c00000, 0x00000000e1c00000|100%|HC|  |TAMS 0x00000000e1b00000, 0x00000000e1c00000| Complete 
|  28|0x00000000e1c00000, 0x00000000e1d00000, 0x00000000e1d00000|100%|HC|  |TAMS 0x00000000e1c00000, 0x00000000e1d00000| Complete 
|  29|0x00000000e1d00000, 0x00000000e1e00000, 0x00000000e1e00000|100%|HC|  |TAMS 0x00000000e1d00000, 0x00000000e1e00000| Complete 
|  30|0x00000000e1e00000, 0x00000000e1f00000, 0x00000000e1f00000|100%|HC|  |TAMS 0x00000000e1e00000, 0x00000000e1f00000| Complete 
|  31|0x00000000e1f00000, 0x00000000e2000000, 0x00000000e2000000|100%|HC|  |TAMS 0x00000000e1f00000, 0x00000000e2000000| Complete 
|  32|0x00000000e2000000, 0x00000000e2100000, 0x00000000e2100000|100%|HC|  |TAMS 0x00000000e2000000, 0x00000000e2100000| Complete 
|  33|0x00000000e2100000, 0x00000000e2200000, 0x00000000e2200000|100%|HC|  |TAMS 0x00000000e2100000, 0x00000000e2200000| Complete 
|  34|0x00000000e2200000, 0x00000000e2300000, 0x00000000e2300000|100%|HC|  |TAMS 0x00000000e2200000, 0x00000000e2300000| Complete 
|  35|0x00000000e2300000, 0x00000000e2400000, 0x00000000e2400000|100%|HC|  |TAMS 0x00000000e2300000, 0x00000000e2400000| Complete 
|  36|0x00000000e2400000, 0x00000000e2500000, 0x00000000e2500000|100%|HS|  |TAMS 0x00000000e2400000, 0x00000000e2500000| Complete 
|  37|0x00000000e2500000, 0x00000000e2600000, 0x00000000e2600000|100%|HC|  |TAMS 0x00000000e2500000, 0x00000000e2600000| Complete 
|  38|0x00000000e2600000, 0x00000000e2700000, 0x00000000e2700000|100%|HS|  |TAMS 0x00000000e2600000, 0x00000000e2700000| Complete 
|  39|0x00000000e2700000, 0x00000000e2800000, 0x00000000e2800000|100%|HC|  |TAMS 0x00000000e2700000, 0x00000000e2800000| Complete 
|  40|0x00000000e2800000, 0x00000000e2900000, 0x00000000e2900000|100%|HC|  |TAMS 0x00000000e2800000, 0x00000000e2900000| Complete 
|  41|0x00000000e2900000, 0x00000000e2a00000, 0x00000000e2a00000|100%|HC|  |TAMS 0x00000000e2900000, 0x00000000e2a00000| Complete 
|  42|0x00000000e2a00000, 0x00000000e2b00000, 0x00000000e2b00000|100%|HC|  |TAMS 0x00000000e2a00000, 0x00000000e2b00000| Complete 
|  43|0x00000000e2b00000, 0x00000000e2c00000, 0x00000000e2c00000|100%|HC|  |TAMS 0x00000000e2b00000, 0x00000000e2c00000| Complete 
|  44|0x00000000e2c00000, 0x00000000e2d00000, 0x00000000e2d00000|100%|HS|  |TAMS 0x00000000e2c00000, 0x00000000e2d00000| Complete 
|  45|0x00000000e2d00000, 0x00000000e2d00000, 0x00000000e2e00000|  0%| F|  |TAMS 0x00000000e2d00000, 0x00000000e2d00000| Untracked 
|  46|0x00000000e2e00000, 0x00000000e2e00000, 0x00000000e2f00000|  0%| F|  |TAMS 0x00000000e2e00000, 0x00000000e2e00000| Untracked 
|  47|0x00000000e2f00000, 0x00000000e2f00000, 0x00000000e3000000|  0%| F|  |TAMS 0x00000000e2f00000, 0x00000000e2f00000| Untracked 
|  48|0x00000000e3000000, 0x00000000e3000000, 0x00000000e3100000|  0%| F|  |TAMS 0x00000000e3000000, 0x00000000e3000000| Untracked 
|  49|0x00000000e3100000, 0x00000000e3100000, 0x00000000e3200000|  0%| F|  |TAMS 0x00000000e3100000, 0x00000000e3100000| Untracked 
|  50|0x00000000e3200000, 0x00000000e3200000, 0x00000000e3300000|  0%| F|  |TAMS 0x00000000e3200000, 0x00000000e3200000| Untracked 
|  51|0x00000000e3300000, 0x00000000e3300000, 0x00000000e3400000|  0%| F|  |TAMS 0x00000000e3300000, 0x00000000e3300000| Untracked 
|  52|0x00000000e3400000, 0x00000000e3400000, 0x00000000e3500000|  0%| F|  |TAMS 0x00000000e3400000, 0x00000000e3400000| Untracked 
|  53|0x00000000e3500000, 0x00000000e3500000, 0x00000000e3600000|  0%| F|  |TAMS 0x00000000e3500000, 0x00000000e3500000| Untracked 
|  54|0x00000000e3600000, 0x00000000e3600000, 0x00000000e3700000|  0%| F|  |TAMS 0x00000000e3600000, 0x00000000e3600000| Untracked 
|  55|0x00000000e3700000, 0x00000000e3700000, 0x00000000e3800000|  0%| F|  |TAMS 0x00000000e3700000, 0x00000000e3700000| Untracked 
|  56|0x00000000e3800000, 0x00000000e3800000, 0x00000000e3900000|  0%| F|  |TAMS 0x00000000e3800000, 0x00000000e3800000| Untracked 
|  57|0x00000000e3900000, 0x00000000e3900000, 0x00000000e3a00000|  0%| F|  |TAMS 0x00000000e3900000, 0x00000000e3900000| Untracked 
|  58|0x00000000e3a00000, 0x00000000e3a00000, 0x00000000e3b00000|  0%| F|  |TAMS 0x00000000e3a00000, 0x00000000e3a00000| Untracked 
|  59|0x00000000e3b00000, 0x00000000e3b00000, 0x00000000e3c00000|  0%| F|  |TAMS 0x00000000e3b00000, 0x00000000e3b00000| Untracked 
|  60|0x00000000e3c00000, 0x00000000e3c00000, 0x00000000e3d00000|  0%| F|  |TAMS 0x00000000e3c00000, 0x00000000e3c00000| Untracked 
|  61|0x00000000e3d00000, 0x00000000e3d00000, 0x00000000e3e00000|  0%| F|  |TAMS 0x00000000e3d00000, 0x00000000e3d00000| Untracked 
|  62|0x00000000e3e00000, 0x00000000e3e00000, 0x00000000e3f00000|  0%| F|  |TAMS 0x00000000e3e00000, 0x00000000e3e00000| Untracked 
|  63|0x00000000e3f00000, 0x00000000e3f00000, 0x00000000e4000000|  0%| F|  |TAMS 0x00000000e3f00000, 0x00000000e3f00000| Untracked 
|  64|0x00000000e4000000, 0x00000000e4000000, 0x00000000e4100000|  0%| F|  |TAMS 0x00000000e4000000, 0x00000000e4000000| Untracked 
|  65|0x00000000e4100000, 0x00000000e4100000, 0x00000000e4200000|  0%| F|  |TAMS 0x00000000e4100000, 0x00000000e4100000| Untracked 
|  66|0x00000000e4200000, 0x00000000e4200000, 0x00000000e4300000|  0%| F|  |TAMS 0x00000000e4200000, 0x00000000e4200000| Untracked 
|  67|0x00000000e4300000, 0x00000000e4300000, 0x00000000e4400000|  0%| F|  |TAMS 0x00000000e4300000, 0x00000000e4300000| Untracked 
|  68|0x00000000e4400000, 0x00000000e4400000, 0x00000000e4500000|  0%| F|  |TAMS 0x00000000e4400000, 0x00000000e4400000| Untracked 
|  69|0x00000000e4500000, 0x00000000e4500000, 0x00000000e4600000|  0%| F|  |TAMS 0x00000000e4500000, 0x00000000e4500000| Untracked 
|  70|0x00000000e4600000, 0x00000000e4600000, 0x00000000e4700000|  0%| F|  |TAMS 0x00000000e4600000, 0x00000000e4600000| Untracked 
|  71|0x00000000e4700000, 0x00000000e4700000, 0x00000000e4800000|  0%| F|  |TAMS 0x00000000e4700000, 0x00000000e4700000| Untracked 
|  72|0x00000000e4800000, 0x00000000e4800000, 0x00000000e4900000|  0%| F|  |TAMS 0x00000000e4800000, 0x00000000e4800000| Untracked 
|  73|0x00000000e4900000, 0x00000000e4900000, 0x00000000e4a00000|  0%| F|  |TAMS 0x00000000e4900000, 0x00000000e4900000| Untracked 
|  74|0x00000000e4a00000, 0x00000000e4a00000, 0x00000000e4b00000|  0%| F|  |TAMS 0x00000000e4a00000, 0x00000000e4a00000| Untracked 
|  75|0x00000000e4b00000, 0x00000000e4b00000, 0x00000000e4c00000|  0%| F|  |TAMS 0x00000000e4b00000, 0x00000000e4b00000| Untracked 
|  76|0x00000000e4c00000, 0x00000000e4c00000, 0x00000000e4d00000|  0%| F|  |TAMS 0x00000000e4c00000, 0x00000000e4c00000| Untracked 
|  77|0x00000000e4d00000, 0x00000000e4d00000, 0x00000000e4e00000|  0%| F|  |TAMS 0x00000000e4d00000, 0x00000000e4d00000| Untracked 
|  78|0x00000000e4e00000, 0x00000000e4e00000, 0x00000000e4f00000|  0%| F|  |TAMS 0x00000000e4e00000, 0x00000000e4e00000| Untracked 
|  79|0x00000000e4f00000, 0x00000000e4f00000, 0x00000000e5000000|  0%| F|  |TAMS 0x00000000e4f00000, 0x00000000e4f00000| Untracked 
|  80|0x00000000e5000000, 0x00000000e5000000, 0x00000000e5100000|  0%| F|  |TAMS 0x00000000e5000000, 0x00000000e5000000| Untracked 
|  81|0x00000000e5100000, 0x00000000e5100000, 0x00000000e5200000|  0%| F|  |TAMS 0x00000000e5100000, 0x00000000e5100000| Untracked 
|  82|0x00000000e5200000, 0x00000000e5200000, 0x00000000e5300000|  0%| F|  |TAMS 0x00000000e5200000, 0x00000000e5200000| Untracked 
|  83|0x00000000e5300000, 0x00000000e5300000, 0x00000000e5400000|  0%| F|  |TAMS 0x00000000e5300000, 0x00000000e5300000| Untracked 
|  84|0x00000000e5400000, 0x00000000e5400000, 0x00000000e5500000|  0%| F|  |TAMS 0x00000000e5400000, 0x00000000e5400000| Untracked 
|  85|0x00000000e5500000, 0x00000000e5500000, 0x00000000e5600000|  0%| F|  |TAMS 0x00000000e5500000, 0x00000000e5500000| Untracked 
|  86|0x00000000e5600000, 0x00000000e5600000, 0x00000000e5700000|  0%| F|  |TAMS 0x00000000e5600000, 0x00000000e5600000| Untracked 
|  87|0x00000000e5700000, 0x00000000e5700000, 0x00000000e5800000|  0%| F|  |TAMS 0x00000000e5700000, 0x00000000e5700000| Untracked 
|  88|0x00000000e5800000, 0x00000000e5800000, 0x00000000e5900000|  0%| F|  |TAMS 0x00000000e5800000, 0x00000000e5800000| Untracked 
|  89|0x00000000e5900000, 0x00000000e5900000, 0x00000000e5a00000|  0%| F|  |TAMS 0x00000000e5900000, 0x00000000e5900000| Untracked 
|  90|0x00000000e5a00000, 0x00000000e5a00000, 0x00000000e5b00000|  0%| F|  |TAMS 0x00000000e5a00000, 0x00000000e5a00000| Untracked 
|  91|0x00000000e5b00000, 0x00000000e5b00000, 0x00000000e5c00000|  0%| F|  |TAMS 0x00000000e5b00000, 0x00000000e5b00000| Untracked 
|  92|0x00000000e5c00000, 0x00000000e5c00000, 0x00000000e5d00000|  0%| F|  |TAMS 0x00000000e5c00000, 0x00000000e5c00000| Untracked 
|  93|0x00000000e5d00000, 0x00000000e5d00000, 0x00000000e5e00000|  0%| F|  |TAMS 0x00000000e5d00000, 0x00000000e5d00000| Untracked 
|  94|0x00000000e5e00000, 0x00000000e5e00000, 0x00000000e5f00000|  0%| F|  |TAMS 0x00000000e5e00000, 0x00000000e5e00000| Untracked 
|  95|0x00000000e5f00000, 0x00000000e5f00000, 0x00000000e6000000|  0%| F|  |TAMS 0x00000000e5f00000, 0x00000000e5f00000| Untracked 
|  96|0x00000000e6000000, 0x00000000e6000000, 0x00000000e6100000|  0%| F|  |TAMS 0x00000000e6000000, 0x00000000e6000000| Untracked 
|  97|0x00000000e6100000, 0x00000000e6100000, 0x00000000e6200000|  0%| F|  |TAMS 0x00000000e6100000, 0x00000000e6100000| Untracked 
|  98|0x00000000e6200000, 0x00000000e6200000, 0x00000000e6300000|  0%| F|  |TAMS 0x00000000e6200000, 0x00000000e6200000| Untracked 
|  99|0x00000000e6300000, 0x00000000e6300000, 0x00000000e6400000|  0%| F|  |TAMS 0x00000000e6300000, 0x00000000e6300000| Untracked 
| 100|0x00000000e6400000, 0x00000000e6400000, 0x00000000e6500000|  0%| F|  |TAMS 0x00000000e6400000, 0x00000000e6400000| Untracked 
| 101|0x00000000e6500000, 0x00000000e6500000, 0x00000000e6600000|  0%| F|  |TAMS 0x00000000e6500000, 0x00000000e6500000| Untracked 
| 102|0x00000000e6600000, 0x00000000e6600000, 0x00000000e6700000|  0%| F|  |TAMS 0x00000000e6600000, 0x00000000e6600000| Untracked 
| 103|0x00000000e6700000, 0x00000000e6700000, 0x00000000e6800000|  0%| F|  |TAMS 0x00000000e6700000, 0x00000000e6700000| Untracked 
| 104|0x00000000e6800000, 0x00000000e6800000, 0x00000000e6900000|  0%| F|  |TAMS 0x00000000e6800000, 0x00000000e6800000| Untracked 
| 105|0x00000000e6900000, 0x00000000e6900000, 0x00000000e6a00000|  0%| F|  |TAMS 0x00000000e6900000, 0x00000000e6900000| Untracked 
| 106|0x00000000e6a00000, 0x00000000e6a00000, 0x00000000e6b00000|  0%| F|  |TAMS 0x00000000e6a00000, 0x00000000e6a00000| Untracked 
| 107|0x00000000e6b00000, 0x00000000e6b00000, 0x00000000e6c00000|  0%| F|  |TAMS 0x00000000e6b00000, 0x00000000e6b00000| Untracked 
| 108|0x00000000e6c00000, 0x00000000e6c00000, 0x00000000e6d00000|  0%| F|  |TAMS 0x00000000e6c00000, 0x00000000e6c00000| Untracked 
| 109|0x00000000e6d00000, 0x00000000e6d00000, 0x00000000e6e00000|  0%| F|  |TAMS 0x00000000e6d00000, 0x00000000e6d00000| Untracked 
| 110|0x00000000e6e00000, 0x00000000e6e00000, 0x00000000e6f00000|  0%| F|  |TAMS 0x00000000e6e00000, 0x00000000e6e00000| Untracked 
| 111|0x00000000e6f00000, 0x00000000e6f00000, 0x00000000e7000000|  0%| F|  |TAMS 0x00000000e6f00000, 0x00000000e6f00000| Untracked 
| 112|0x00000000e7000000, 0x00000000e7000000, 0x00000000e7100000|  0%| F|  |TAMS 0x00000000e7000000, 0x00000000e7000000| Untracked 
| 113|0x00000000e7100000, 0x00000000e7100000, 0x00000000e7200000|  0%| F|  |TAMS 0x00000000e7100000, 0x00000000e7100000| Untracked 
| 114|0x00000000e7200000, 0x00000000e7200000, 0x00000000e7300000|  0%| F|  |TAMS 0x00000000e7200000, 0x00000000e7200000| Untracked 
| 115|0x00000000e7300000, 0x00000000e7300000, 0x00000000e7400000|  0%| F|  |TAMS 0x00000000e7300000, 0x00000000e7300000| Untracked 
| 116|0x00000000e7400000, 0x00000000e7400000, 0x00000000e7500000|  0%| F|  |TAMS 0x00000000e7400000, 0x00000000e7400000| Untracked 
| 117|0x00000000e7500000, 0x00000000e7500000, 0x00000000e7600000|  0%| F|  |TAMS 0x00000000e7500000, 0x00000000e7500000| Untracked 
| 118|0x00000000e7600000, 0x00000000e7600000, 0x00000000e7700000|  0%| F|  |TAMS 0x00000000e7600000, 0x00000000e7600000| Untracked 
| 119|0x00000000e7700000, 0x00000000e7700000, 0x00000000e7800000|  0%| F|  |TAMS 0x00000000e7700000, 0x00000000e7700000| Untracked 
| 120|0x00000000e7800000, 0x00000000e7800000, 0x00000000e7900000|  0%| F|  |TAMS 0x00000000e7800000, 0x00000000e7800000| Untracked 
| 121|0x00000000e7900000, 0x00000000e7900000, 0x00000000e7a00000|  0%| F|  |TAMS 0x00000000e7900000, 0x00000000e7900000| Untracked 
| 122|0x00000000e7a00000, 0x00000000e7a00000, 0x00000000e7b00000|  0%| F|  |TAMS 0x00000000e7a00000, 0x00000000e7a00000| Untracked 
| 123|0x00000000e7b00000, 0x00000000e7b00000, 0x00000000e7c00000|  0%| F|  |TAMS 0x00000000e7b00000, 0x00000000e7b00000| Untracked 
| 124|0x00000000e7c00000, 0x00000000e7c00000, 0x00000000e7d00000|  0%| F|  |TAMS 0x00000000e7c00000, 0x00000000e7c00000| Untracked 
| 125|0x00000000e7d00000, 0x00000000e7d00000, 0x00000000e7e00000|  0%| F|  |TAMS 0x00000000e7d00000, 0x00000000e7d00000| Untracked 
| 126|0x00000000e7e00000, 0x00000000e7e00000, 0x00000000e7f00000|  0%| F|  |TAMS 0x00000000e7e00000, 0x00000000e7e00000| Untracked 
| 127|0x00000000e7f00000, 0x00000000e7f00000, 0x00000000e8000000|  0%| F|  |TAMS 0x00000000e7f00000, 0x00000000e7f00000| Untracked 
| 128|0x00000000e8000000, 0x00000000e8000000, 0x00000000e8100000|  0%| F|  |TAMS 0x00000000e8000000, 0x00000000e8000000| Untracked 
| 129|0x00000000e8100000, 0x00000000e8100000, 0x00000000e8200000|  0%| F|  |TAMS 0x00000000e8100000, 0x00000000e8100000| Untracked 
| 130|0x00000000e8200000, 0x00000000e8200000, 0x00000000e8300000|  0%| F|  |TAMS 0x00000000e8200000, 0x00000000e8200000| Untracked 
| 131|0x00000000e8300000, 0x00000000e8300000, 0x00000000e8400000|  0%| F|  |TAMS 0x00000000e8300000, 0x00000000e8300000| Untracked 
| 132|0x00000000e8400000, 0x00000000e8400000, 0x00000000e8500000|  0%| F|  |TAMS 0x00000000e8400000, 0x00000000e8400000| Untracked 
| 133|0x00000000e8500000, 0x00000000e8500000, 0x00000000e8600000|  0%| F|  |TAMS 0x00000000e8500000, 0x00000000e8500000| Untracked 
| 134|0x00000000e8600000, 0x00000000e8600000, 0x00000000e8700000|  0%| F|  |TAMS 0x00000000e8600000, 0x00000000e8600000| Untracked 
| 135|0x00000000e8700000, 0x00000000e8700000, 0x00000000e8800000|  0%| F|  |TAMS 0x00000000e8700000, 0x00000000e8700000| Untracked 
| 136|0x00000000e8800000, 0x00000000e8800000, 0x00000000e8900000|  0%| F|  |TAMS 0x00000000e8800000, 0x00000000e8800000| Untracked 
| 137|0x00000000e8900000, 0x00000000e8900000, 0x00000000e8a00000|  0%| F|  |TAMS 0x00000000e8900000, 0x00000000e8900000| Untracked 
| 138|0x00000000e8a00000, 0x00000000e8a00000, 0x00000000e8b00000|  0%| F|  |TAMS 0x00000000e8a00000, 0x00000000e8a00000| Untracked 
| 139|0x00000000e8b00000, 0x00000000e8b00000, 0x00000000e8c00000|  0%| F|  |TAMS 0x00000000e8b00000, 0x00000000e8b00000| Untracked 
| 140|0x00000000e8c00000, 0x00000000e8c00000, 0x00000000e8d00000|  0%| F|  |TAMS 0x00000000e8c00000, 0x00000000e8c00000| Untracked 
| 141|0x00000000e8d00000, 0x00000000e8d00000, 0x00000000e8e00000|  0%| F|  |TAMS 0x00000000e8d00000, 0x00000000e8d00000| Untracked 
| 142|0x00000000e8e00000, 0x00000000e8e00000, 0x00000000e8f00000|  0%| F|  |TAMS 0x00000000e8e00000, 0x00000000e8e00000| Untracked 
| 143|0x00000000e8f00000, 0x00000000e8f00000, 0x00000000e9000000|  0%| F|  |TAMS 0x00000000e8f00000, 0x00000000e8f00000| Untracked 
| 144|0x00000000e9000000, 0x00000000e9000000, 0x00000000e9100000|  0%| F|  |TAMS 0x00000000e9000000, 0x00000000e9000000| Untracked 
| 145|0x00000000e9100000, 0x00000000e9100000, 0x00000000e9200000|  0%| F|  |TAMS 0x00000000e9100000, 0x00000000e9100000| Untracked 
| 146|0x00000000e9200000, 0x00000000e9200000, 0x00000000e9300000|  0%| F|  |TAMS 0x00000000e9200000, 0x00000000e9200000| Untracked 
| 147|0x00000000e9300000, 0x00000000e9300000, 0x00000000e9400000|  0%| F|  |TAMS 0x00000000e9300000, 0x00000000e9300000| Untracked 
| 148|0x00000000e9400000, 0x00000000e9400000, 0x00000000e9500000|  0%| F|  |TAMS 0x00000000e9400000, 0x00000000e9400000| Untracked 
| 149|0x00000000e9500000, 0x00000000e9500000, 0x00000000e9600000|  0%| F|  |TAMS 0x00000000e9500000, 0x00000000e9500000| Untracked 
| 150|0x00000000e9600000, 0x00000000e9600000, 0x00000000e9700000|  0%| F|  |TAMS 0x00000000e9600000, 0x00000000e9600000| Untracked 
| 151|0x00000000e9700000, 0x00000000e9700000, 0x00000000e9800000|  0%| F|  |TAMS 0x00000000e9700000, 0x00000000e9700000| Untracked 
| 152|0x00000000e9800000, 0x00000000e9800000, 0x00000000e9900000|  0%| F|  |TAMS 0x00000000e9800000, 0x00000000e9800000| Untracked 
| 153|0x00000000e9900000, 0x00000000e9900000, 0x00000000e9a00000|  0%| F|  |TAMS 0x00000000e9900000, 0x00000000e9900000| Untracked 
| 154|0x00000000e9a00000, 0x00000000e9af31d0, 0x00000000e9b00000| 94%| S|CS|TAMS 0x00000000e9a00000, 0x00000000e9a00000| Complete 
| 155|0x00000000e9b00000, 0x00000000e9c00000, 0x00000000e9c00000|100%| S|CS|TAMS 0x00000000e9b00000, 0x00000000e9b00000| Complete 
| 156|0x00000000e9c00000, 0x00000000e9d00000, 0x00000000e9d00000|100%| S|CS|TAMS 0x00000000e9c00000, 0x00000000e9c00000| Complete 
| 157|0x00000000e9d00000, 0x00000000e9e00000, 0x00000000e9e00000|100%| S|CS|TAMS 0x00000000e9d00000, 0x00000000e9d00000| Complete 
| 158|0x00000000e9e00000, 0x00000000e9f00000, 0x00000000e9f00000|100%| S|CS|TAMS 0x00000000e9e00000, 0x00000000e9e00000| Complete 
| 159|0x00000000e9f00000, 0x00000000ea000000, 0x00000000ea000000|100%| S|CS|TAMS 0x00000000e9f00000, 0x00000000e9f00000| Complete 
| 160|0x00000000ea000000, 0x00000000ea100000, 0x00000000ea100000|100%| S|CS|TAMS 0x00000000ea000000, 0x00000000ea000000| Complete 
| 161|0x00000000ea100000, 0x00000000ea200000, 0x00000000ea200000|100%| S|CS|TAMS 0x00000000ea100000, 0x00000000ea100000| Complete 
| 162|0x00000000ea200000, 0x00000000ea200000, 0x00000000ea300000|  0%| F|  |TAMS 0x00000000ea200000, 0x00000000ea200000| Untracked 
| 163|0x00000000ea300000, 0x00000000ea300000, 0x00000000ea400000|  0%| F|  |TAMS 0x00000000ea300000, 0x00000000ea300000| Untracked 
| 164|0x00000000ea400000, 0x00000000ea400000, 0x00000000ea500000|  0%| F|  |TAMS 0x00000000ea400000, 0x00000000ea400000| Untracked 
| 165|0x00000000ea500000, 0x00000000ea500000, 0x00000000ea600000|  0%| F|  |TAMS 0x00000000ea500000, 0x00000000ea500000| Untracked 
| 166|0x00000000ea600000, 0x00000000ea600000, 0x00000000ea700000|  0%| F|  |TAMS 0x00000000ea600000, 0x00000000ea600000| Untracked 
| 167|0x00000000ea700000, 0x00000000ea700000, 0x00000000ea800000|  0%| F|  |TAMS 0x00000000ea700000, 0x00000000ea700000| Untracked 
| 168|0x00000000ea800000, 0x00000000ea800000, 0x00000000ea900000|  0%| F|  |TAMS 0x00000000ea800000, 0x00000000ea800000| Untracked 
| 169|0x00000000ea900000, 0x00000000ea900000, 0x00000000eaa00000|  0%| F|  |TAMS 0x00000000ea900000, 0x00000000ea900000| Untracked 
| 170|0x00000000eaa00000, 0x00000000eaa00000, 0x00000000eab00000|  0%| F|  |TAMS 0x00000000eaa00000, 0x00000000eaa00000| Untracked 
| 171|0x00000000eab00000, 0x00000000eab00000, 0x00000000eac00000|  0%| F|  |TAMS 0x00000000eab00000, 0x00000000eab00000| Untracked 
| 172|0x00000000eac00000, 0x00000000eac00000, 0x00000000ead00000|  0%| F|  |TAMS 0x00000000eac00000, 0x00000000eac00000| Untracked 
| 173|0x00000000ead00000, 0x00000000ead00000, 0x00000000eae00000|  0%| F|  |TAMS 0x00000000ead00000, 0x00000000ead00000| Untracked 
| 174|0x00000000eae00000, 0x00000000eae00000, 0x00000000eaf00000|  0%| F|  |TAMS 0x00000000eae00000, 0x00000000eae00000| Untracked 
| 175|0x00000000eaf00000, 0x00000000eaf00000, 0x00000000eb000000|  0%| F|  |TAMS 0x00000000eaf00000, 0x00000000eaf00000| Untracked 
| 176|0x00000000eb000000, 0x00000000eb000000, 0x00000000eb100000|  0%| F|  |TAMS 0x00000000eb000000, 0x00000000eb000000| Untracked 
| 177|0x00000000eb100000, 0x00000000eb100000, 0x00000000eb200000|  0%| F|  |TAMS 0x00000000eb100000, 0x00000000eb100000| Untracked 
| 178|0x00000000eb200000, 0x00000000eb200000, 0x00000000eb300000|  0%| F|  |TAMS 0x00000000eb200000, 0x00000000eb200000| Untracked 
| 179|0x00000000eb300000, 0x00000000eb300000, 0x00000000eb400000|  0%| F|  |TAMS 0x00000000eb300000, 0x00000000eb300000| Untracked 
| 180|0x00000000eb400000, 0x00000000eb400000, 0x00000000eb500000|  0%| F|  |TAMS 0x00000000eb400000, 0x00000000eb400000| Untracked 
| 181|0x00000000eb500000, 0x00000000eb500000, 0x00000000eb600000|  0%| F|  |TAMS 0x00000000eb500000, 0x00000000eb500000| Untracked 
| 182|0x00000000eb600000, 0x00000000eb600000, 0x00000000eb700000|  0%| F|  |TAMS 0x00000000eb600000, 0x00000000eb600000| Untracked 
| 183|0x00000000eb700000, 0x00000000eb700000, 0x00000000eb800000|  0%| F|  |TAMS 0x00000000eb700000, 0x00000000eb700000| Untracked 
| 184|0x00000000eb800000, 0x00000000eb800000, 0x00000000eb900000|  0%| F|  |TAMS 0x00000000eb800000, 0x00000000eb800000| Untracked 
| 185|0x00000000eb900000, 0x00000000eb900000, 0x00000000eba00000|  0%| F|  |TAMS 0x00000000eb900000, 0x00000000eb900000| Untracked 
| 186|0x00000000eba00000, 0x00000000eba00000, 0x00000000ebb00000|  0%| F|  |TAMS 0x00000000eba00000, 0x00000000eba00000| Untracked 
| 187|0x00000000ebb00000, 0x00000000ebb00000, 0x00000000ebc00000|  0%| F|  |TAMS 0x00000000ebb00000, 0x00000000ebb00000| Untracked 
| 188|0x00000000ebc00000, 0x00000000ebc00000, 0x00000000ebd00000|  0%| F|  |TAMS 0x00000000ebc00000, 0x00000000ebc00000| Untracked 
| 189|0x00000000ebd00000, 0x00000000ebd00000, 0x00000000ebe00000|  0%| F|  |TAMS 0x00000000ebd00000, 0x00000000ebd00000| Untracked 
| 190|0x00000000ebe00000, 0x00000000ebe00000, 0x00000000ebf00000|  0%| F|  |TAMS 0x00000000ebe00000, 0x00000000ebe00000| Untracked 
| 191|0x00000000ebf00000, 0x00000000ebf00000, 0x00000000ec000000|  0%| F|  |TAMS 0x00000000ebf00000, 0x00000000ebf00000| Untracked 
| 192|0x00000000ec000000, 0x00000000ec000000, 0x00000000ec100000|  0%| F|  |TAMS 0x00000000ec000000, 0x00000000ec000000| Untracked 
| 193|0x00000000ec100000, 0x00000000ec100000, 0x00000000ec200000|  0%| F|  |TAMS 0x00000000ec100000, 0x00000000ec100000| Untracked 
| 194|0x00000000ec200000, 0x00000000ec200000, 0x00000000ec300000|  0%| F|  |TAMS 0x00000000ec200000, 0x00000000ec200000| Untracked 
| 195|0x00000000ec300000, 0x00000000ec300000, 0x00000000ec400000|  0%| F|  |TAMS 0x00000000ec300000, 0x00000000ec300000| Untracked 
| 196|0x00000000ec400000, 0x00000000ec400000, 0x00000000ec500000|  0%| F|  |TAMS 0x00000000ec400000, 0x00000000ec400000| Untracked 
| 197|0x00000000ec500000, 0x00000000ec500000, 0x00000000ec600000|  0%| F|  |TAMS 0x00000000ec500000, 0x00000000ec500000| Untracked 
| 198|0x00000000ec600000, 0x00000000ec600000, 0x00000000ec700000|  0%| F|  |TAMS 0x00000000ec600000, 0x00000000ec600000| Untracked 
| 199|0x00000000ec700000, 0x00000000ec700000, 0x00000000ec800000|  0%| F|  |TAMS 0x00000000ec700000, 0x00000000ec700000| Untracked 
| 200|0x00000000ec800000, 0x00000000ec800000, 0x00000000ec900000|  0%| F|  |TAMS 0x00000000ec800000, 0x00000000ec800000| Untracked 
| 201|0x00000000ec900000, 0x00000000ec900000, 0x00000000eca00000|  0%| F|  |TAMS 0x00000000ec900000, 0x00000000ec900000| Untracked 
| 202|0x00000000eca00000, 0x00000000eca00000, 0x00000000ecb00000|  0%| F|  |TAMS 0x00000000eca00000, 0x00000000eca00000| Untracked 
| 203|0x00000000ecb00000, 0x00000000ecb00000, 0x00000000ecc00000|  0%| F|  |TAMS 0x00000000ecb00000, 0x00000000ecb00000| Untracked 
| 204|0x00000000ecc00000, 0x00000000ecc00000, 0x00000000ecd00000|  0%| F|  |TAMS 0x00000000ecc00000, 0x00000000ecc00000| Untracked 
| 205|0x00000000ecd00000, 0x00000000ecd00000, 0x00000000ece00000|  0%| F|  |TAMS 0x00000000ecd00000, 0x00000000ecd00000| Untracked 
| 206|0x00000000ece00000, 0x00000000ece00000, 0x00000000ecf00000|  0%| F|  |TAMS 0x00000000ece00000, 0x00000000ece00000| Untracked 
| 207|0x00000000ecf00000, 0x00000000ecf00000, 0x00000000ed000000|  0%| F|  |TAMS 0x00000000ecf00000, 0x00000000ecf00000| Untracked 
| 208|0x00000000ed000000, 0x00000000ed000000, 0x00000000ed100000|  0%| F|  |TAMS 0x00000000ed000000, 0x00000000ed000000| Untracked 
| 209|0x00000000ed100000, 0x00000000ed100000, 0x00000000ed200000|  0%| F|  |TAMS 0x00000000ed100000, 0x00000000ed100000| Untracked 
| 210|0x00000000ed200000, 0x00000000ed200000, 0x00000000ed300000|  0%| F|  |TAMS 0x00000000ed200000, 0x00000000ed200000| Untracked 
| 211|0x00000000ed300000, 0x00000000ed300000, 0x00000000ed400000|  0%| F|  |TAMS 0x00000000ed300000, 0x00000000ed300000| Untracked 
| 212|0x00000000ed400000, 0x00000000ed400000, 0x00000000ed500000|  0%| F|  |TAMS 0x00000000ed400000, 0x00000000ed400000| Untracked 
| 213|0x00000000ed500000, 0x00000000ed500000, 0x00000000ed600000|  0%| F|  |TAMS 0x00000000ed500000, 0x00000000ed500000| Untracked 
| 214|0x00000000ed600000, 0x00000000ed600000, 0x00000000ed700000|  0%| F|  |TAMS 0x00000000ed600000, 0x00000000ed600000| Untracked 
| 215|0x00000000ed700000, 0x00000000ed700000, 0x00000000ed800000|  0%| F|  |TAMS 0x00000000ed700000, 0x00000000ed700000| Untracked 
| 216|0x00000000ed800000, 0x00000000ed800000, 0x00000000ed900000|  0%| F|  |TAMS 0x00000000ed800000, 0x00000000ed800000| Untracked 
| 217|0x00000000ed900000, 0x00000000ed900000, 0x00000000eda00000|  0%| F|  |TAMS 0x00000000ed900000, 0x00000000ed900000| Untracked 
| 218|0x00000000eda00000, 0x00000000eda00000, 0x00000000edb00000|  0%| F|  |TAMS 0x00000000eda00000, 0x00000000eda00000| Untracked 
| 219|0x00000000edb00000, 0x00000000edb00000, 0x00000000edc00000|  0%| F|  |TAMS 0x00000000edb00000, 0x00000000edb00000| Untracked 
| 220|0x00000000edc00000, 0x00000000edc00000, 0x00000000edd00000|  0%| F|  |TAMS 0x00000000edc00000, 0x00000000edc00000| Untracked 
| 221|0x00000000edd00000, 0x00000000edd00000, 0x00000000ede00000|  0%| F|  |TAMS 0x00000000edd00000, 0x00000000edd00000| Untracked 
| 222|0x00000000ede00000, 0x00000000ede00000, 0x00000000edf00000|  0%| F|  |TAMS 0x00000000ede00000, 0x00000000ede00000| Untracked 
| 223|0x00000000edf00000, 0x00000000edf00000, 0x00000000ee000000|  0%| F|  |TAMS 0x00000000edf00000, 0x00000000edf00000| Untracked 
| 224|0x00000000ee000000, 0x00000000ee000000, 0x00000000ee100000|  0%| F|  |TAMS 0x00000000ee000000, 0x00000000ee000000| Untracked 
| 225|0x00000000ee100000, 0x00000000ee100000, 0x00000000ee200000|  0%| F|  |TAMS 0x00000000ee100000, 0x00000000ee100000| Untracked 
| 226|0x00000000ee200000, 0x00000000ee200000, 0x00000000ee300000|  0%| F|  |TAMS 0x00000000ee200000, 0x00000000ee200000| Untracked 
| 227|0x00000000ee300000, 0x00000000ee300000, 0x00000000ee400000|  0%| F|  |TAMS 0x00000000ee300000, 0x00000000ee300000| Untracked 
| 228|0x00000000ee400000, 0x00000000ee400000, 0x00000000ee500000|  0%| F|  |TAMS 0x00000000ee400000, 0x00000000ee400000| Untracked 
| 229|0x00000000ee500000, 0x00000000ee500000, 0x00000000ee600000|  0%| F|  |TAMS 0x00000000ee500000, 0x00000000ee500000| Untracked 
| 230|0x00000000ee600000, 0x00000000ee600000, 0x00000000ee700000|  0%| F|  |TAMS 0x00000000ee600000, 0x00000000ee600000| Untracked 
| 231|0x00000000ee700000, 0x00000000ee700000, 0x00000000ee800000|  0%| F|  |TAMS 0x00000000ee700000, 0x00000000ee700000| Untracked 
| 232|0x00000000ee800000, 0x00000000ee800000, 0x00000000ee900000|  0%| F|  |TAMS 0x00000000ee800000, 0x00000000ee800000| Untracked 
| 233|0x00000000ee900000, 0x00000000ee900000, 0x00000000eea00000|  0%| F|  |TAMS 0x00000000ee900000, 0x00000000ee900000| Untracked 
| 234|0x00000000eea00000, 0x00000000eea00000, 0x00000000eeb00000|  0%| F|  |TAMS 0x00000000eea00000, 0x00000000eea00000| Untracked 
| 235|0x00000000eeb00000, 0x00000000eeb00000, 0x00000000eec00000|  0%| F|  |TAMS 0x00000000eeb00000, 0x00000000eeb00000| Untracked 
| 236|0x00000000eec00000, 0x00000000eec00000, 0x00000000eed00000|  0%| F|  |TAMS 0x00000000eec00000, 0x00000000eec00000| Untracked 
| 237|0x00000000eed00000, 0x00000000eed00000, 0x00000000eee00000|  0%| F|  |TAMS 0x00000000eed00000, 0x00000000eed00000| Untracked 
| 238|0x00000000eee00000, 0x00000000eee00000, 0x00000000eef00000|  0%| F|  |TAMS 0x00000000eee00000, 0x00000000eee00000| Untracked 
| 239|0x00000000eef00000, 0x00000000eef00000, 0x00000000ef000000|  0%| F|  |TAMS 0x00000000eef00000, 0x00000000eef00000| Untracked 
| 240|0x00000000ef000000, 0x00000000ef000000, 0x00000000ef100000|  0%| F|  |TAMS 0x00000000ef000000, 0x00000000ef000000| Untracked 
| 241|0x00000000ef100000, 0x00000000ef100000, 0x00000000ef200000|  0%| F|  |TAMS 0x00000000ef100000, 0x00000000ef100000| Untracked 
| 242|0x00000000ef200000, 0x00000000ef200000, 0x00000000ef300000|  0%| F|  |TAMS 0x00000000ef200000, 0x00000000ef200000| Untracked 
| 243|0x00000000ef300000, 0x00000000ef300000, 0x00000000ef400000|  0%| F|  |TAMS 0x00000000ef300000, 0x00000000ef300000| Untracked 
| 244|0x00000000ef400000, 0x00000000ef400000, 0x00000000ef500000|  0%| F|  |TAMS 0x00000000ef400000, 0x00000000ef400000| Untracked 
| 245|0x00000000ef500000, 0x00000000ef500000, 0x00000000ef600000|  0%| F|  |TAMS 0x00000000ef500000, 0x00000000ef500000| Untracked 
| 246|0x00000000ef600000, 0x00000000ef600000, 0x00000000ef700000|  0%| F|  |TAMS 0x00000000ef600000, 0x00000000ef600000| Untracked 
| 247|0x00000000ef700000, 0x00000000ef700000, 0x00000000ef800000|  0%| F|  |TAMS 0x00000000ef700000, 0x00000000ef700000| Untracked 
| 248|0x00000000ef800000, 0x00000000ef800000, 0x00000000ef900000|  0%| F|  |TAMS 0x00000000ef800000, 0x00000000ef800000| Untracked 
| 249|0x00000000ef900000, 0x00000000ef900000, 0x00000000efa00000|  0%| F|  |TAMS 0x00000000ef900000, 0x00000000ef900000| Untracked 
| 250|0x00000000efa00000, 0x00000000efa00000, 0x00000000efb00000|  0%| F|  |TAMS 0x00000000efa00000, 0x00000000efa00000| Untracked 
| 251|0x00000000efb00000, 0x00000000efb00000, 0x00000000efc00000|  0%| F|  |TAMS 0x00000000efb00000, 0x00000000efb00000| Untracked 
| 252|0x00000000efc00000, 0x00000000efc00000, 0x00000000efd00000|  0%| F|  |TAMS 0x00000000efc00000, 0x00000000efc00000| Untracked 
| 253|0x00000000efd00000, 0x00000000efd00000, 0x00000000efe00000|  0%| F|  |TAMS 0x00000000efd00000, 0x00000000efd00000| Untracked 
| 254|0x00000000efe00000, 0x00000000efe00000, 0x00000000eff00000|  0%| F|  |TAMS 0x00000000efe00000, 0x00000000efe00000| Untracked 
| 255|0x00000000eff00000, 0x00000000f0000000, 0x00000000f0000000|100%| E|  |TAMS 0x00000000eff00000, 0x00000000eff00000| Complete 

Card table byte_map: [0x00000208f9c90000,0x00000208f9d90000] _byte_map_base: 0x00000208f9590000

Marking Bits (Prev, Next): (CMBitMap*) 0x00000208f1eee370, (CMBitMap*) 0x00000208f1eee338
 Prev Bits: [0x00000208fa690000, 0x00000208fae90000)
 Next Bits: [0x00000208f9e90000, 0x00000208fa690000)

Polling page: 0x00000208f0870000

Metaspace:

Usage:
  Non-class:     30.03 MB capacity,    29.34 MB ( 98%) used,   616.02 KB (  2%) free+waste,    90.06 KB ( <1%) overhead. 
      Class:      5.00 MB capacity,     4.63 MB ( 93%) used,   331.48 KB (  6%) free+waste,    46.50 KB ( <1%) overhead. 
       Both:     35.03 MB capacity,    33.97 MB ( 97%) used,   947.50 KB (  3%) free+waste,   136.56 KB ( <1%) overhead. 

Virtual space:
  Non-class space:       32.00 MB reserved,      30.20 MB ( 94%) committed 
      Class space:      248.00 MB reserved,       5.13 MB (  2%) committed 
             Both:      280.00 MB reserved,      35.32 MB ( 13%) committed 

Chunk freelists:
   Non-Class:  4.13 KB
       Class:  0 bytes
        Both:  4.13 KB

CodeHeap 'non-profiled nmethods': size=120064Kb used=1533Kb max_used=1533Kb free=118530Kb
 bounds [0x0000020887ac0000, 0x0000020887d30000, 0x000002088f000000]
CodeHeap 'profiled nmethods': size=120000Kb used=6592Kb max_used=6592Kb free=113407Kb
 bounds [0x0000020880590000, 0x0000020880c10000, 0x0000020887ac0000]
CodeHeap 'non-nmethods': size=5696Kb used=1162Kb max_used=1190Kb free=4533Kb
 bounds [0x0000020880000000, 0x0000020880270000, 0x0000020880590000]
 total_blobs=3621 nmethods=3102 adapters=431
 compilation: enabled
              stopped_count=0, restarted_count=0
 full_count=0

Compilation events (10 events):
Event: 37.875 Thread 0x00000208fd4ea800 3117       3       java.lang.invoke.MethodHandleNatives$CallSiteContext::run (5 bytes)
Event: 37.875 Thread 0x00000208fd4ea800 nmethod 3117 0x0000020880bec710 code [0x0000020880bec8c0, 0x0000020880bec9e8]
Event: 37.875 Thread 0x00000208fd4ea800 3119       3       jdk.internal.misc.InnocuousThread::eraseThreadLocals (23 bytes)
Event: 37.876 Thread 0x00000208fd4ea800 nmethod 3119 0x0000020880beca90 code [0x0000020880becc20, 0x0000020880becdf8]
Event: 37.908 Thread 0x00000208fd4ea800 3120       3       java.util.stream.ForEachOps$ForEachOp$OfRef::accept (11 bytes)
Event: 37.909 Thread 0x00000208fd4ea800 nmethod 3120 0x0000020880bece90 code [0x0000020880bed040, 0x0000020880bed208]
Event: 37.912 Thread 0x00000208fd4ea800 3121       3       java.lang.module.ModuleDescriptor$Exports::isQualified (18 bytes)
Event: 37.913 Thread 0x00000208fd4ea800 nmethod 3121 0x0000020880bed310 code [0x0000020880bed4c0, 0x0000020880bed6e8]
Event: 37.913 Thread 0x00000208fd4ea800 3122       3       java.util.HashMap::removeNode (291 bytes)
Event: 37.918 Thread 0x00000208fd4ea800 nmethod 3122 0x0000020880bed790 code [0x0000020880beda20, 0x0000020880beec98]

GC Heap History (10 events):
Event: 7.670 GC heap before
{Heap before GC invocations=2 (full 0):
 garbage-first heap   total 262144K, used 37142K [0x00000000e0000000, 0x0000000100000000)
  region size 1024K, 29 young (29696K), 2 survivors (2048K)
 Metaspace       used 10784K, capacity 11001K, committed 11264K, reserved 264192K
  class space    used 1118K, capacity 1206K, committed 1280K, reserved 253952K
}
Event: 7.710 GC heap after
{Heap after GC invocations=3 (full 0):
 garbage-first heap   total 262144K, used 12389K [0x00000000e0000000, 0x0000000100000000)
  region size 1024K, 4 young (4096K), 4 survivors (4096K)
 Metaspace       used 10784K, capacity 11001K, committed 11264K, reserved 264192K
  class space    used 1118K, capacity 1206K, committed 1280K, reserved 253952K
}
Event: 15.225 GC heap before
{Heap before GC invocations=3 (full 0):
 garbage-first heap   total 262144K, used 51301K [0x00000000e0000000, 0x0000000100000000)
  region size 1024K, 42 young (43008K), 4 survivors (4096K)
 Metaspace       used 17736K, capacity 18100K, committed 18432K, reserved 270336K
  class space    used 2081K, capacity 2226K, committed 2304K, reserved 253952K
}
Event: 15.256 GC heap after
{Heap after GC invocations=4 (full 0):
 garbage-first heap   total 262144K, used 16350K [0x00000000e0000000, 0x0000000100000000)
  region size 1024K, 6 young (6144K), 6 survivors (6144K)
 Metaspace       used 17736K, capacity 18100K, committed 18432K, reserved 270336K
  class space    used 2081K, capacity 2226K, committed 2304K, reserved 253952K
}
Event: 17.742 GC heap before
{Heap before GC invocations=4 (full 0):
 garbage-first heap   total 262144K, used 46046K [0x00000000e0000000, 0x0000000100000000)
  region size 1024K, 36 young (36864K), 6 survivors (6144K)
 Metaspace       used 20797K, capacity 21150K, committed 21248K, reserved 272384K
  class space    used 2561K, capacity 2732K, committed 2816K, reserved 253952K
}
Event: 17.780 GC heap after
{Heap after GC invocations=5 (full 0):
 garbage-first heap   total 262144K, used 17568K [0x00000000e0000000, 0x0000000100000000)
  region size 1024K, 2 young (2048K), 2 survivors (2048K)
 Metaspace       used 20797K, capacity 21150K, committed 21248K, reserved 272384K
  class space    used 2561K, capacity 2732K, committed 2816K, reserved 253952K
}
Event: 21.536 GC heap before
{Heap before GC invocations=6 (full 0):
 garbage-first heap   total 262144K, used 66720K [0x00000000e0000000, 0x0000000100000000)
  region size 1024K, 50 young (51200K), 2 survivors (2048K)
 Metaspace       used 25540K, capacity 26173K, committed 26368K, reserved 278528K
  class space    used 3338K, capacity 3565K, committed 3584K, reserved 253952K
}
Event: 21.557 GC heap after
{Heap after GC invocations=7 (full 0):
 garbage-first heap   total 262144K, used 19305K [0x00000000e0000000, 0x0000000100000000)
  region size 1024K, 3 young (3072K), 3 survivors (3072K)
 Metaspace       used 25540K, capacity 26173K, committed 26368K, reserved 278528K
  class space    used 3338K, capacity 3565K, committed 3584K, reserved 253952K
}
Event: 37.668 GC heap before
{Heap before GC invocations=7 (full 0):
 garbage-first heap   total 262144K, used 141161K [0x00000000e0000000, 0x0000000100000000)
  region size 1024K, 94 young (96256K), 3 survivors (3072K)
 Metaspace       used 34687K, capacity 35675K, committed 35840K, reserved 284672K
  class space    used 4736K, capacity 5120K, committed 5120K, reserved 253952K
}
Event: 37.852 GC heap after
{Heap after GC invocations=8 (full 0):
 garbage-first heap   total 262144K, used 54212K [0x00000000e0000000, 0x0000000100000000)
  region size 1024K, 8 young (8192K), 8 survivors (8192K)
 Metaspace       used 34687K, capacity 35675K, committed 35840K, reserved 284672K
  class space    used 4736K, capacity 5120K, committed 5120K, reserved 253952K
}

Deoptimization events (10 events):
Event: 22.809 Thread 0x0000020890807000 Uncommon trap: reason=bimorphic_or_optimized_type_check action=maybe_recompile pc=0x0000020887baf100 method=java.lang.ClassLoader.loadClass(Ljava/lang/String;Z)Ljava/lang/Class; @ 38 c2
Event: 22.912 Thread 0x0000020890807000 Uncommon trap: reason=bimorphic_or_optimized_type_check action=maybe_recompile pc=0x0000020887baf100 method=java.lang.ClassLoader.loadClass(Ljava/lang/String;Z)Ljava/lang/Class; @ 38 c2
Event: 22.914 Thread 0x0000020890807000 Uncommon trap: reason=bimorphic_or_optimized_type_check action=maybe_recompile pc=0x0000020887baf100 method=java.lang.ClassLoader.loadClass(Ljava/lang/String;Z)Ljava/lang/Class; @ 38 c2
Event: 22.915 Thread 0x0000020890807000 Uncommon trap: reason=bimorphic_or_optimized_type_check action=maybe_recompile pc=0x0000020887baf100 method=java.lang.ClassLoader.loadClass(Ljava/lang/String;Z)Ljava/lang/Class; @ 38 c2
Event: 22.923 Thread 0x0000020890807000 Uncommon trap: reason=unstable_if action=reinterpret pc=0x0000020887bc426c method=java.net.URLClassLoader.getAndVerifyPackage(Ljava/lang/String;Ljava/util/jar/Manifest;Ljava/net/URL;)Ljava/lang/Package; @ 62 c2
Event: 23.029 Thread 0x0000020890807000 Uncommon trap: reason=unstable_if action=reinterpret pc=0x0000020887b43b34 method=java.util.zip.ZipFile$Source.initCEN(ILjava/util/zip/ZipCoder;)V @ 617 c2
Event: 30.603 Thread 0x0000020890807000 Uncommon trap: reason=unstable_if action=reinterpret pc=0x0000020887bde81c method=jdk.internal.org.objectweb.asm.Item.isEqualTo(Ljdk/internal/org/objectweb/asm/Item;)Z @ 317 c2
Event: 35.893 Thread 0x0000020890807000 Uncommon trap: reason=intrinsic_or_type_checked_inlining action=make_not_entrant pc=0x0000020887c2d0f8 method=java.util.ArrayList.toArray([Ljava/lang/Object;)[Ljava/lang/Object; @ 36 c2
Event: 35.894 Thread 0x0000020890807000 Uncommon trap: reason=unstable_if action=reinterpret pc=0x0000020887c10aa4 method=java.lang.ClassLoader.getClassLoadingLock(Ljava/lang/String;)Ljava/lang/Object; @ 6 c2
Event: 35.916 Thread 0x0000020890807000 Uncommon trap: reason=unstable_if action=reinterpret pc=0x0000020887c032c8 method=java.lang.Class.getPackageName()Ljava/lang/String; @ 55 c2

Classes redefined (0 events):
No events

Internal exceptions (10 events):
Event: 30.567 Thread 0x0000020890807000 Exception <a 'java/lang/NoSuchMethodError'{0x00000000ec3afb68}: java.lang.invoke.DirectMethodHandle$Holder.invokeSpecial(Ljava/lang/Object;Ljava/lang/Object;Ljava/lang/Object;Ljava/lang/Object;Ljava/lang/Object;Ljava/lang/Object;Ljava/lang/Object;Ljava/la
Event: 30.581 Thread 0x0000020890807000 Exception <a 'java/lang/NoSuchMethodError'{0x00000000ec3c1488}: java.lang.invoke.Invokers$Holder.linkToTargetMethod(Ljava/lang/Object;Ljava/lang/Object;Ljava/lang/Object;Ljava/lang/Object;Ljava/lang/Object;Ljava/lang/Object;Ljava/lang/Object;Ljava/lang/Ob
Event: 30.787 Thread 0x0000020890807000 Exception <a 'java/lang/NoSuchMethodError'{0x00000000ec134be0}: java.lang.invoke.DirectMethodHandle$Holder.invokeStaticInit(Ljava/lang/Object;Ljava/lang/Object;Ljava/lang/Object;Ljava/lang/Object;)Ljava/lang/Object;> (0x00000000ec134be0) thrown at [./open
Event: 32.073 Thread 0x0000020890807000 Exception <a 'java/lang/NoSuchMethodError'{0x00000000eb8e4e98}: java.lang.invoke.Invokers$Holder.linkToTargetMethod(Ljava/lang/Object;Ljava/lang/Object;Ljava/lang/Object;Ljava/lang/Object;Ljava/lang/Object;Ljava/lang/Object;Ljava/lang/Object;Ljava/lang/Ob
Event: 32.133 Thread 0x0000020890807000 Exception <a 'java/lang/IncompatibleClassChangeError'{0x00000000eb779b10}: Found class java.lang.Object, but interface was expected> (0x00000000eb779b10) thrown at [./open/src/hotspot/share/interpreter/linkResolver.cpp, line 838]
Event: 35.356 Thread 0x0000020890807000 Exception <a 'java/lang/NoSuchMethodError'{0x00000000ea981da8}: java.lang.invoke.DirectMethodHandle$Holder.invokeStatic(Ljava/lang/Object;Ljava/lang/Object;Ljava/lang/Object;Ljava/lang/Object;Ljava/lang/Object;)I> (0x00000000ea981da8) thrown at [./open/sr
Event: 37.226 Thread 0x0000020890807000 Exception <a 'java/lang/NoSuchMethodError'{0x00000000ea211348}: java.lang.invoke.DirectMethodHandle$Holder.invokeStaticInit(Ljava/lang/Object;Ljava/lang/Object;Ljava/lang/Object;)V> (0x00000000ea211348) thrown at [./open/src/hotspot/share/interpreter/link
Event: 37.230 Thread 0x0000020890807000 Exception <a 'java/lang/NoSuchMethodError'{0x00000000ea218758}: java.lang.invoke.DirectMethodHandle$Holder.invokeStaticInit(Ljava/lang/Object;Ljava/lang/Object;Ljava/lang/Object;Ljava/lang/Object;)V> (0x00000000ea218758) thrown at [./open/src/hotspot/shar
Event: 37.255 Thread 0x0000020890807000 Exception <a 'java/lang/NoSuchMethodError'{0x00000000ea23a0b8}: java.lang.invoke.DirectMethodHandle$Holder.invokeStaticInit(Ljava/lang/Object;Ljava/lang/Object;Ljava/lang/Object;Ljava/lang/Object;Ljava/lang/Object;)V> (0x00000000ea23a0b8) thrown at [./ope
Event: 37.636 Thread 0x0000020890807000 Exception <a 'java/lang/NoSuchMethodError'{0x00000000ea29ba38}: java.lang.invoke.DirectMethodHandle$Holder.invokeStaticInit(Ljava/lang/Object;Ljava/lang/Object;Ljava/lang/Object;Ljava/lang/Object;)I> (0x00000000ea29ba38) thrown at [./open/src/hotspot/shar

Events (10 events):
Event: 37.145 loading class java/lang/IllegalCallerException
Event: 37.168 loading class java/lang/IllegalCallerException done
Event: 37.172 loading class jdk/internal/module/SystemModules$all
Event: 37.183 loading class jdk/internal/module/SystemModules$all done
Event: 37.209 loading class java/util/Spliterators$IteratorSpliterator
Event: 37.223 loading class java/util/Spliterators$IteratorSpliterator done
Event: 37.629 loading class org/codehaus/groovy/reflection/ReflectionUtils$ClassContextHelper
Event: 37.629 loading class org/codehaus/groovy/reflection/ReflectionUtils$ClassContextHelper done
Event: 37.654 Executing VM operation: CollectForMetadataAllocation
Event: 37.852 Executing VM operation: CollectForMetadataAllocation done


Dynamic libraries:
0x00007ff758e70000 - 0x00007ff758e7f000 	C:\Program Files\Java\jdk-11.0.14\bin\java.exe
0x00007ffd098b0000 - 0x00007ffd09aa8000 	C:\WINDOWS\SYSTEM32\ntdll.dll
0x00007ffd09410000 - 0x00007ffd094cf000 	C:\WINDOWS\System32\KERNEL32.DLL
0x00007ffd07580000 - 0x00007ffd07852000 	C:\WINDOWS\System32\KERNELBASE.dll
0x00007ffd071b0000 - 0x00007ffd072b0000 	C:\WINDOWS\System32\ucrtbase.dll
0x00007ffcfebb0000 - 0x00007ffcfebc5000 	C:\Program Files\Java\jdk-11.0.14\bin\VCRUNTIME140.dll
0x00007ffd01610000 - 0x00007ffd01628000 	C:\Program Files\Java\jdk-11.0.14\bin\jli.dll
0x00007ffd08700000 - 0x00007ffd087ae000 	C:\WINDOWS\System32\ADVAPI32.dll
0x00007ffd09290000 - 0x00007ffd0932e000 	C:\WINDOWS\System32\msvcrt.dll
0x00007ffd08050000 - 0x00007ffd080ec000 	C:\WINDOWS\System32\sechost.dll
0x00007ffd080f0000 - 0x00007ffd08215000 	C:\WINDOWS\System32\RPCRT4.dll
0x00007ffd094d0000 - 0x00007ffd09671000 	C:\WINDOWS\System32\USER32.dll
0x00007ffd07550000 - 0x00007ffd07572000 	C:\WINDOWS\System32\win32u.dll
0x00007ffd063d0000 - 0x00007ffd0666a000 	C:\WINDOWS\WinSxS\amd64_microsoft.windows.common-controls_6595b64144ccf1df_6.0.19041.1110_none_60b5254171f9507e\COMCTL32.dll
0x00007ffd087b0000 - 0x00007ffd087db000 	C:\WINDOWS\System32\GDI32.dll
0x00007ffd073d0000 - 0x00007ffd074df000 	C:\WINDOWS\System32\gdi32full.dll
0x00007ffd07330000 - 0x00007ffd073cd000 	C:\WINDOWS\System32\msvcp_win.dll
0x00007ffd049e0000 - 0x00007ffd049ea000 	C:\WINDOWS\SYSTEM32\VERSION.dll
0x00007ffd09680000 - 0x00007ffd096b2000 	C:\WINDOWS\System32\IMM32.DLL
0x00007ffcf1a00000 - 0x00007ffcf1a9b000 	C:\Program Files\Java\jdk-11.0.14\bin\msvcp140.dll
0x00007ffcde860000 - 0x00007ffcdf376000 	C:\Program Files\Java\jdk-11.0.14\bin\server\jvm.dll
0x00007ffd086d0000 - 0x00007ffd086d8000 	C:\WINDOWS\System32\PSAPI.DLL
0x00007ffd05480000 - 0x00007ffd05489000 	C:\WINDOWS\SYSTEM32\WSOCK32.dll
0x00007ffcee650000 - 0x00007ffcee677000 	C:\WINDOWS\SYSTEM32\WINMM.dll
0x00007ffd08ad0000 - 0x00007ffd08b3b000 	C:\WINDOWS\System32\WS2_32.dll
0x00007ffd04000000 - 0x00007ffd04012000 	C:\WINDOWS\SYSTEM32\kernel.appcore.dll
0x00007ffd05050000 - 0x00007ffd05060000 	C:\Program Files\Java\jdk-11.0.14\bin\verify.dll
0x00007ffd06930000 - 0x00007ffd06b14000 	C:\WINDOWS\SYSTEM32\DBGHELP.DLL
0x00007ffd06890000 - 0x00007ffd068c5000 	C:\WINDOWS\SYSTEM32\dbgcore.DLL
0x00007ffd07860000 - 0x00007ffd078e2000 	C:\WINDOWS\System32\bcryptPrimitives.dll
0x00007ffcf3ac0000 - 0x00007ffcf3ae8000 	C:\Program Files\Java\jdk-11.0.14\bin\java.dll
0x00007ffd01d30000 - 0x00007ffd01d3a000 	C:\Program Files\Java\jdk-11.0.14\bin\jimage.dll
0x00007ffcfe950000 - 0x00007ffcfe966000 	C:\Program Files\Java\jdk-11.0.14\bin\zip.dll
0x00007ffd08b40000 - 0x00007ffd09284000 	C:\WINDOWS\System32\SHELL32.dll
0x00007ffd04200000 - 0x00007ffd04992000 	C:\WINDOWS\SYSTEM32\windows.storage.dll
0x00007ffd08310000 - 0x00007ffd08665000 	C:\WINDOWS\System32\combase.dll
0x00007ffd06270000 - 0x00007ffd062a0000 	C:\WINDOWS\SYSTEM32\Wldp.dll
0x00007ffd07980000 - 0x00007ffd07a2d000 	C:\WINDOWS\System32\SHCORE.dll
0x00007ffd08670000 - 0x00007ffd086c5000 	C:\WINDOWS\System32\shlwapi.dll
0x00007ffd06ee0000 - 0x00007ffd06eff000 	C:\WINDOWS\SYSTEM32\profapi.dll
0x00007ffcf49d0000 - 0x00007ffcf49e9000 	C:\Program Files\Java\jdk-11.0.14\bin\net.dll
0x00007ffcfd860000 - 0x00007ffcfd96c000 	C:\WINDOWS\SYSTEM32\WINHTTP.dll
0x00007ffd05f90000 - 0x00007ffd05ffa000 	C:\WINDOWS\system32\mswsock.dll
0x00007ffcf4880000 - 0x00007ffcf4892000 	C:\Program Files\Java\jdk-11.0.14\bin\nio.dll
0x00007ffcf5890000 - 0x00007ffcf58b7000 	C:\Users\User\.gradle\native\68d5fa5c4cc2d200863cafc0d521ce42e7d3e7ee720ec0a83991735586a16f82\windows-amd64\native-platform.dll
0x00007ffce9040000 - 0x00007ffce9184000 	C:\Users\User\.gradle\native\e376f236ea51e6404a007f0833ffe2c6e607c4080706a723a18a27aeea778392\windows-amd64\native-platform-file-events.dll
0x00007ffd00520000 - 0x00007ffd00529000 	C:\Program Files\Java\jdk-11.0.14\bin\management.dll
0x00007ffcfe4c0000 - 0x00007ffcfe4cb000 	C:\Program Files\Java\jdk-11.0.14\bin\management_ext.dll
0x00007ffd06cc0000 - 0x00007ffd06cd8000 	C:\WINDOWS\SYSTEM32\CRYPTSP.dll
0x00007ffd05930000 - 0x00007ffd05964000 	C:\WINDOWS\system32\rsaenh.dll
0x00007ffd072b0000 - 0x00007ffd072d7000 	C:\WINDOWS\System32\bcrypt.dll
0x00007ffd06ea0000 - 0x00007ffd06ece000 	C:\WINDOWS\SYSTEM32\USERENV.dll
0x00007ffd061b0000 - 0x00007ffd061bc000 	C:\WINDOWS\SYSTEM32\CRYPTBASE.dll
0x00007ffd05ca0000 - 0x00007ffd05cdb000 	C:\WINDOWS\SYSTEM32\IPHLPAPI.DLL
0x00007ffd08300000 - 0x00007ffd08308000 	C:\WINDOWS\System32\NSI.dll
0x00007ffcfdb20000 - 0x00007ffcfdb37000 	C:\WINDOWS\SYSTEM32\dhcpcsvc6.DLL
0x00007ffcfde30000 - 0x00007ffcfde4d000 	C:\WINDOWS\SYSTEM32\dhcpcsvc.DLL
0x00007ffd05ce0000 - 0x00007ffd05daa000 	C:\WINDOWS\SYSTEM32\DNSAPI.dll

dbghelp: loaded successfully - version: 4.0.5 - missing functions: none
symbol engine: initialized successfully - sym options: 0x614 - pdb path: .;C:\Program Files\Java\jdk-11.0.14\bin;C:\WINDOWS\SYSTEM32;C:\WINDOWS\WinSxS\amd64_microsoft.windows.common-controls_6595b64144ccf1df_6.0.19041.1110_none_60b5254171f9507e;C:\Program Files\Java\jdk-11.0.14\bin\server;C:\Users\User\.gradle\native\68d5fa5c4cc2d200863cafc0d521ce42e7d3e7ee720ec0a83991735586a16f82\windows-amd64;C:\Users\User\.gradle\native\e376f236ea51e6404a007f0833ffe2c6e607c4080706a723a18a27aeea778392\windows-amd64

VM Arguments:
jvm_args: --add-opens=java.base/java.util=ALL-UNNAMED --add-opens=java.base/java.lang=ALL-UNNAMED --add-opens=java.base/java.lang.invoke=ALL-UNNAMED --add-opens=java.prefs/java.util.prefs=ALL-UNNAMED --add-opens=java.base/java.nio.charset=ALL-UNNAMED --add-opens=java.base/java.net=ALL-UNNAMED --add-opens=java.base/java.util.concurrent.atomic=ALL-UNNAMED -XX:MaxMetaspaceSize=256m -XX:+HeapDumpOnOutOfMemoryError -Xms256m -Xmx512m -Dfile.encoding=windows-1251 -Duser.country=US -Duser.language=en -Duser.variant 
java_command: org.gradle.launcher.daemon.bootstrap.GradleDaemon 7.6
java_class_path (initial): C:\Users\User\.gradle\wrapper\dists\gradle-7.6-bin\9l9tetv7ltxvx3i8an4pb86ye\gradle-7.6\lib\gradle-launcher-7.6.jar
Launcher Type: SUN_STANDARD

[Global flags]
     intx CICompilerCount                          = 3                                         {product} {ergonomic}
   size_t CompressedClassSpaceSize                 = 260046848                                 {product} {ergonomic}
     uint ConcGCThreads                            = 1                                         {product} {ergonomic}
     uint G1ConcRefinementThreads                  = 4                                         {product} {ergonomic}
   size_t G1HeapRegionSize                         = 1048576                                   {product} {ergonomic}
    uintx GCDrainStackTargetSize                   = 64                                        {product} {ergonomic}
     bool HeapDumpOnOutOfMemoryError               = true                                   {manageable} {command line}
   size_t InitialHeapSize                          = 268435456                                 {product} {command line}
   size_t MarkStackSize                            = 4194304                                   {product} {ergonomic}
   size_t MaxHeapSize                              = 536870912                                 {product} {command line}
   size_t MaxMetaspaceSize                         = 268435456                                 {product} {command line}
   size_t MaxNewSize                               = 321912832                                 {product} {ergonomic}
   size_t MinHeapDeltaBytes                        = 1048576                                   {product} {ergonomic}
    uintx NonNMethodCodeHeapSize                   = 5830732                                {pd product} {ergonomic}
    uintx NonProfiledCodeHeapSize                  = 122913754                              {pd product} {ergonomic}
    uintx ProfiledCodeHeapSize                     = 122913754                              {pd product} {ergonomic}
    uintx ReservedCodeCacheSize                    = 251658240                              {pd product} {ergonomic}
     bool SegmentedCodeCache                       = true                                      {product} {ergonomic}
     bool UseCompressedClassPointers               = true                                 {lp64_product} {ergonomic}
     bool UseCompressedOops                        = true                                 {lp64_product} {ergonomic}
     bool UseG1GC                                  = true                                      {product} {ergonomic}
     bool UseLargePagesIndividualAllocation        = false                                  {pd product} {ergonomic}

Logging:
Log output configuration:
 #0: stdout all=warning uptime,level,tags
 #1: stderr all=off uptime,level,tags

Environment Variables:
JAVA_HOME=C:\Program Files\Java\jdk-11.0.14
PATH=C:\Program Files\Java\jdk-11.0.14\bin;C:\Program Files (x86)\Common Files\Oracle\Java\javapath;%JAVA_HOME%\bin;C:\ProgramData\Oracle\Java\javapath;C:\WINDOWS\system32;C:\WINDOWS;C:\WINDOWS\System32\Wbem;C:\WINDOWS\System32\WindowsPowerShell\v1.0\;C:\WINDOWS\System32\OpenSSH\;C:\Program Files\TortoiseGit\bin;C:\Program Files\Git\cmd;C:\Program Files\MySQL\MySQL Server 8.0\bin;C:\Program Files\MySQL\MySQL Shell 8.0\bin\;C:\Program Files\Java\jdk-11.0.14\bin;C:\Users\User\AppData\Local\Microsoft\WindowsApps;C:\Users\User\AppData\Local\Programs\Microsoft VS Code\bin;C:\Users\User\AppData\Local\GitHubDesktop\bin;C:\Users\User\gradle-7.6\bin;C:\Program Files\Git\bin;;C:\Program Files\JetBrains\IntelliJ IDEA 2022.3.1\bin;
USERNAME=User
OS=Windows_NT
PROCESSOR_IDENTIFIER=Intel64 Family 6 Model 37 Stepping 2, GenuineIntel



---------------  S Y S T E M  ---------------

OS: Windows 10 , 64 bit Build 19041 (10.0.19041.2364)
Hyper-V role detected

CPU:total 4 (initial active 4) (2 cores per cpu, 2 threads per core) family 6 model 37 stepping 2 microcode 0x11, cmov, cx8, fxsr, mmx, sse, sse2, sse3, ssse3, sse4.1, sse4.2, popcnt, ht, tsc, tscinvbit

Memory: 4k page, system-wide physical 3950M (63M free)
TotalPageFile size 8008M (AvailPageFile size 2619M)
current process WorkingSet (physical memory assigned to process): 240M, peak: 240M
current process commit charge ("private bytes"): 416M, peak: 416M

vm_info: Java HotSpot(TM) 64-Bit Server VM (11.0.14+8-LTS-263) for windows-amd64 JRE (11.0.14+8-LTS-263), built on Dec  7 2021 21:53:57 by "mach5one" with MS VC++ 15.9 (VS2017)

END.
