#
# A fatal error has been detected by the Java Runtime Environment:
#
#  EXCEPTION_ACCESS_VIOLATION (0xc0000005) at pc=0x00007ff9453ff04d, pid=6832, tid=2360
#
# JRE version: Java(TM) SE Runtime Environment 18.9 (11.0.14+8) (build 11.0.14+8-LTS-263)
# Java VM: Java HotSpot(TM) 64-Bit Server VM 18.9 (11.0.14+8-LTS-263, mixed mode, tiered, compressed oops, g1 gc, windows-amd64)
# Problematic frame:
# V  [jvm.dll+0x18f04d]
#
# No core dump will be written. Minidumps are not enabled by default on client versions of Windows
#
# If you would like to submit a bug report, please visit:
#   https://bugreport.java.com/bugreport/crash.jsp
#

---------------  S U M M A R Y ------------

Command Line: --add-opens=java.base/java.util=ALL-UNNAMED --add-opens=java.base/java.lang=ALL-UNNAMED --add-opens=java.base/java.lang.invoke=ALL-UNNAMED --add-opens=java.prefs/java.util.prefs=ALL-UNNAMED --add-opens=java.base/java.nio.charset=ALL-UNNAMED --add-opens=java.base/java.net=ALL-UNNAMED --add-opens=java.base/java.util.concurrent.atomic=ALL-UNNAMED -XX:MaxMetaspaceSize=256m -XX:+HeapDumpOnOutOfMemoryError -Xms256m -Xmx512m -Dfile.encoding=windows-1251 -Duser.country=US -Duser.language=en -Duser.variant org.gradle.launcher.daemon.bootstrap.GradleDaemon 7.6

Host: Intel(R) Core(TM) i3 CPU       M 350  @ 2.27GHz, 4 cores, 3G,  Windows 10 , 64 bit Build 19041 (10.0.19041.2364)
Time: Mon Mar  6 16:57:22 2023 FLE Standard Time elapsed time: 75.333503 seconds (0d 0h 1m 15s)

---------------  T H R E A D  ---------------

Current thread (0x000001a42eb63000):  JavaThread "C2 CompilerThread1" daemon [_thread_in_native, id=2360, stack(0x0000001186e00000,0x0000001186f00000)]


Current CompileTask:
C2:  75333 6548       4       java.lang.Class::annotationData (44 bytes)

Stack: [0x0000001186e00000,0x0000001186f00000],  sp=0x0000001186efb6a0,  free space=1005k
Native frames: (J=compiled Java code, j=interpreted, Vv=VM code, C=native code)
V  [jvm.dll+0x18f04d]
V  [jvm.dll+0x18c81d]
V  [jvm.dll+0x1f8472]
V  [jvm.dll+0x1f754d]
V  [jvm.dll+0x177b21]
V  [jvm.dll+0x206e26]
V  [jvm.dll+0x204fbb]
V  [jvm.dll+0x729170]
V  [jvm.dll+0x721d44]
V  [jvm.dll+0x6285d6]
C  [ucrtbase.dll+0x21bb2]
C  [KERNEL32.DLL+0x17614]
C  [ntdll.dll+0x526a1]


siginfo: EXCEPTION_ACCESS_VIOLATION (0xc0000005), reading address 0x000001a432d48f08


Register to memory mapping:

RIP=0x00007ff9453ff04d jvm.dll
RAX=0x0000000000000134 is an unknown value
RBX=0x000001a432d48ef0 is an unknown value
RCX=0x0000000000002699 is an unknown value
RDX=0x0000000000000008 is an unknown value
RSP=0x0000001186efb6a0 is pointing into the stack for thread: 0x000001a42eb63000
RBP=0x0000001186efbbc0 is pointing into the stack for thread: 0x000001a42eb63000
RSI=0x000001a42b13b2e8 points into unknown readable memory: 0x00007ff945a5c1f0 | f0 c1 a5 45 f9 7f 00 00
RDI=0x0 is NULL
R8 =
[error occurred during error reporting (printing register info), id 0xc0000005, EXCEPTION_ACCESS_VIOLATION (0xc0000005) at pc=0x00007ff945541116]

Registers:
RAX=0x0000000000000134, RBX=0x000001a432d48ef0, RCX=0x0000000000002699, RDX=0x0000000000000008
RSP=0x0000001186efb6a0, RBP=0x0000001186efbbc0, RSI=0x000001a42b13b2e8, RDI=0x0000000000000000
R8 =0x00000000ffffffff, R9 =0x0000000000000010, R10=0x0000000000000000, R11=0x0000000000000000
R12=0x0000000000000001, R13=0x0000000000000001, R14=0x000001a42ab148e8, R15=0x000001a428505c30
RIP=0x00007ff9453ff04d, EFLAGS=0x0000000000010202

Top of Stack: (sp=0x0000001186efb6a0)
0x0000001186efb6a0:   000001a430548f90 000001a4000000aa
0x0000001186efb6b0:   000001a432167ef8 0000000000000000
0x0000001186efb6c0:   0000087500000008 00007ff900000002
0x0000001186efb6d0:   000001a42ab148e8 0000001186efb770
0x0000001186efb6e0:   0000000000000000 0000000000000000
0x0000001186efb6f0:   000001a4305e1b40 000001a42b915000
0x0000001186efb700:   00000000000003d8 000001a42b914ff0
0x0000001186efb710:   000001a42b9153d8 0000001186efbca8
0x0000001186efb720:   0000000000000000 0000001186efb840
0x0000001186efb730:   0000001186efbbc0 00007ff9453fc81d
0x0000001186efb740:   0000001186efbbc0 0000001186efb801
0x0000001186efb750:   0000001186efbc01 00000000ffffffff
0x0000001186efb760:   00007ff945a9fc00 000000000000000d
0x0000001186efb770:   00007ff900000006 000001a42b914ff0
0x0000001186efb780:   000001a430548ee0 000001a4305e1bf0
0x0000001186efb790:   000001a4305e1bf0 0000000000131dd8 

Instructions: (pc=0x00007ff9453ff04d)
0x00007ff9453ff02d:   e1 1f 48 8b 85 b8 00 00 00 41 8b d5 d3 e2 8b 04
0x00007ff9453ff03d:   b8 23 c2 74 0b 41 83 c8 10 44 89 83 98 00 00 00
0x00007ff9453ff04d:   48 83 7b 18 00 48 c7 c1 ff ff ff ff 48 8b c6 48
0x00007ff9453ff05d:   0f 45 c1 48 8b ce 48 89 43 18 48 8b 06 ff 50 78 


Stack slot to memory mapping:
stack at sp + 0 slots: 0x000001a430548f90 points into unknown readable memory: 0x0000000000000000 | 00 00 00 00 00 00 00 00
stack at sp + 1 slots: 0x000001a4000000aa is an unknown value
stack at sp + 2 slots: 0x000001a432167ef8 points into unknown readable memory: 0x0000000000000000 | 00 00 00 00 00 00 00 00
stack at sp + 3 slots: 0x0 is NULL
stack at sp + 4 slots: 0x0000087500000008 is an unknown value
stack at sp + 5 slots: 0x00007ff900000002 is an unknown value
stack at sp + 6 slots: 0x000001a42ab148e8 points into unknown readable memory: 0x00007ff945aa0960 | 60 09 aa 45 f9 7f 00 00
stack at sp + 7 slots: 0x0000001186efb770 is pointing into the stack for thread: 0x000001a42eb63000


---------------  P R O C E S S  ---------------

Threads class SMR info:
_java_thread_list=0x000001a42e7f8180, length=84, elements={
0x000001a40dcdc000, 0x000001a427b74800, 0x000001a427b75000, 0x000001a4284e3000,
0x000001a427b84800, 0x000001a427b86800, 0x000001a427b8d800, 0x000001a427b92000,
0x000001a427b9d000, 0x000001a42864a800, 0x000001a42a3d2800, 0x000001a429532000,
0x000001a429f88800, 0x000001a42a838000, 0x000001a429cda800, 0x000001a42a02b800,
0x000001a429aba800, 0x000001a42a06c800, 0x000001a429b28800, 0x000001a428bbc000,
0x000001a428bb6800, 0x000001a428bbd000, 0x000001a428bbb000, 0x000001a428bb7000,
0x000001a428bb8800, 0x000001a428bb8000, 0x000001a428bb9800, 0x000001a428bba800,
0x000001a429ffc800, 0x000001a429ff9800, 0x000001a429fff000, 0x000001a42a000000,
0x000001a429ffd800, 0x000001a42a001800, 0x000001a429ffc000, 0x000001a42a005800,
0x000001a42a006800, 0x000001a42a007800, 0x000001a42a008000, 0x000001a42a002800,
0x000001a42a003000, 0x000001a42a005000, 0x000001a42a004000, 0x000001a430185000,
0x000001a430181000, 0x000001a430182800, 0x000001a430183800, 0x000001a430180800,
0x000001a430184800, 0x000001a430186000, 0x000001a430187000, 0x000001a430187800,
0x000001a430182000, 0x000001a43018c800, 0x000001a43018e000, 0x000001a43018d800,
0x000001a43018b000, 0x000001a43018b800, 0x000001a430188800, 0x000001a43018a000,
0x000001a43018f000, 0x000001a42e739800, 0x000001a42e738000, 0x000001a42e73a800,
0x000001a42eb63000, 0x000001a42e73d000, 0x000001a42e737800, 0x000001a42e739000,
0x000001a42e741000, 0x000001a42e73c000, 0x000001a42e740800, 0x000001a42e73b800,
0x000001a42e742000, 0x000001a42e73e000, 0x000001a42e73e800, 0x000001a42e743800,
0x000001a42e745000, 0x000001a42e742800, 0x000001a42e744800, 0x000001a42e73f800,
0x000001a42e746000, 0x000001a42e3aa000, 0x000001a42e3a9800, 0x000001a42e3ab000
}

Java Threads: ( => current thread )
  0x000001a40dcdc000 JavaThread "main" [_thread_blocked, id=10612, stack(0x0000001182300000,0x0000001182400000)]
  0x000001a427b74800 JavaThread "Reference Handler" daemon [_thread_blocked, id=3444, stack(0x0000001182a00000,0x0000001182b00000)]
  0x000001a427b75000 JavaThread "Finalizer" daemon [_thread_blocked, id=1996, stack(0x0000001182b00000,0x0000001182c00000)]
  0x000001a4284e3000 JavaThread "Signal Dispatcher" daemon [_thread_blocked, id=7524, stack(0x0000001182c00000,0x0000001182d00000)]
  0x000001a427b84800 JavaThread "Attach Listener" daemon [_thread_blocked, id=8520, stack(0x0000001182d00000,0x0000001182e00000)]
  0x000001a427b86800 JavaThread "Service Thread" daemon [_thread_blocked, id=10432, stack(0x0000001182e00000,0x0000001182f00000)]
  0x000001a427b8d800 JavaThread "C2 CompilerThread0" daemon [_thread_blocked, id=764, stack(0x0000001182f00000,0x0000001183000000)]
  0x000001a427b92000 JavaThread "C1 CompilerThread0" daemon [_thread_blocked, id=7284, stack(0x0000001183000000,0x0000001183100000)]
  0x000001a427b9d000 JavaThread "Sweeper thread" daemon [_thread_blocked, id=3640, stack(0x0000001183100000,0x0000001183200000)]
  0x000001a42864a800 JavaThread "Common-Cleaner" daemon [_thread_blocked, id=10316, stack(0x0000001183200000,0x0000001183300000)]
  0x000001a42a3d2800 JavaThread "Daemon health stats" [_thread_blocked, id=10244, stack(0x0000001183800000,0x0000001183900000)]
  0x000001a429532000 JavaThread "Incoming local TCP Connector on port 57485" [_thread_in_native, id=7404, stack(0x0000001183700000,0x0000001183800000)]
  0x000001a429f88800 JavaThread "Daemon periodic checks" [_thread_blocked, id=6868, stack(0x0000001183900000,0x0000001183a00000)]
  0x000001a42a838000 JavaThread "Daemon" [_thread_blocked, id=10688, stack(0x0000001183a00000,0x0000001183b00000)]
  0x000001a429cda800 JavaThread "Handler for socket connection from /127.0.0.1:57485 to /127.0.0.1:57486" [_thread_in_native, id=6612, stack(0x0000001183b00000,0x0000001183c00000)]
  0x000001a42a02b800 JavaThread "Cancel handler" [_thread_blocked, id=6628, stack(0x0000001183c00000,0x0000001183d00000)]
  0x000001a429aba800 JavaThread "Daemon worker" [_thread_blocked, id=656, stack(0x0000001183d00000,0x0000001183e00000)]
  0x000001a42a06c800 JavaThread "Asynchronous log dispatcher for DefaultDaemonConnection: socket connection from /127.0.0.1:57485 to /127.0.0.1:57486" [_thread_blocked, id=2628, stack(0x0000001183e00000,0x0000001183f00000)]
  0x000001a429b28800 JavaThread "Stdin handler" [_thread_blocked, id=8220, stack(0x0000001183f00000,0x0000001184000000)]
  0x000001a428bbc000 JavaThread "Daemon client event forwarder" [_thread_blocked, id=6680, stack(0x0000001184000000,0x0000001184100000)]
  0x000001a428bb6800 JavaThread "Cache worker for journal cache (C:\Users\User\.gradle\caches\journal-1)" [_thread_blocked, id=9452, stack(0x0000001184100000,0x0000001184200000)]
  0x000001a428bbd000 JavaThread "File lock request listener" [_thread_in_native, id=11220, stack(0x0000001184200000,0x0000001184300000)]
  0x000001a428bbb000 JavaThread "Cache worker for file hash cache (C:\Users\User\.gradle\caches\7.6\fileHashes)" [_thread_blocked, id=6592, stack(0x0000001184300000,0x0000001184400000)]
  0x000001a428bb7000 JavaThread "File watcher server" daemon [_thread_in_native, id=3680, stack(0x0000001184400000,0x0000001184500000)]
  0x000001a428bb8800 JavaThread "File watcher consumer" daemon [_thread_blocked, id=10512, stack(0x0000001184500000,0x0000001184600000)]
  0x000001a428bb8000 JavaThread "Cache worker for checksums cache (C:\Users\User\Desktop\AStar\.gradle\7.6\checksums)" [_thread_blocked, id=5644, stack(0x0000001184600000,0x0000001184700000)]
  0x000001a428bb9800 JavaThread "Cache worker for cache directory md-rule (C:\Users\User\.gradle\caches\7.6\md-rule)" [_thread_blocked, id=6756, stack(0x0000001184700000,0x0000001184800000)]
  0x000001a428bba800 JavaThread "Cache worker for file content cache (C:\Users\User\.gradle\caches\7.6\fileContent)" [_thread_blocked, id=5708, stack(0x0000001184900000,0x0000001184a00000)]
  0x000001a429ffc800 JavaThread "Cache worker for file hash cache (C:\Users\User\Desktop\AStar\.gradle\7.6\fileHashes)" [_thread_blocked, id=5980, stack(0x0000001184800000,0x0000001184900000)]
  0x000001a429ff9800 JavaThread "Cache worker for cache directory md-supplier (C:\Users\User\.gradle\caches\7.6\md-supplier)" [_thread_blocked, id=2980, stack(0x0000001184a00000,0x0000001184b00000)]
  0x000001a429fff000 JavaThread "Cache worker for execution history cache (C:\Users\User\.gradle\caches\7.6\executionHistory)" [_thread_blocked, id=11024, stack(0x0000001184b00000,0x0000001184c00000)]
  0x000001a42a000000 JavaThread "jar transforms" [_thread_blocked, id=8180, stack(0x0000001184c00000,0x0000001184d00000)]
  0x000001a429ffd800 JavaThread "jar transforms Thread 2" [_thread_blocked, id=5284, stack(0x0000001184d00000,0x0000001184e00000)]
  0x000001a42a001800 JavaThread "jar transforms Thread 3" [_thread_blocked, id=6684, stack(0x0000001184f00000,0x0000001185000000)]
  0x000001a429ffc000 JavaThread "jar transforms Thread 4" [_thread_blocked, id=11172, stack(0x0000001184e00000,0x0000001184f00000)]
  0x000001a42a005800 JavaThread "Cache worker for dependencies-accessors (C:\Users\User\Desktop\AStar\.gradle\7.6\dependencies-accessors)" [_thread_blocked, id=9816, stack(0x0000001185100000,0x0000001185200000)]
  0x000001a42a006800 JavaThread "Cache worker for Build Output Cleanup Cache (C:\Users\User\Desktop\AStar\.gradle\buildOutputCleanup)" [_thread_blocked, id=5624, stack(0x0000001185400000,0x0000001185500000)]
  0x000001a42a007800 JavaThread "Unconstrained build operations" [_thread_blocked, id=2568, stack(0x0000001185000000,0x0000001185100000)]
  0x000001a42a008000 JavaThread "Unconstrained build operations Thread 2" [_thread_blocked, id=6604, stack(0x0000001185600000,0x0000001185700000)]
  0x000001a42a002800 JavaThread "Unconstrained build operations Thread 3" [_thread_blocked, id=9480, stack(0x0000001185700000,0x0000001185800000)]
  0x000001a42a003000 JavaThread "Unconstrained build operations Thread 4" [_thread_blocked, id=7696, stack(0x0000001185800000,0x0000001185900000)]
  0x000001a42a005000 JavaThread "Unconstrained build operations Thread 5" [_thread_blocked, id=10584, stack(0x0000001185900000,0x0000001185a00000)]
  0x000001a42a004000 JavaThread "Unconstrained build operations Thread 6" [_thread_blocked, id=7752, stack(0x0000001185a00000,0x0000001185b00000)]
  0x000001a430185000 JavaThread "Unconstrained build operations Thread 7" [_thread_blocked, id=7056, stack(0x0000001185b00000,0x0000001185c00000)]
  0x000001a430181000 JavaThread "Unconstrained build operations Thread 8" [_thread_blocked, id=10812, stack(0x0000001185c00000,0x0000001185d00000)]
  0x000001a430182800 JavaThread "Unconstrained build operations Thread 9" [_thread_blocked, id=7848, stack(0x0000001185d00000,0x0000001185e00000)]
  0x000001a430183800 JavaThread "Unconstrained build operations Thread 10" [_thread_blocked, id=11180, stack(0x0000001185e00000,0x0000001185f00000)]
  0x000001a430180800 JavaThread "Unconstrained build operations Thread 11" [_thread_blocked, id=5532, stack(0x0000001185f00000,0x0000001186000000)]
  0x000001a430184800 JavaThread "Unconstrained build operations Thread 12" [_thread_blocked, id=11036, stack(0x0000001186000000,0x0000001186100000)]
  0x000001a430186000 JavaThread "Unconstrained build operations Thread 13" [_thread_blocked, id=8916, stack(0x0000001186100000,0x0000001186200000)]
  0x000001a430187000 JavaThread "Unconstrained build operations Thread 14" [_thread_blocked, id=7620, stack(0x0000001186200000,0x0000001186300000)]
  0x000001a430187800 JavaThread "Unconstrained build operations Thread 15" [_thread_blocked, id=8160, stack(0x0000001186300000,0x0000001186400000)]
  0x000001a430182000 JavaThread "Unconstrained build operations Thread 16" [_thread_blocked, id=7776, stack(0x0000001186400000,0x0000001186500000)]
  0x000001a43018c800 JavaThread "Unconstrained build operations Thread 17" [_thread_blocked, id=7964, stack(0x0000001186500000,0x0000001186600000)]
  0x000001a43018e000 JavaThread "Unconstrained build operations Thread 18" [_thread_blocked, id=5848, stack(0x0000001186600000,0x0000001186700000)]
  0x000001a43018d800 JavaThread "Memory manager" [_thread_blocked, id=10752, stack(0x0000001186800000,0x0000001186900000)]
  0x000001a43018b000 JavaThread "included builds" [_thread_in_native, id=8768, stack(0x0000001186900000,0x0000001186a00000)]
  0x000001a43018b800 JavaThread "Execution worker" [_thread_blocked, id=7956, stack(0x0000001186a00000,0x0000001186b00000)]
  0x000001a430188800 JavaThread "Execution worker Thread 2" [_thread_blocked, id=6768, stack(0x0000001186b00000,0x0000001186c00000)]
  0x000001a43018a000 JavaThread "Execution worker Thread 3" [_thread_blocked, id=7164, stack(0x0000001186c00000,0x0000001186d00000)]
  0x000001a43018f000 JavaThread "Cache worker for execution history cache (C:\Users\User\Desktop\AStar\.gradle\7.6\executionHistory)" [_thread_blocked, id=3524, stack(0x0000001186d00000,0x0000001186e00000)]
  0x000001a42e739800 JavaThread "Unconstrained build operations Thread 19" [_thread_blocked, id=10580, stack(0x0000001186700000,0x0000001186800000)]
  0x000001a42e738000 JavaThread "Unconstrained build operations Thread 20" [_thread_blocked, id=8548, stack(0x0000001186f00000,0x0000001187000000)]
  0x000001a42e73a800 JavaThread "Unconstrained build operations Thread 21" [_thread_blocked, id=5064, stack(0x0000001187000000,0x0000001187100000)]
=>0x000001a42eb63000 JavaThread "C2 CompilerThread1" daemon [_thread_in_native, id=2360, stack(0x0000001186e00000,0x0000001186f00000)]
  0x000001a42e73d000 JavaThread "Unconstrained build operations Thread 22" [_thread_blocked, id=10856, stack(0x0000001187100000,0x0000001187200000)]
  0x000001a42e737800 JavaThread "Unconstrained build operations Thread 23" [_thread_blocked, id=9836, stack(0x0000001187200000,0x0000001187300000)]
  0x000001a42e739000 JavaThread "Unconstrained build operations Thread 24" [_thread_blocked, id=9948, stack(0x0000001187300000,0x0000001187400000)]
  0x000001a42e741000 JavaThread "Unconstrained build operations Thread 25" [_thread_blocked, id=9940, stack(0x0000001187400000,0x0000001187500000)]
  0x000001a42e73c000 JavaThread "Unconstrained build operations Thread 26" [_thread_blocked, id=5576, stack(0x0000001187500000,0x0000001187600000)]
  0x000001a42e740800 JavaThread "Unconstrained build operations Thread 27" [_thread_blocked, id=6084, stack(0x0000001187600000,0x0000001187700000)]
  0x000001a42e73b800 JavaThread "Unconstrained build operations Thread 28" [_thread_blocked, id=3392, stack(0x0000001187700000,0x0000001187800000)]
  0x000001a42e742000 JavaThread "Unconstrained build operations Thread 29" [_thread_blocked, id=7460, stack(0x0000001187800000,0x0000001187900000)]
  0x000001a42e73e000 JavaThread "Unconstrained build operations Thread 30" [_thread_blocked, id=5612, stack(0x0000001187900000,0x0000001187a00000)]
  0x000001a42e73e800 JavaThread "Unconstrained build operations Thread 31" [_thread_blocked, id=10188, stack(0x0000001187a00000,0x0000001187b00000)]
  0x000001a42e743800 JavaThread "Unconstrained build operations Thread 32" [_thread_blocked, id=8684, stack(0x0000001187b00000,0x0000001187c00000)]
  0x000001a42e745000 JavaThread "Unconstrained build operations Thread 33" [_thread_blocked, id=11240, stack(0x0000001187c00000,0x0000001187d00000)]
  0x000001a42e742800 JavaThread "Unconstrained build operations Thread 34" [_thread_blocked, id=1028, stack(0x0000001187d00000,0x0000001187e00000)]
  0x000001a42e744800 JavaThread "Unconstrained build operations Thread 35" [_thread_blocked, id=6860, stack(0x0000001187e00000,0x0000001187f00000)]
  0x000001a42e73f800 JavaThread "Unconstrained build operations Thread 36" [_thread_blocked, id=3600, stack(0x0000001187f00000,0x0000001188000000)]
  0x000001a42e746000 JavaThread "Unconstrained build operations Thread 37" [_thread_blocked, id=6224, stack(0x0000001188000000,0x0000001188100000)]
  0x000001a42e3aa000 JavaThread "Unconstrained build operations Thread 38" [_thread_blocked, id=2604, stack(0x0000001188100000,0x0000001188200000)]
  0x000001a42e3a9800 JavaThread "Unconstrained build operations Thread 39" [_thread_blocked, id=5672, stack(0x0000001188200000,0x0000001188300000)]
  0x000001a42e3ab000 JavaThread "Unconstrained build operations Thread 40" [_thread_blocked, id=7912, stack(0x0000001188300000,0x0000001188400000)]

Other Threads:
  0x000001a427b3e000 VMThread "VM Thread" [stack: 0x0000001182900000,0x0000001182a00000] [id=9372]
  0x000001a428683800 WatcherThread [stack: 0x0000001183300000,0x0000001183400000] [id=7160]
  0x000001a40dcf3000 GCTaskThread "GC Thread#0" [stack: 0x0000001182400000,0x0000001182500000] [id=580]
  0x000001a428a06800 GCTaskThread "GC Thread#1" [stack: 0x0000001183400000,0x0000001183500000] [id=4932]
  0x000001a428d19800 GCTaskThread "GC Thread#2" [stack: 0x0000001183500000,0x0000001183600000] [id=2064]
  0x000001a428d1a800 GCTaskThread "GC Thread#3" [stack: 0x0000001183600000,0x0000001183700000] [id=476]
  0x000001a40dd06000 ConcurrentGCThread "G1 Main Marker" [stack: 0x0000001182500000,0x0000001182600000] [id=648]
  0x000001a40dd07800 ConcurrentGCThread "G1 Conc#0" [stack: 0x0000001182600000,0x0000001182700000] [id=6400]
  0x000001a40ddbd800 ConcurrentGCThread "G1 Refine#0" [stack: 0x0000001182700000,0x0000001182800000] [id=3060]
  0x000001a40ddbe800 ConcurrentGCThread "G1 Young RemSet Sampling" [stack: 0x0000001182800000,0x0000001182900000] [id=4148]

Threads with active compile tasks:
C2 CompilerThread1  75844 6548       4       java.lang.Class::annotationData (44 bytes)

VM state:not at safepoint (normal execution)

VM Mutex/Monitor currently owned by a thread: None

Heap address: 0x00000000e0000000, size: 512 MB, Compressed Oops mode: 32-bit
Narrow klass base: 0x0000000000000000, Narrow klass shift: 3
Compressed class space size: 260046848 Address: 0x0000000100000000

Heap:
 garbage-first heap   total 262144K, used 145845K [0x00000000e0000000, 0x0000000100000000)
  region size 1024K, 124 young (126976K), 15 survivors (15360K)
 Metaspace       used 64062K, capacity 66055K, committed 66304K, reserved 311296K
  class space    used 8474K, capacity 9205K, committed 9216K, reserved 253952K
Heap Regions: E=young(eden), S=young(survivor), O=old, HS=humongous(starts), HC=humongous(continues), CS=collection set, F=free, A=archive, TAMS=top-at-mark-start (previous, next)
|   0|0x00000000e0000000, 0x00000000e0100000, 0x00000000e0100000|100%|HS|  |TAMS 0x00000000e0100000, 0x00000000e0000000| Complete 
|   1|0x00000000e0100000, 0x00000000e0200000, 0x00000000e0200000|100%|HC|  |TAMS 0x00000000e0200000, 0x00000000e0100000| Complete 
|   2|0x00000000e0200000, 0x00000000e0300000, 0x00000000e0300000|100%|HC|  |TAMS 0x00000000e0300000, 0x00000000e0200000| Complete 
|   3|0x00000000e0300000, 0x00000000e0400000, 0x00000000e0400000|100%| O|  |TAMS 0x00000000e0400000, 0x00000000e0300000| Untracked 
|   4|0x00000000e0400000, 0x00000000e0500000, 0x00000000e0500000|100%| O|  |TAMS 0x00000000e0500000, 0x00000000e0400000| Untracked 
|   5|0x00000000e0500000, 0x00000000e0600000, 0x00000000e0600000|100%| O|  |TAMS 0x00000000e0600000, 0x00000000e0500000| Untracked 
|   6|0x00000000e0600000, 0x00000000e0700000, 0x00000000e0700000|100%| O|  |TAMS 0x00000000e0700000, 0x00000000e0600000| Untracked 
|   7|0x00000000e0700000, 0x00000000e0800000, 0x00000000e0800000|100%| O|  |TAMS 0x00000000e0800000, 0x00000000e0700000| Untracked 
|   8|0x00000000e0800000, 0x00000000e0900000, 0x00000000e0900000|100%| O|  |TAMS 0x00000000e0900000, 0x00000000e0800000| Untracked 
|   9|0x00000000e0900000, 0x00000000e0a00000, 0x00000000e0a00000|100%| O|  |TAMS 0x00000000e0a00000, 0x00000000e0900000| Untracked 
|  10|0x00000000e0a00000, 0x00000000e0b00000, 0x00000000e0b00000|100%| O|  |TAMS 0x00000000e0b00000, 0x00000000e0a00000| Untracked 
|  11|0x00000000e0b00000, 0x00000000e0c00000, 0x00000000e0c00000|100%| O|  |TAMS 0x00000000e0c00000, 0x00000000e0b00000| Untracked 
|  12|0x00000000e0c00000, 0x00000000e0d00000, 0x00000000e0d00000|100%| O|  |TAMS 0x00000000e0d00000, 0x00000000e0c00000| Untracked 
|  13|0x00000000e0d00000, 0x00000000e0e00000, 0x00000000e0e00000|100%| O|  |TAMS 0x00000000e0e00000, 0x00000000e0d00000| Untracked 
|  14|0x00000000e0e00000, 0x00000000e0f00000, 0x00000000e0f00000|100%| O|  |TAMS 0x00000000e0f00000, 0x00000000e0e00000| Untracked 
|  15|0x00000000e0f00000, 0x00000000e1000000, 0x00000000e1000000|100%| O|  |TAMS 0x00000000e1000000, 0x00000000e0f00000| Untracked 
|  16|0x00000000e1000000, 0x00000000e1100000, 0x00000000e1100000|100%| O|  |TAMS 0x00000000e1100000, 0x00000000e1000000| Untracked 
|  17|0x00000000e1100000, 0x00000000e1200000, 0x00000000e1200000|100%| O|  |TAMS 0x00000000e1200000, 0x00000000e1100000| Untracked 
|  18|0x00000000e1200000, 0x00000000e1300000, 0x00000000e1300000|100%| O|  |TAMS 0x00000000e1300000, 0x00000000e1200000| Untracked 
|  19|0x00000000e1300000, 0x00000000e1400000, 0x00000000e1400000|100%| O|  |TAMS 0x00000000e1400000, 0x00000000e1300000| Untracked 
|  20|0x00000000e1400000, 0x00000000e14ed400, 0x00000000e1500000| 92%| O|  |TAMS 0x00000000e14ed400, 0x00000000e1400000| Untracked 
|  21|0x00000000e1500000, 0x00000000e1500000, 0x00000000e1600000|  0%| F|  |TAMS 0x00000000e1500000, 0x00000000e1500000| Untracked 
|  22|0x00000000e1600000, 0x00000000e1600000, 0x00000000e1700000|  0%| F|  |TAMS 0x00000000e1600000, 0x00000000e1600000| Untracked 
|  23|0x00000000e1700000, 0x00000000e1700000, 0x00000000e1800000|  0%| F|  |TAMS 0x00000000e1700000, 0x00000000e1700000| Untracked 
|  24|0x00000000e1800000, 0x00000000e1800000, 0x00000000e1900000|  0%| F|  |TAMS 0x00000000e1800000, 0x00000000e1800000| Untracked 
|  25|0x00000000e1900000, 0x00000000e1900000, 0x00000000e1a00000|  0%| F|  |TAMS 0x00000000e1900000, 0x00000000e1900000| Untracked 
|  26|0x00000000e1a00000, 0x00000000e1a00000, 0x00000000e1b00000|  0%| F|  |TAMS 0x00000000e1a00000, 0x00000000e1a00000| Untracked 
|  27|0x00000000e1b00000, 0x00000000e1b00000, 0x00000000e1c00000|  0%| F|  |TAMS 0x00000000e1b00000, 0x00000000e1b00000| Untracked 
|  28|0x00000000e1c00000, 0x00000000e1c00000, 0x00000000e1d00000|  0%| F|  |TAMS 0x00000000e1c00000, 0x00000000e1c00000| Untracked 
|  29|0x00000000e1d00000, 0x00000000e1d00000, 0x00000000e1e00000|  0%| F|  |TAMS 0x00000000e1d00000, 0x00000000e1d00000| Untracked 
|  30|0x00000000e1e00000, 0x00000000e1e00000, 0x00000000e1f00000|  0%| F|  |TAMS 0x00000000e1e00000, 0x00000000e1e00000| Untracked 
|  31|0x00000000e1f00000, 0x00000000e1f00000, 0x00000000e2000000|  0%| F|  |TAMS 0x00000000e1f00000, 0x00000000e1f00000| Untracked 
|  32|0x00000000e2000000, 0x00000000e2000000, 0x00000000e2100000|  0%| F|  |TAMS 0x00000000e2000000, 0x00000000e2000000| Untracked 
|  33|0x00000000e2100000, 0x00000000e2100000, 0x00000000e2200000|  0%| F|  |TAMS 0x00000000e2100000, 0x00000000e2100000| Untracked 
|  34|0x00000000e2200000, 0x00000000e2200000, 0x00000000e2300000|  0%| F|  |TAMS 0x00000000e2200000, 0x00000000e2200000| Untracked 
|  35|0x00000000e2300000, 0x00000000e2300000, 0x00000000e2400000|  0%| F|  |TAMS 0x00000000e2300000, 0x00000000e2300000| Untracked 
|  36|0x00000000e2400000, 0x00000000e2400000, 0x00000000e2500000|  0%| F|  |TAMS 0x00000000e2400000, 0x00000000e2400000| Untracked 
|  37|0x00000000e2500000, 0x00000000e2500000, 0x00000000e2600000|  0%| F|  |TAMS 0x00000000e2500000, 0x00000000e2500000| Untracked 
|  38|0x00000000e2600000, 0x00000000e2600000, 0x00000000e2700000|  0%| F|  |TAMS 0x00000000e2600000, 0x00000000e2600000| Untracked 
|  39|0x00000000e2700000, 0x00000000e2700000, 0x00000000e2800000|  0%| F|  |TAMS 0x00000000e2700000, 0x00000000e2700000| Untracked 
|  40|0x00000000e2800000, 0x00000000e2800000, 0x00000000e2900000|  0%| F|  |TAMS 0x00000000e2800000, 0x00000000e2800000| Untracked 
|  41|0x00000000e2900000, 0x00000000e2900000, 0x00000000e2a00000|  0%| F|  |TAMS 0x00000000e2900000, 0x00000000e2900000| Untracked 
|  42|0x00000000e2a00000, 0x00000000e2a00000, 0x00000000e2b00000|  0%| F|  |TAMS 0x00000000e2a00000, 0x00000000e2a00000| Untracked 
|  43|0x00000000e2b00000, 0x00000000e2b00000, 0x00000000e2c00000|  0%| F|  |TAMS 0x00000000e2b00000, 0x00000000e2b00000| Untracked 
|  44|0x00000000e2c00000, 0x00000000e2c00000, 0x00000000e2d00000|  0%| F|  |TAMS 0x00000000e2c00000, 0x00000000e2c00000| Untracked 
|  45|0x00000000e2d00000, 0x00000000e2d00000, 0x00000000e2e00000|  0%| F|  |TAMS 0x00000000e2d00000, 0x00000000e2d00000| Untracked 
|  46|0x00000000e2e00000, 0x00000000e2e00000, 0x00000000e2f00000|  0%| F|  |TAMS 0x00000000e2e00000, 0x00000000e2e00000| Untracked 
|  47|0x00000000e2f00000, 0x00000000e2f00000, 0x00000000e3000000|  0%| F|  |TAMS 0x00000000e2f00000, 0x00000000e2f00000| Untracked 
|  48|0x00000000e3000000, 0x00000000e3000000, 0x00000000e3100000|  0%| F|  |TAMS 0x00000000e3000000, 0x00000000e3000000| Untracked 
|  49|0x00000000e3100000, 0x00000000e3100000, 0x00000000e3200000|  0%| F|  |TAMS 0x00000000e3100000, 0x00000000e3100000| Untracked 
|  50|0x00000000e3200000, 0x00000000e3200000, 0x00000000e3300000|  0%| F|  |TAMS 0x00000000e3200000, 0x00000000e3200000| Untracked 
|  51|0x00000000e3300000, 0x00000000e3300000, 0x00000000e3400000|  0%| F|  |TAMS 0x00000000e3300000, 0x00000000e3300000| Untracked 
|  52|0x00000000e3400000, 0x00000000e3400000, 0x00000000e3500000|  0%| F|  |TAMS 0x00000000e3400000, 0x00000000e3400000| Untracked 
|  53|0x00000000e3500000, 0x00000000e3500000, 0x00000000e3600000|  0%| F|  |TAMS 0x00000000e3500000, 0x00000000e3500000| Untracked 
|  54|0x00000000e3600000, 0x00000000e3600000, 0x00000000e3700000|  0%| F|  |TAMS 0x00000000e3600000, 0x00000000e3600000| Untracked 
|  55|0x00000000e3700000, 0x00000000e3700000, 0x00000000e3800000|  0%| F|  |TAMS 0x00000000e3700000, 0x00000000e3700000| Untracked 
|  56|0x00000000e3800000, 0x00000000e3800000, 0x00000000e3900000|  0%| F|  |TAMS 0x00000000e3800000, 0x00000000e3800000| Untracked 
|  57|0x00000000e3900000, 0x00000000e3900000, 0x00000000e3a00000|  0%| F|  |TAMS 0x00000000e3900000, 0x00000000e3900000| Untracked 
|  58|0x00000000e3a00000, 0x00000000e3a00000, 0x00000000e3b00000|  0%| F|  |TAMS 0x00000000e3a00000, 0x00000000e3a00000| Untracked 
|  59|0x00000000e3b00000, 0x00000000e3b00000, 0x00000000e3c00000|  0%| F|  |TAMS 0x00000000e3b00000, 0x00000000e3b00000| Untracked 
|  60|0x00000000e3c00000, 0x00000000e3c00000, 0x00000000e3d00000|  0%| F|  |TAMS 0x00000000e3c00000, 0x00000000e3c00000| Untracked 
|  61|0x00000000e3d00000, 0x00000000e3d00000, 0x00000000e3e00000|  0%| F|  |TAMS 0x00000000e3d00000, 0x00000000e3d00000| Untracked 
|  62|0x00000000e3e00000, 0x00000000e3e00000, 0x00000000e3f00000|  0%| F|  |TAMS 0x00000000e3e00000, 0x00000000e3e00000| Untracked 
|  63|0x00000000e3f00000, 0x00000000e3f00000, 0x00000000e4000000|  0%| F|  |TAMS 0x00000000e3f00000, 0x00000000e3f00000| Untracked 
|  64|0x00000000e4000000, 0x00000000e4000000, 0x00000000e4100000|  0%| F|  |TAMS 0x00000000e4000000, 0x00000000e4000000| Untracked 
|  65|0x00000000e4100000, 0x00000000e4100000, 0x00000000e4200000|  0%| F|  |TAMS 0x00000000e4100000, 0x00000000e4100000| Untracked 
|  66|0x00000000e4200000, 0x00000000e4200000, 0x00000000e4300000|  0%| F|  |TAMS 0x00000000e4200000, 0x00000000e4200000| Untracked 
|  67|0x00000000e4300000, 0x00000000e4300000, 0x00000000e4400000|  0%| F|  |TAMS 0x00000000e4300000, 0x00000000e4300000| Untracked 
|  68|0x00000000e4400000, 0x00000000e4400000, 0x00000000e4500000|  0%| F|  |TAMS 0x00000000e4400000, 0x00000000e4400000| Untracked 
|  69|0x00000000e4500000, 0x00000000e4500000, 0x00000000e4600000|  0%| F|  |TAMS 0x00000000e4500000, 0x00000000e4500000| Untracked 
|  70|0x00000000e4600000, 0x00000000e4600000, 0x00000000e4700000|  0%| F|  |TAMS 0x00000000e4600000, 0x00000000e4600000| Untracked 
|  71|0x00000000e4700000, 0x00000000e4700000, 0x00000000e4800000|  0%| F|  |TAMS 0x00000000e4700000, 0x00000000e4700000| Untracked 
|  72|0x00000000e4800000, 0x00000000e4800000, 0x00000000e4900000|  0%| F|  |TAMS 0x00000000e4800000, 0x00000000e4800000| Untracked 
|  73|0x00000000e4900000, 0x00000000e4900000, 0x00000000e4a00000|  0%| F|  |TAMS 0x00000000e4900000, 0x00000000e4900000| Untracked 
|  74|0x00000000e4a00000, 0x00000000e4a00000, 0x00000000e4b00000|  0%| F|  |TAMS 0x00000000e4a00000, 0x00000000e4a00000| Untracked 
|  75|0x00000000e4b00000, 0x00000000e4b00000, 0x00000000e4c00000|  0%| F|  |TAMS 0x00000000e4b00000, 0x00000000e4b00000| Untracked 
|  76|0x00000000e4c00000, 0x00000000e4c00000, 0x00000000e4d00000|  0%| F|  |TAMS 0x00000000e4c00000, 0x00000000e4c00000| Untracked 
|  77|0x00000000e4d00000, 0x00000000e4d00000, 0x00000000e4e00000|  0%| F|  |TAMS 0x00000000e4d00000, 0x00000000e4d00000| Untracked 
|  78|0x00000000e4e00000, 0x00000000e4e00000, 0x00000000e4f00000|  0%| F|  |TAMS 0x00000000e4e00000, 0x00000000e4e00000| Untracked 
|  79|0x00000000e4f00000, 0x00000000e4f00000, 0x00000000e5000000|  0%| F|  |TAMS 0x00000000e4f00000, 0x00000000e4f00000| Untracked 
|  80|0x00000000e5000000, 0x00000000e5000000, 0x00000000e5100000|  0%| F|  |TAMS 0x00000000e5000000, 0x00000000e5000000| Untracked 
|  81|0x00000000e5100000, 0x00000000e5100000, 0x00000000e5200000|  0%| F|  |TAMS 0x00000000e5100000, 0x00000000e5100000| Untracked 
|  82|0x00000000e5200000, 0x00000000e5200000, 0x00000000e5300000|  0%| F|  |TAMS 0x00000000e5200000, 0x00000000e5200000| Untracked 
|  83|0x00000000e5300000, 0x00000000e5300000, 0x00000000e5400000|  0%| F|  |TAMS 0x00000000e5300000, 0x00000000e5300000| Untracked 
|  84|0x00000000e5400000, 0x00000000e5400000, 0x00000000e5500000|  0%| F|  |TAMS 0x00000000e5400000, 0x00000000e5400000| Untracked 
|  85|0x00000000e5500000, 0x00000000e5500000, 0x00000000e5600000|  0%| F|  |TAMS 0x00000000e5500000, 0x00000000e5500000| Untracked 
|  86|0x00000000e5600000, 0x00000000e5600000, 0x00000000e5700000|  0%| F|  |TAMS 0x00000000e5600000, 0x00000000e5600000| Untracked 
|  87|0x00000000e5700000, 0x00000000e5700000, 0x00000000e5800000|  0%| F|  |TAMS 0x00000000e5700000, 0x00000000e5700000| Untracked 
|  88|0x00000000e5800000, 0x00000000e5800000, 0x00000000e5900000|  0%| F|  |TAMS 0x00000000e5800000, 0x00000000e5800000| Untracked 
|  89|0x00000000e5900000, 0x00000000e5900000, 0x00000000e5a00000|  0%| F|  |TAMS 0x00000000e5900000, 0x00000000e5900000| Untracked 
|  90|0x00000000e5a00000, 0x00000000e5a00000, 0x00000000e5b00000|  0%| F|  |TAMS 0x00000000e5a00000, 0x00000000e5a00000| Untracked 
|  91|0x00000000e5b00000, 0x00000000e5b00000, 0x00000000e5c00000|  0%| F|  |TAMS 0x00000000e5b00000, 0x00000000e5b00000| Untracked 
|  92|0x00000000e5c00000, 0x00000000e5c00000, 0x00000000e5d00000|  0%| F|  |TAMS 0x00000000e5c00000, 0x00000000e5c00000| Untracked 
|  93|0x00000000e5d00000, 0x00000000e5d00000, 0x00000000e5e00000|  0%| F|  |TAMS 0x00000000e5d00000, 0x00000000e5d00000| Untracked 
|  94|0x00000000e5e00000, 0x00000000e5e00000, 0x00000000e5f00000|  0%| F|  |TAMS 0x00000000e5e00000, 0x00000000e5e00000| Untracked 
|  95|0x00000000e5f00000, 0x00000000e5f00000, 0x00000000e6000000|  0%| F|  |TAMS 0x00000000e5f00000, 0x00000000e5f00000| Untracked 
|  96|0x00000000e6000000, 0x00000000e6000000, 0x00000000e6100000|  0%| F|  |TAMS 0x00000000e6000000, 0x00000000e6000000| Untracked 
|  97|0x00000000e6100000, 0x00000000e6100000, 0x00000000e6200000|  0%| F|  |TAMS 0x00000000e6100000, 0x00000000e6100000| Untracked 
|  98|0x00000000e6200000, 0x00000000e6200000, 0x00000000e6300000|  0%| F|  |TAMS 0x00000000e6200000, 0x00000000e6200000| Untracked 
|  99|0x00000000e6300000, 0x00000000e6300000, 0x00000000e6400000|  0%| F|  |TAMS 0x00000000e6300000, 0x00000000e6300000| Untracked 
| 100|0x00000000e6400000, 0x00000000e6400000, 0x00000000e6500000|  0%| F|  |TAMS 0x00000000e6400000, 0x00000000e6400000| Untracked 
| 101|0x00000000e6500000, 0x00000000e6500000, 0x00000000e6600000|  0%| F|  |TAMS 0x00000000e6500000, 0x00000000e6500000| Untracked 
| 102|0x00000000e6600000, 0x00000000e6600000, 0x00000000e6700000|  0%| F|  |TAMS 0x00000000e6600000, 0x00000000e6600000| Untracked 
| 103|0x00000000e6700000, 0x00000000e6700000, 0x00000000e6800000|  0%| F|  |TAMS 0x00000000e6700000, 0x00000000e6700000| Untracked 
| 104|0x00000000e6800000, 0x00000000e6800000, 0x00000000e6900000|  0%| F|  |TAMS 0x00000000e6800000, 0x00000000e6800000| Untracked 
| 105|0x00000000e6900000, 0x00000000e6900000, 0x00000000e6a00000|  0%| F|  |TAMS 0x00000000e6900000, 0x00000000e6900000| Untracked 
| 106|0x00000000e6a00000, 0x00000000e6a00000, 0x00000000e6b00000|  0%| F|  |TAMS 0x00000000e6a00000, 0x00000000e6a00000| Untracked 
| 107|0x00000000e6b00000, 0x00000000e6b00000, 0x00000000e6c00000|  0%| F|  |TAMS 0x00000000e6b00000, 0x00000000e6b00000| Untracked 
| 108|0x00000000e6c00000, 0x00000000e6c00000, 0x00000000e6d00000|  0%| F|  |TAMS 0x00000000e6c00000, 0x00000000e6c00000| Untracked 
| 109|0x00000000e6d00000, 0x00000000e6d00000, 0x00000000e6e00000|  0%| F|  |TAMS 0x00000000e6d00000, 0x00000000e6d00000| Untracked 
| 110|0x00000000e6e00000, 0x00000000e6e00000, 0x00000000e6f00000|  0%| F|  |TAMS 0x00000000e6e00000, 0x00000000e6e00000| Untracked 
| 111|0x00000000e6f00000, 0x00000000e6f00000, 0x00000000e7000000|  0%| F|  |TAMS 0x00000000e6f00000, 0x00000000e6f00000| Untracked 
| 112|0x00000000e7000000, 0x00000000e7000000, 0x00000000e7100000|  0%| F|  |TAMS 0x00000000e7000000, 0x00000000e7000000| Untracked 
| 113|0x00000000e7100000, 0x00000000e7100000, 0x00000000e7200000|  0%| F|  |TAMS 0x00000000e7100000, 0x00000000e7100000| Untracked 
| 114|0x00000000e7200000, 0x00000000e7200000, 0x00000000e7300000|  0%| F|  |TAMS 0x00000000e7200000, 0x00000000e7200000| Untracked 
| 115|0x00000000e7300000, 0x00000000e7300000, 0x00000000e7400000|  0%| F|  |TAMS 0x00000000e7300000, 0x00000000e7300000| Untracked 
| 116|0x00000000e7400000, 0x00000000e7400000, 0x00000000e7500000|  0%| F|  |TAMS 0x00000000e7400000, 0x00000000e7400000| Untracked 
| 117|0x00000000e7500000, 0x00000000e7500000, 0x00000000e7600000|  0%| F|  |TAMS 0x00000000e7500000, 0x00000000e7500000| Untracked 
| 118|0x00000000e7600000, 0x00000000e7600000, 0x00000000e7700000|  0%| F|  |TAMS 0x00000000e7600000, 0x00000000e7600000| Untracked 
| 119|0x00000000e7700000, 0x00000000e7700000, 0x00000000e7800000|  0%| F|  |TAMS 0x00000000e7700000, 0x00000000e7700000| Untracked 
| 120|0x00000000e7800000, 0x00000000e7800000, 0x00000000e7900000|  0%| F|  |TAMS 0x00000000e7800000, 0x00000000e7800000| Untracked 
| 121|0x00000000e7900000, 0x00000000e7900000, 0x00000000e7a00000|  0%| F|  |TAMS 0x00000000e7900000, 0x00000000e7900000| Untracked 
| 122|0x00000000e7a00000, 0x00000000e7a00000, 0x00000000e7b00000|  0%| F|  |TAMS 0x00000000e7a00000, 0x00000000e7a00000| Untracked 
| 123|0x00000000e7b00000, 0x00000000e7b00000, 0x00000000e7c00000|  0%| F|  |TAMS 0x00000000e7b00000, 0x00000000e7b00000| Untracked 
| 124|0x00000000e7c00000, 0x00000000e7c00000, 0x00000000e7d00000|  0%| F|  |TAMS 0x00000000e7c00000, 0x00000000e7c00000| Untracked 
| 125|0x00000000e7d00000, 0x00000000e7d00000, 0x00000000e7e00000|  0%| F|  |TAMS 0x00000000e7d00000, 0x00000000e7d00000| Untracked 
| 126|0x00000000e7e00000, 0x00000000e7e00000, 0x00000000e7f00000|  0%| F|  |TAMS 0x00000000e7e00000, 0x00000000e7e00000| Untracked 
| 127|0x00000000e7f00000, 0x00000000e7f00000, 0x00000000e8000000|  0%| F|  |TAMS 0x00000000e7f00000, 0x00000000e7f00000| Untracked 
| 128|0x00000000e8000000, 0x00000000e8000000, 0x00000000e8100000|  0%| F|  |TAMS 0x00000000e8000000, 0x00000000e8000000| Untracked 
| 129|0x00000000e8100000, 0x00000000e8100000, 0x00000000e8200000|  0%| F|  |TAMS 0x00000000e8100000, 0x00000000e8100000| Untracked 
| 130|0x00000000e8200000, 0x00000000e8200000, 0x00000000e8300000|  0%| F|  |TAMS 0x00000000e8200000, 0x00000000e8200000| Untracked 
| 131|0x00000000e8300000, 0x00000000e8300000, 0x00000000e8400000|  0%| F|  |TAMS 0x00000000e8300000, 0x00000000e8300000| Untracked 
| 132|0x00000000e8400000, 0x00000000e84d16e0, 0x00000000e8500000| 81%| E|  |TAMS 0x00000000e8400000, 0x00000000e8400000| Complete 
| 133|0x00000000e8500000, 0x00000000e8600000, 0x00000000e8600000|100%| E|CS|TAMS 0x00000000e8500000, 0x00000000e8500000| Complete 
| 134|0x00000000e8600000, 0x00000000e8700000, 0x00000000e8700000|100%| E|CS|TAMS 0x00000000e8600000, 0x00000000e8600000| Complete 
| 135|0x00000000e8700000, 0x00000000e8800000, 0x00000000e8800000|100%| E|CS|TAMS 0x00000000e8700000, 0x00000000e8700000| Complete 
| 136|0x00000000e8800000, 0x00000000e8900000, 0x00000000e8900000|100%| E|CS|TAMS 0x00000000e8800000, 0x00000000e8800000| Complete 
| 137|0x00000000e8900000, 0x00000000e8a00000, 0x00000000e8a00000|100%| E|CS|TAMS 0x00000000e8900000, 0x00000000e8900000| Complete 
| 138|0x00000000e8a00000, 0x00000000e8b00000, 0x00000000e8b00000|100%| E|CS|TAMS 0x00000000e8a00000, 0x00000000e8a00000| Complete 
| 139|0x00000000e8b00000, 0x00000000e8c00000, 0x00000000e8c00000|100%| E|CS|TAMS 0x00000000e8b00000, 0x00000000e8b00000| Complete 
| 140|0x00000000e8c00000, 0x00000000e8d00000, 0x00000000e8d00000|100%| E|CS|TAMS 0x00000000e8c00000, 0x00000000e8c00000| Complete 
| 141|0x00000000e8d00000, 0x00000000e8e00000, 0x00000000e8e00000|100%| E|CS|TAMS 0x00000000e8d00000, 0x00000000e8d00000| Complete 
| 142|0x00000000e8e00000, 0x00000000e8f00000, 0x00000000e8f00000|100%| E|CS|TAMS 0x00000000e8e00000, 0x00000000e8e00000| Complete 
| 143|0x00000000e8f00000, 0x00000000e9000000, 0x00000000e9000000|100%| E|CS|TAMS 0x00000000e8f00000, 0x00000000e8f00000| Complete 
| 144|0x00000000e9000000, 0x00000000e9100000, 0x00000000e9100000|100%| E|CS|TAMS 0x00000000e9000000, 0x00000000e9000000| Complete 
| 145|0x00000000e9100000, 0x00000000e9200000, 0x00000000e9200000|100%| E|CS|TAMS 0x00000000e9100000, 0x00000000e9100000| Complete 
| 146|0x00000000e9200000, 0x00000000e9300000, 0x00000000e9300000|100%| E|CS|TAMS 0x00000000e9200000, 0x00000000e9200000| Complete 
| 147|0x00000000e9300000, 0x00000000e9400000, 0x00000000e9400000|100%| E|CS|TAMS 0x00000000e9300000, 0x00000000e9300000| Complete 
| 148|0x00000000e9400000, 0x00000000e9500000, 0x00000000e9500000|100%| E|CS|TAMS 0x00000000e9400000, 0x00000000e9400000| Complete 
| 149|0x00000000e9500000, 0x00000000e9600000, 0x00000000e9600000|100%| E|CS|TAMS 0x00000000e9500000, 0x00000000e9500000| Complete 
| 150|0x00000000e9600000, 0x00000000e9700000, 0x00000000e9700000|100%| E|CS|TAMS 0x00000000e9600000, 0x00000000e9600000| Complete 
| 151|0x00000000e9700000, 0x00000000e9800000, 0x00000000e9800000|100%| E|CS|TAMS 0x00000000e9700000, 0x00000000e9700000| Complete 
| 152|0x00000000e9800000, 0x00000000e9900000, 0x00000000e9900000|100%| E|CS|TAMS 0x00000000e9800000, 0x00000000e9800000| Complete 
| 153|0x00000000e9900000, 0x00000000e9a00000, 0x00000000e9a00000|100%| E|CS|TAMS 0x00000000e9900000, 0x00000000e9900000| Complete 
| 154|0x00000000e9a00000, 0x00000000e9b00000, 0x00000000e9b00000|100%| E|CS|TAMS 0x00000000e9a00000, 0x00000000e9a00000| Complete 
| 155|0x00000000e9b00000, 0x00000000e9c00000, 0x00000000e9c00000|100%| E|CS|TAMS 0x00000000e9b00000, 0x00000000e9b00000| Complete 
| 156|0x00000000e9c00000, 0x00000000e9d00000, 0x00000000e9d00000|100%| E|CS|TAMS 0x00000000e9c00000, 0x00000000e9c00000| Complete 
| 157|0x00000000e9d00000, 0x00000000e9e00000, 0x00000000e9e00000|100%| E|CS|TAMS 0x00000000e9d00000, 0x00000000e9d00000| Complete 
| 158|0x00000000e9e00000, 0x00000000e9f00000, 0x00000000e9f00000|100%| E|CS|TAMS 0x00000000e9e00000, 0x00000000e9e00000| Complete 
| 159|0x00000000e9f00000, 0x00000000ea000000, 0x00000000ea000000|100%| E|CS|TAMS 0x00000000e9f00000, 0x00000000e9f00000| Complete 
| 160|0x00000000ea000000, 0x00000000ea100000, 0x00000000ea100000|100%| E|CS|TAMS 0x00000000ea000000, 0x00000000ea000000| Complete 
| 161|0x00000000ea100000, 0x00000000ea200000, 0x00000000ea200000|100%| E|CS|TAMS 0x00000000ea100000, 0x00000000ea100000| Complete 
| 162|0x00000000ea200000, 0x00000000ea300000, 0x00000000ea300000|100%| E|CS|TAMS 0x00000000ea200000, 0x00000000ea200000| Complete 
| 163|0x00000000ea300000, 0x00000000ea400000, 0x00000000ea400000|100%| E|  |TAMS 0x00000000ea300000, 0x00000000ea300000| Complete 
| 164|0x00000000ea400000, 0x00000000ea500000, 0x00000000ea500000|100%| E|CS|TAMS 0x00000000ea400000, 0x00000000ea400000| Complete 
| 165|0x00000000ea500000, 0x00000000ea600000, 0x00000000ea600000|100%| E|CS|TAMS 0x00000000ea500000, 0x00000000ea500000| Complete 
| 166|0x00000000ea600000, 0x00000000ea680000, 0x00000000ea700000| 50%| S|CS|TAMS 0x00000000ea600000, 0x00000000ea600000| Complete 
| 167|0x00000000ea700000, 0x00000000ea800000, 0x00000000ea800000|100%| S|CS|TAMS 0x00000000ea700000, 0x00000000ea700000| Complete 
| 168|0x00000000ea800000, 0x00000000ea900000, 0x00000000ea900000|100%| S|CS|TAMS 0x00000000ea800000, 0x00000000ea800000| Complete 
| 169|0x00000000ea900000, 0x00000000eaa00000, 0x00000000eaa00000|100%| S|CS|TAMS 0x00000000ea900000, 0x00000000ea900000| Complete 
| 170|0x00000000eaa00000, 0x00000000eab00000, 0x00000000eab00000|100%| S|CS|TAMS 0x00000000eaa00000, 0x00000000eaa00000| Complete 
| 171|0x00000000eab00000, 0x00000000eac00000, 0x00000000eac00000|100%| S|CS|TAMS 0x00000000eab00000, 0x00000000eab00000| Complete 
| 172|0x00000000eac00000, 0x00000000ead00000, 0x00000000ead00000|100%| S|CS|TAMS 0x00000000eac00000, 0x00000000eac00000| Complete 
| 173|0x00000000ead00000, 0x00000000eae00000, 0x00000000eae00000|100%| S|CS|TAMS 0x00000000ead00000, 0x00000000ead00000| Complete 
| 174|0x00000000eae00000, 0x00000000eaf00000, 0x00000000eaf00000|100%| S|CS|TAMS 0x00000000eae00000, 0x00000000eae00000| Complete 
| 175|0x00000000eaf00000, 0x00000000eb000000, 0x00000000eb000000|100%| S|CS|TAMS 0x00000000eaf00000, 0x00000000eaf00000| Complete 
| 176|0x00000000eb000000, 0x00000000eb100000, 0x00000000eb100000|100%| S|CS|TAMS 0x00000000eb000000, 0x00000000eb000000| Complete 
| 177|0x00000000eb100000, 0x00000000eb200000, 0x00000000eb200000|100%| S|CS|TAMS 0x00000000eb100000, 0x00000000eb100000| Complete 
| 178|0x00000000eb200000, 0x00000000eb300000, 0x00000000eb300000|100%| S|CS|TAMS 0x00000000eb200000, 0x00000000eb200000| Complete 
| 179|0x00000000eb300000, 0x00000000eb400000, 0x00000000eb400000|100%| S|CS|TAMS 0x00000000eb300000, 0x00000000eb300000| Complete 
| 180|0x00000000eb400000, 0x00000000eb500000, 0x00000000eb500000|100%| S|CS|TAMS 0x00000000eb400000, 0x00000000eb400000| Complete 
| 181|0x00000000eb500000, 0x00000000eb600000, 0x00000000eb600000|100%| E|CS|TAMS 0x00000000eb500000, 0x00000000eb500000| Complete 
| 182|0x00000000eb600000, 0x00000000eb700000, 0x00000000eb700000|100%| E|CS|TAMS 0x00000000eb600000, 0x00000000eb600000| Complete 
| 183|0x00000000eb700000, 0x00000000eb800000, 0x00000000eb800000|100%| E|CS|TAMS 0x00000000eb700000, 0x00000000eb700000| Complete 
| 184|0x00000000eb800000, 0x00000000eb900000, 0x00000000eb900000|100%| E|CS|TAMS 0x00000000eb800000, 0x00000000eb800000| Complete 
| 185|0x00000000eb900000, 0x00000000eba00000, 0x00000000eba00000|100%| E|CS|TAMS 0x00000000eb900000, 0x00000000eb900000| Complete 
| 186|0x00000000eba00000, 0x00000000ebb00000, 0x00000000ebb00000|100%| E|CS|TAMS 0x00000000eba00000, 0x00000000eba00000| Complete 
| 187|0x00000000ebb00000, 0x00000000ebc00000, 0x00000000ebc00000|100%| E|CS|TAMS 0x00000000ebb00000, 0x00000000ebb00000| Complete 
| 188|0x00000000ebc00000, 0x00000000ebd00000, 0x00000000ebd00000|100%| E|CS|TAMS 0x00000000ebc00000, 0x00000000ebc00000| Complete 
| 189|0x00000000ebd00000, 0x00000000ebe00000, 0x00000000ebe00000|100%| E|CS|TAMS 0x00000000ebd00000, 0x00000000ebd00000| Complete 
| 190|0x00000000ebe00000, 0x00000000ebf00000, 0x00000000ebf00000|100%| E|CS|TAMS 0x00000000ebe00000, 0x00000000ebe00000| Complete 
| 191|0x00000000ebf00000, 0x00000000ec000000, 0x00000000ec000000|100%| E|CS|TAMS 0x00000000ebf00000, 0x00000000ebf00000| Complete 
| 192|0x00000000ec000000, 0x00000000ec100000, 0x00000000ec100000|100%| E|CS|TAMS 0x00000000ec000000, 0x00000000ec000000| Complete 
| 193|0x00000000ec100000, 0x00000000ec200000, 0x00000000ec200000|100%| E|CS|TAMS 0x00000000ec100000, 0x00000000ec100000| Complete 
| 194|0x00000000ec200000, 0x00000000ec300000, 0x00000000ec300000|100%| E|CS|TAMS 0x00000000ec200000, 0x00000000ec200000| Complete 
| 195|0x00000000ec300000, 0x00000000ec400000, 0x00000000ec400000|100%| E|CS|TAMS 0x00000000ec300000, 0x00000000ec300000| Complete 
| 196|0x00000000ec400000, 0x00000000ec500000, 0x00000000ec500000|100%| E|CS|TAMS 0x00000000ec400000, 0x00000000ec400000| Complete 
| 197|0x00000000ec500000, 0x00000000ec600000, 0x00000000ec600000|100%| E|CS|TAMS 0x00000000ec500000, 0x00000000ec500000| Complete 
| 198|0x00000000ec600000, 0x00000000ec700000, 0x00000000ec700000|100%| E|CS|TAMS 0x00000000ec600000, 0x00000000ec600000| Complete 
| 199|0x00000000ec700000, 0x00000000ec800000, 0x00000000ec800000|100%| E|CS|TAMS 0x00000000ec700000, 0x00000000ec700000| Complete 
| 200|0x00000000ec800000, 0x00000000ec900000, 0x00000000ec900000|100%| E|CS|TAMS 0x00000000ec800000, 0x00000000ec800000| Complete 
| 201|0x00000000ec900000, 0x00000000eca00000, 0x00000000eca00000|100%| E|CS|TAMS 0x00000000ec900000, 0x00000000ec900000| Complete 
| 202|0x00000000eca00000, 0x00000000ecb00000, 0x00000000ecb00000|100%| E|CS|TAMS 0x00000000eca00000, 0x00000000eca00000| Complete 
| 203|0x00000000ecb00000, 0x00000000ecc00000, 0x00000000ecc00000|100%| E|CS|TAMS 0x00000000ecb00000, 0x00000000ecb00000| Complete 
| 204|0x00000000ecc00000, 0x00000000ecd00000, 0x00000000ecd00000|100%| E|CS|TAMS 0x00000000ecc00000, 0x00000000ecc00000| Complete 
| 205|0x00000000ecd00000, 0x00000000ece00000, 0x00000000ece00000|100%| E|CS|TAMS 0x00000000ecd00000, 0x00000000ecd00000| Complete 
| 206|0x00000000ece00000, 0x00000000ecf00000, 0x00000000ecf00000|100%| E|CS|TAMS 0x00000000ece00000, 0x00000000ece00000| Complete 
| 207|0x00000000ecf00000, 0x00000000ed000000, 0x00000000ed000000|100%| E|CS|TAMS 0x00000000ecf00000, 0x00000000ecf00000| Complete 
| 208|0x00000000ed000000, 0x00000000ed100000, 0x00000000ed100000|100%| E|CS|TAMS 0x00000000ed000000, 0x00000000ed000000| Complete 
| 209|0x00000000ed100000, 0x00000000ed200000, 0x00000000ed200000|100%| E|CS|TAMS 0x00000000ed100000, 0x00000000ed100000| Complete 
| 210|0x00000000ed200000, 0x00000000ed300000, 0x00000000ed300000|100%| E|CS|TAMS 0x00000000ed200000, 0x00000000ed200000| Complete 
| 211|0x00000000ed300000, 0x00000000ed400000, 0x00000000ed400000|100%| E|CS|TAMS 0x00000000ed300000, 0x00000000ed300000| Complete 
| 212|0x00000000ed400000, 0x00000000ed500000, 0x00000000ed500000|100%| E|CS|TAMS 0x00000000ed400000, 0x00000000ed400000| Complete 
| 213|0x00000000ed500000, 0x00000000ed600000, 0x00000000ed600000|100%| E|CS|TAMS 0x00000000ed500000, 0x00000000ed500000| Complete 
| 214|0x00000000ed600000, 0x00000000ed700000, 0x00000000ed700000|100%| E|CS|TAMS 0x00000000ed600000, 0x00000000ed600000| Complete 
| 215|0x00000000ed700000, 0x00000000ed800000, 0x00000000ed800000|100%| E|CS|TAMS 0x00000000ed700000, 0x00000000ed700000| Complete 
| 216|0x00000000ed800000, 0x00000000ed900000, 0x00000000ed900000|100%| E|CS|TAMS 0x00000000ed800000, 0x00000000ed800000| Complete 
| 217|0x00000000ed900000, 0x00000000eda00000, 0x00000000eda00000|100%| E|CS|TAMS 0x00000000ed900000, 0x00000000ed900000| Complete 
| 218|0x00000000eda00000, 0x00000000edb00000, 0x00000000edb00000|100%| E|CS|TAMS 0x00000000eda00000, 0x00000000eda00000| Complete 
| 219|0x00000000edb00000, 0x00000000edc00000, 0x00000000edc00000|100%| E|CS|TAMS 0x00000000edb00000, 0x00000000edb00000| Complete 
| 220|0x00000000edc00000, 0x00000000edd00000, 0x00000000edd00000|100%| E|CS|TAMS 0x00000000edc00000, 0x00000000edc00000| Complete 
| 221|0x00000000edd00000, 0x00000000ede00000, 0x00000000ede00000|100%| E|CS|TAMS 0x00000000edd00000, 0x00000000edd00000| Complete 
| 222|0x00000000ede00000, 0x00000000edf00000, 0x00000000edf00000|100%| E|CS|TAMS 0x00000000ede00000, 0x00000000ede00000| Complete 
| 223|0x00000000edf00000, 0x00000000ee000000, 0x00000000ee000000|100%| E|CS|TAMS 0x00000000edf00000, 0x00000000edf00000| Complete 
| 224|0x00000000ee000000, 0x00000000ee100000, 0x00000000ee100000|100%| E|CS|TAMS 0x00000000ee000000, 0x00000000ee000000| Complete 
| 225|0x00000000ee100000, 0x00000000ee200000, 0x00000000ee200000|100%| E|CS|TAMS 0x00000000ee100000, 0x00000000ee100000| Complete 
| 226|0x00000000ee200000, 0x00000000ee300000, 0x00000000ee300000|100%| E|CS|TAMS 0x00000000ee200000, 0x00000000ee200000| Complete 
| 227|0x00000000ee300000, 0x00000000ee400000, 0x00000000ee400000|100%| E|CS|TAMS 0x00000000ee300000, 0x00000000ee300000| Complete 
| 228|0x00000000ee400000, 0x00000000ee500000, 0x00000000ee500000|100%| E|CS|TAMS 0x00000000ee400000, 0x00000000ee400000| Complete 
| 229|0x00000000ee500000, 0x00000000ee600000, 0x00000000ee600000|100%| E|CS|TAMS 0x00000000ee500000, 0x00000000ee500000| Complete 
| 230|0x00000000ee600000, 0x00000000ee700000, 0x00000000ee700000|100%| E|CS|TAMS 0x00000000ee600000, 0x00000000ee600000| Complete 
| 231|0x00000000ee700000, 0x00000000ee800000, 0x00000000ee800000|100%| E|CS|TAMS 0x00000000ee700000, 0x00000000ee700000| Complete 
| 232|0x00000000ee800000, 0x00000000ee900000, 0x00000000ee900000|100%| E|CS|TAMS 0x00000000ee800000, 0x00000000ee800000| Complete 
| 233|0x00000000ee900000, 0x00000000eea00000, 0x00000000eea00000|100%| E|CS|TAMS 0x00000000ee900000, 0x00000000ee900000| Complete 
| 234|0x00000000eea00000, 0x00000000eeb00000, 0x00000000eeb00000|100%| E|CS|TAMS 0x00000000eea00000, 0x00000000eea00000| Complete 
| 235|0x00000000eeb00000, 0x00000000eec00000, 0x00000000eec00000|100%| E|CS|TAMS 0x00000000eeb00000, 0x00000000eeb00000| Complete 
| 236|0x00000000eec00000, 0x00000000eed00000, 0x00000000eed00000|100%| E|CS|TAMS 0x00000000eec00000, 0x00000000eec00000| Complete 
| 237|0x00000000eed00000, 0x00000000eee00000, 0x00000000eee00000|100%| E|CS|TAMS 0x00000000eed00000, 0x00000000eed00000| Complete 
| 238|0x00000000eee00000, 0x00000000eef00000, 0x00000000eef00000|100%| E|CS|TAMS 0x00000000eee00000, 0x00000000eee00000| Complete 
| 239|0x00000000eef00000, 0x00000000ef000000, 0x00000000ef000000|100%| E|CS|TAMS 0x00000000eef00000, 0x00000000eef00000| Complete 
| 240|0x00000000ef000000, 0x00000000ef100000, 0x00000000ef100000|100%| E|CS|TAMS 0x00000000ef000000, 0x00000000ef000000| Complete 
| 241|0x00000000ef100000, 0x00000000ef200000, 0x00000000ef200000|100%| E|CS|TAMS 0x00000000ef100000, 0x00000000ef100000| Complete 
| 242|0x00000000ef200000, 0x00000000ef300000, 0x00000000ef300000|100%| E|CS|TAMS 0x00000000ef200000, 0x00000000ef200000| Complete 
| 243|0x00000000ef300000, 0x00000000ef400000, 0x00000000ef400000|100%| E|CS|TAMS 0x00000000ef300000, 0x00000000ef300000| Complete 
| 244|0x00000000ef400000, 0x00000000ef500000, 0x00000000ef500000|100%| E|CS|TAMS 0x00000000ef400000, 0x00000000ef400000| Complete 
| 245|0x00000000ef500000, 0x00000000ef600000, 0x00000000ef600000|100%| E|CS|TAMS 0x00000000ef500000, 0x00000000ef500000| Complete 
| 246|0x00000000ef600000, 0x00000000ef700000, 0x00000000ef700000|100%| E|CS|TAMS 0x00000000ef600000, 0x00000000ef600000| Complete 
| 247|0x00000000ef700000, 0x00000000ef800000, 0x00000000ef800000|100%| E|CS|TAMS 0x00000000ef700000, 0x00000000ef700000| Complete 
| 248|0x00000000ef800000, 0x00000000ef900000, 0x00000000ef900000|100%| E|CS|TAMS 0x00000000ef800000, 0x00000000ef800000| Complete 
| 249|0x00000000ef900000, 0x00000000efa00000, 0x00000000efa00000|100%| E|CS|TAMS 0x00000000ef900000, 0x00000000ef900000| Complete 
| 250|0x00000000efa00000, 0x00000000efb00000, 0x00000000efb00000|100%| E|CS|TAMS 0x00000000efa00000, 0x00000000efa00000| Complete 
| 251|0x00000000efb00000, 0x00000000efc00000, 0x00000000efc00000|100%| E|CS|TAMS 0x00000000efb00000, 0x00000000efb00000| Complete 
| 252|0x00000000efc00000, 0x00000000efd00000, 0x00000000efd00000|100%| E|CS|TAMS 0x00000000efc00000, 0x00000000efc00000| Complete 
| 253|0x00000000efd00000, 0x00000000efe00000, 0x00000000efe00000|100%| E|CS|TAMS 0x00000000efd00000, 0x00000000efd00000| Complete 
| 254|0x00000000efe00000, 0x00000000eff00000, 0x00000000eff00000|100%| E|CS|TAMS 0x00000000efe00000, 0x00000000efe00000| Complete 
| 255|0x00000000eff00000, 0x00000000f0000000, 0x00000000f0000000|100%| E|CS|TAMS 0x00000000eff00000, 0x00000000eff00000| Complete 

Card table byte_map: [0x000001a424360000,0x000001a424460000] _byte_map_base: 0x000001a423c60000

Marking Bits (Prev, Next): (CMBitMap*) 0x000001a40dd033f0, (CMBitMap*) 0x000001a40dd033b8
 Prev Bits: [0x000001a424d60000, 0x000001a425560000)
 Next Bits: [0x000001a424560000, 0x000001a424d60000)

Polling page: 0x000001a40bb40000

Metaspace:

Usage:
  Non-class:     55.52 MB capacity,    54.28 MB ( 98%) used,     1.04 MB (  2%) free+waste,   199.13 KB ( <1%) overhead. 
      Class:      8.99 MB capacity,     8.28 MB ( 92%) used,   631.53 KB (  7%) free+waste,    98.75 KB (  1%) overhead. 
       Both:     64.51 MB capacity,    62.56 MB ( 97%) used,     1.65 MB (  3%) free+waste,   297.88 KB ( <1%) overhead. 

Virtual space:
  Non-class space:       56.00 MB reserved,      55.75 MB (>99%) committed 
      Class space:      248.00 MB reserved,       9.00 MB (  4%) committed 
             Both:      304.00 MB reserved,      64.75 MB ( 21%) committed 

Chunk freelists:
   Non-Class:  0 bytes
       Class:  1.38 KB
        Both:  1.38 KB

CodeHeap 'non-profiled nmethods': size=120064Kb used=4052Kb max_used=4052Kb free=116011Kb
 bounds [0x000001a41ce20000, 0x000001a41d220000, 0x000001a424360000]
CodeHeap 'profiled nmethods': size=120000Kb used=14342Kb max_used=14342Kb free=105657Kb
 bounds [0x000001a4158f0000, 0x000001a416700000, 0x000001a41ce20000]
CodeHeap 'non-nmethods': size=5696Kb used=2255Kb max_used=2300Kb free=3440Kb
 bounds [0x000001a415360000, 0x000001a4155d0000, 0x000001a4158f0000]
 total_blobs=7515 nmethods=6652 adapters=775
 compilation: enabled
              stopped_count=0, restarted_count=0
 full_count=0

Compilation events (10 events):
Event: 74.419 Thread 0x000001a427b92000 6641       1       org.gradle.api.internal.artifacts.ivyservice.resolveengine.graph.builder.EdgeState::isTransitive (5 bytes)
Event: 74.419 Thread 0x000001a427b92000 nmethod 6641 0x000001a41d20ae90 code [0x000001a41d20b020, 0x000001a41d20b0d8]
Event: 74.495 Thread 0x000001a427b92000 6642       3       java.util.Spliterators::spliterator (16 bytes)
Event: 74.497 Thread 0x000001a427b92000 nmethod 6642 0x000001a4166d8b90 code [0x000001a4166d8d60, 0x000001a4166d90b8]
Event: 74.497 Thread 0x000001a427b92000 6643       3       java.util.Spliterators$ArraySpliterator::<init> (10 bytes)
Event: 74.497 Thread 0x000001a427b92000 nmethod 6643 0x000001a4166d9290 code [0x000001a4166d9440, 0x000001a4166d9678]
Event: 74.497 Thread 0x000001a427b92000 6644       3       org.gradle.cache.internal.DefaultCacheAccess::access$300 (5 bytes)
Event: 74.498 Thread 0x000001a427b92000 nmethod 6644 0x000001a4166d9790 code [0x000001a4166d9940, 0x000001a4166d9a48]
Event: 74.498 Thread 0x000001a427b92000 6645   !   3       org.gradle.cache.internal.DefaultCacheAccess::getFileLock (97 bytes)
Event: 74.501 Thread 0x000001a427b92000 nmethod 6645 0x000001a4166d9b10 code [0x000001a4166d9e00, 0x000001a4166daf68]

GC Heap History (10 events):
Event: 25.818 GC heap before
{Heap before GC invocations=6 (full 0):
 garbage-first heap   total 262144K, used 65021K [0x00000000e0000000, 0x0000000100000000)
  region size 1024K, 53 young (54272K), 7 survivors (7168K)
 Metaspace       used 25169K, capacity 25737K, committed 25856K, reserved 276480K
  class space    used 3281K, capacity 3512K, committed 3584K, reserved 253952K
}
Event: 25.853 GC heap after
{Heap after GC invocations=7 (full 0):
 garbage-first heap   total 262144K, used 19603K [0x00000000e0000000, 0x0000000100000000)
  region size 1024K, 4 young (4096K), 4 survivors (4096K)
 Metaspace       used 25169K, capacity 25737K, committed 25856K, reserved 276480K
  class space    used 3281K, capacity 3512K, committed 3584K, reserved 253952K
}
Event: 32.953 GC heap before
{Heap before GC invocations=7 (full 0):
 garbage-first heap   total 262144K, used 94355K [0x00000000e0000000, 0x0000000100000000)
  region size 1024K, 77 young (78848K), 4 survivors (4096K)
 Metaspace       used 33070K, capacity 33822K, committed 34048K, reserved 284672K
  class space    used 4513K, capacity 4838K, committed 4864K, reserved 253952K
}
Event: 32.987 GC heap after
{Heap after GC invocations=8 (full 0):
 garbage-first heap   total 262144K, used 22093K [0x00000000e0000000, 0x0000000100000000)
  region size 1024K, 6 young (6144K), 6 survivors (6144K)
 Metaspace       used 33070K, capacity 33822K, committed 34048K, reserved 284672K
  class space    used 4513K, capacity 4838K, committed 4864K, reserved 253952K
}
Event: 34.083 GC heap before
{Heap before GC invocations=8 (full 0):
 garbage-first heap   total 262144K, used 28237K [0x00000000e0000000, 0x0000000100000000)
  region size 1024K, 13 young (13312K), 6 survivors (6144K)
 Metaspace       used 34800K, capacity 35702K, committed 35840K, reserved 284672K
  class space    used 4626K, capacity 4994K, committed 5120K, reserved 253952K
}
Event: 34.115 GC heap after
{Heap after GC invocations=9 (full 0):
 garbage-first heap   total 262144K, used 23211K [0x00000000e0000000, 0x0000000100000000)
  region size 1024K, 7 young (7168K), 7 survivors (7168K)
 Metaspace       used 34800K, capacity 35702K, committed 35840K, reserved 284672K
  class space    used 4626K, capacity 4994K, committed 5120K, reserved 253952K
}
Event: 46.845 GC heap before
{Heap before GC invocations=10 (full 0):
 garbage-first heap   total 262144K, used 175787K [0x00000000e0000000, 0x0000000100000000)
  region size 1024K, 153 young (156672K), 7 survivors (7168K)
 Metaspace       used 48219K, capacity 49359K, committed 49536K, reserved 296960K
  class space    used 6288K, capacity 6774K, committed 6784K, reserved 253952K
}
Event: 46.929 GC heap after
{Heap after GC invocations=11 (full 0):
 garbage-first heap   total 262144K, used 32010K [0x00000000e0000000, 0x0000000100000000)
  region size 1024K, 16 young (16384K), 16 survivors (16384K)
 Metaspace       used 48219K, capacity 49359K, committed 49536K, reserved 296960K
  class space    used 6288K, capacity 6774K, committed 6784K, reserved 253952K
}
Event: 58.092 GC heap before
{Heap before GC invocations=11 (full 0):
 garbage-first heap   total 262144K, used 107786K [0x00000000e0000000, 0x0000000100000000)
  region size 1024K, 91 young (93184K), 16 survivors (16384K)
 Metaspace       used 58525K, capacity 60067K, committed 60160K, reserved 307200K
  class space    used 7695K, capacity 8320K, committed 8320K, reserved 253952K
}
Event: 58.238 GC heap after
{Heap after GC invocations=12 (full 0):
 garbage-first heap   total 262144K, used 36277K [0x00000000e0000000, 0x0000000100000000)
  region size 1024K, 15 young (15360K), 15 survivors (15360K)
 Metaspace       used 58525K, capacity 60067K, committed 60160K, reserved 307200K
  class space    used 7695K, capacity 8320K, committed 8320K, reserved 253952K
}

Deoptimization events (10 events):
Event: 70.364 Thread 0x000001a43018b000 Uncommon trap: reason=unstable_if action=reinterpret pc=0x000001a41d185ac0 method=java.lang.String.regionMatches(ZILjava/lang/String;II)Z @ 21 c2
Event: 70.983 Thread 0x000001a43018b000 Uncommon trap: reason=unstable_if action=reinterpret pc=0x000001a41d1a118c method=io.spring.gradle.dependencymanagement.org.codehaus.plexus.util.xml.pull.MXParser.nextImpl()I @ 871 c2
Event: 71.178 Thread 0x000001a43018b000 Uncommon trap: reason=unstable_if action=reinterpret pc=0x000001a41d197890 method=io.spring.gradle.dependencymanagement.org.codehaus.plexus.util.xml.pull.MXParser.isS(C)Z @ 21 c2
Event: 71.510 Thread 0x000001a43018b000 Uncommon trap: reason=speculate_class_check action=maybe_recompile pc=0x000001a41d1b5b00 method=jdk.internal.reflect.UnsafeObjectFieldAccessorImpl.get(Ljava/lang/Object;)Ljava/lang/Object; @ 13 c2
Event: 71.523 Thread 0x000001a43018b000 Uncommon trap: reason=speculate_class_check action=maybe_recompile pc=0x000001a41d1b5b00 method=jdk.internal.reflect.UnsafeObjectFieldAccessorImpl.get(Ljava/lang/Object;)Ljava/lang/Object; @ 13 c2
Event: 71.523 Thread 0x000001a43018b000 Uncommon trap: reason=speculate_class_check action=maybe_recompile pc=0x000001a41d1b5b00 method=jdk.internal.reflect.UnsafeObjectFieldAccessorImpl.get(Ljava/lang/Object;)Ljava/lang/Object; @ 13 c2
Event: 71.523 Thread 0x000001a43018b000 Uncommon trap: reason=speculate_class_check action=maybe_recompile pc=0x000001a41d1b5b00 method=jdk.internal.reflect.UnsafeObjectFieldAccessorImpl.get(Ljava/lang/Object;)Ljava/lang/Object; @ 13 c2
Event: 72.849 Thread 0x000001a43018b000 Uncommon trap: reason=unstable_if action=reinterpret pc=0x000001a41ce3d28c method=java.lang.String.isLatin1()Z @ 10 c2
Event: 72.849 Thread 0x000001a43018b000 Uncommon trap: reason=unstable_if action=reinterpret pc=0x000001a41ce65c5c method=java.lang.String.isLatin1()Z @ 10 c2
Event: 72.901 Thread 0x000001a43018b000 Uncommon trap: reason=unstable_if action=reinterpret pc=0x000001a41d1b9408 method=io.spring.gradle.dependencymanagement.org.codehaus.plexus.util.xml.pull.MXParser.nextImpl()I @ 965 c2

Classes redefined (0 events):
No events

Internal exceptions (10 events):
Event: 66.146 Thread 0x000001a43018b800 Exception <a 'java/lang/NoSuchMethodError'{0x00000000ec589688}: java.lang.invoke.DirectMethodHandle$Holder.invokeStatic(Ljava/lang/Object;Ljava/lang/Object;Ljava/lang/Object;Ljava/lang/Object;ILjava/lang/Object;)Ljava/lang/Object;> (0x00000000ec589688) th
Event: 66.147 Thread 0x000001a43018b800 Exception <a 'java/lang/NoSuchMethodError'{0x00000000ec58cee8}: java.lang.invoke.Invokers$Holder.linkToTargetMethod(Ljava/lang/Object;Ljava/lang/Object;Ljava/lang/Object;ILjava/lang/Object;Ljava/lang/Object;)Ljava/lang/Object;> (0x00000000ec58cee8) thrown
Event: 66.215 Thread 0x000001a43018b000 Exception <a 'java/lang/NoSuchMethodError'{0x00000000ec459db0}: java.lang.invoke.DirectMethodHandle$Holder.invokeInterface(Ljava/lang/Object;Ljava/lang/Object;Ljava/lang/Object;Ljava/lang/Object;)V> (0x00000000ec459db0) thrown at [./open/src/hotspot/share
Event: 66.489 Thread 0x000001a428bbc000 Exception <a 'java/lang/NoSuchMethodError'{0x00000000eff8fb48}: static Lorg/gradle/internal/build/event/types/DefaultTaskStartedProgressEvent;.<clinit>()V> (0x00000000eff8fb48) thrown at [./open/src/hotspot/share/prims/jni.cpp, line 1366]
Event: 66.491 Thread 0x000001a428bbc000 Exception <a 'java/lang/NoSuchMethodError'{0x00000000eff91260}: static Lorg/gradle/internal/build/event/types/AbstractProgressEvent;.<clinit>()V> (0x00000000eff91260) thrown at [./open/src/hotspot/share/prims/jni.cpp, line 1366]
Event: 66.496 Thread 0x000001a428bbc000 Exception <a 'java/lang/NoSuchMethodError'{0x00000000eff9b500}: static Lorg/gradle/internal/build/event/types/DefaultTaskDescriptor;.<clinit>()V> (0x00000000eff9b500) thrown at [./open/src/hotspot/share/prims/jni.cpp, line 1366]
Event: 66.496 Thread 0x000001a43018b000 Exception <a 'java/lang/IncompatibleClassChangeError'{0x00000000ec2beda0}: Found class java.lang.Object, but interface was expected> (0x00000000ec2beda0) thrown at [./open/src/hotspot/share/interpreter/linkResolver.cpp, line 838]
Event: 66.531 Thread 0x000001a428bbc000 Exception <a 'java/lang/NoSuchMethodError'{0x00000000ec1447c0}: static Lorg/gradle/internal/operations/OperationIdentifier;.<clinit>()V> (0x00000000ec1447c0) thrown at [./open/src/hotspot/share/prims/jni.cpp, line 1366]
Event: 66.534 Thread 0x000001a428bbc000 Exception <a 'java/lang/NoSuchMethodError'{0x00000000ec14c9b8}: static Lorg/gradle/internal/build/event/types/DefaultBinaryPluginIdentifier;.<clinit>()V> (0x00000000ec14c9b8) thrown at [./open/src/hotspot/share/prims/jni.cpp, line 1366]
Event: 67.782 Thread 0x000001a43018b000 Exception <a 'java/lang/IncompatibleClassChangeError'{0x00000000ebd03798}: Found class java.lang.Object, but interface was expected> (0x00000000ebd03798) thrown at [./open/src/hotspot/share/interpreter/linkResolver.cpp, line 838]

Events (10 events):
Event: 74.008 loading class org/gradle/api/internal/artifacts/dsl/ComponentSelectorParsers
Event: 74.008 loading class org/gradle/api/internal/artifacts/dsl/ComponentSelectorParsers done
Event: 74.011 loading class org/gradle/api/internal/artifacts/dsl/ComponentSelectorParsers$StringConverter
Event: 74.011 loading class org/gradle/api/internal/artifacts/dsl/ComponentSelectorParsers$StringConverter done
Event: 74.014 loading class org/gradle/api/internal/artifacts/dsl/ComponentSelectorParsers$MapConverter
Event: 74.014 loading class org/gradle/api/internal/artifacts/dsl/ComponentSelectorParsers$MapConverter done
Event: 74.015 loading class org/gradle/api/internal/artifacts/dsl/ComponentSelectorParsers$ProjectConverter
Event: 74.015 loading class org/gradle/api/internal/artifacts/dsl/ComponentSelectorParsers$ProjectConverter done
Event: 74.017 loading class org/gradle/api/internal/artifacts/ivyservice/dependencysubstitution/UnversionedModuleComponentSelector
Event: 74.017 loading class org/gradle/api/internal/artifacts/ivyservice/dependencysubstitution/UnversionedModuleComponentSelector done


Dynamic libraries:
0x00007ff73d060000 - 0x00007ff73d06f000 	C:\Program Files\Java\jdk-11.0.14\bin\java.exe
0x00007ff97c2b0000 - 0x00007ff97c4a8000 	C:\WINDOWS\SYSTEM32\ntdll.dll
0x00007ff97acd0000 - 0x00007ff97ad8f000 	C:\WINDOWS\System32\KERNEL32.DLL
0x00007ff979e20000 - 0x00007ff97a0f2000 	C:\WINDOWS\System32\KERNELBASE.dll
0x00007ff97a1a0000 - 0x00007ff97a2a0000 	C:\WINDOWS\System32\ucrtbase.dll
0x00007ff973e90000 - 0x00007ff973ea5000 	C:\Program Files\Java\jdk-11.0.14\bin\VCRUNTIME140.dll
0x00007ff96de50000 - 0x00007ff96de68000 	C:\Program Files\Java\jdk-11.0.14\bin\jli.dll
0x00007ff97bc80000 - 0x00007ff97bd2e000 	C:\WINDOWS\System32\ADVAPI32.dll
0x00007ff97ad90000 - 0x00007ff97ae2e000 	C:\WINDOWS\System32\msvcrt.dll
0x00007ff97b640000 - 0x00007ff97b6dc000 	C:\WINDOWS\System32\sechost.dll
0x00007ff97b7d0000 - 0x00007ff97b8f5000 	C:\WINDOWS\System32\RPCRT4.dll
0x00007ff97bd30000 - 0x00007ff97bed1000 	C:\WINDOWS\System32\USER32.dll
0x00007ff978c30000 - 0x00007ff978eca000 	C:\WINDOWS\WinSxS\amd64_microsoft.windows.common-controls_6595b64144ccf1df_6.0.19041.1110_none_60b5254171f9507e\COMCTL32.dll
0x00007ff979ab0000 - 0x00007ff979ad2000 	C:\WINDOWS\System32\win32u.dll
0x00007ff97c010000 - 0x00007ff97c03b000 	C:\WINDOWS\System32\GDI32.dll
0x00007ff9799a0000 - 0x00007ff979aaf000 	C:\WINDOWS\System32\gdi32full.dll
0x00007ff97a100000 - 0x00007ff97a19d000 	C:\WINDOWS\System32\msvcp_win.dll
0x00007ff9773b0000 - 0x00007ff9773ba000 	C:\WINDOWS\SYSTEM32\VERSION.dll
0x00007ff97c0e0000 - 0x00007ff97c112000 	C:\WINDOWS\System32\IMM32.DLL
0x00007ff968130000 - 0x00007ff9681cb000 	C:\Program Files\Java\jdk-11.0.14\bin\msvcp140.dll
0x00007ff945270000 - 0x00007ff945d86000 	C:\Program Files\Java\jdk-11.0.14\bin\server\jvm.dll
0x00007ff97bb60000 - 0x00007ff97bb68000 	C:\WINDOWS\System32\PSAPI.DLL
0x00007ff96a110000 - 0x00007ff96a137000 	C:\WINDOWS\SYSTEM32\WINMM.dll
0x00007ff973bc0000 - 0x00007ff973bc9000 	C:\WINDOWS\SYSTEM32\WSOCK32.dll
0x00007ff97c040000 - 0x00007ff97c0ab000 	C:\WINDOWS\System32\WS2_32.dll
0x00007ff976a00000 - 0x00007ff976a12000 	C:\WINDOWS\SYSTEM32\kernel.appcore.dll
0x00007ff977a90000 - 0x00007ff977aa0000 	C:\Program Files\Java\jdk-11.0.14\bin\verify.dll
0x00007ff9793b0000 - 0x00007ff979594000 	C:\WINDOWS\SYSTEM32\DBGHELP.DLL
0x00007ff979260000 - 0x00007ff979295000 	C:\WINDOWS\SYSTEM32\dbgcore.DLL
0x00007ff979b50000 - 0x00007ff979bd2000 	C:\WINDOWS\System32\bcryptPrimitives.dll
0x00007ff96d870000 - 0x00007ff96d898000 	C:\Program Files\Java\jdk-11.0.14\bin\java.dll
0x00007ff975e40000 - 0x00007ff975e4a000 	C:\Program Files\Java\jdk-11.0.14\bin\jimage.dll
0x00007ff962ad0000 - 0x00007ff962ae6000 	C:\Program Files\Java\jdk-11.0.14\bin\zip.dll
0x00007ff97aef0000 - 0x00007ff97b634000 	C:\WINDOWS\System32\SHELL32.dll
0x00007ff976c00000 - 0x00007ff977392000 	C:\WINDOWS\SYSTEM32\windows.storage.dll
0x00007ff97a4a0000 - 0x00007ff97a7f5000 	C:\WINDOWS\System32\combase.dll
0x00007ff978ed0000 - 0x00007ff978f00000 	C:\WINDOWS\SYSTEM32\Wldp.dll
0x00007ff97ae30000 - 0x00007ff97aedd000 	C:\WINDOWS\System32\SHCORE.dll
0x00007ff97bc20000 - 0x00007ff97bc75000 	C:\WINDOWS\System32\shlwapi.dll
0x00007ff9798e0000 - 0x00007ff9798ff000 	C:\WINDOWS\SYSTEM32\profapi.dll
0x00007ff962ab0000 - 0x00007ff962ac9000 	C:\Program Files\Java\jdk-11.0.14\bin\net.dll
0x00007ff96e760000 - 0x00007ff96e86c000 	C:\WINDOWS\SYSTEM32\WINHTTP.dll
0x00007ff978b40000 - 0x00007ff978baa000 	C:\WINDOWS\system32\mswsock.dll
0x00007ff961c70000 - 0x00007ff961c82000 	C:\Program Files\Java\jdk-11.0.14\bin\nio.dll
0x00007ff973ca0000 - 0x00007ff973cc7000 	C:\Users\User\.gradle\native\68d5fa5c4cc2d200863cafc0d521ce42e7d3e7ee720ec0a83991735586a16f82\windows-amd64\native-platform.dll
0x00007ff95a390000 - 0x00007ff95a4d4000 	C:\Users\User\.gradle\native\e376f236ea51e6404a007f0833ffe2c6e607c4080706a723a18a27aeea778392\windows-amd64\native-platform-file-events.dll
0x00007ff977da0000 - 0x00007ff977da9000 	C:\Program Files\Java\jdk-11.0.14\bin\management.dll
0x00007ff977cb0000 - 0x00007ff977cbb000 	C:\Program Files\Java\jdk-11.0.14\bin\management_ext.dll
0x00007ff979730000 - 0x00007ff979748000 	C:\WINDOWS\SYSTEM32\CRYPTSP.dll
0x00007ff978320000 - 0x00007ff978354000 	C:\WINDOWS\system32\rsaenh.dll
0x00007ff979be0000 - 0x00007ff979c07000 	C:\WINDOWS\System32\bcrypt.dll
0x00007ff9798a0000 - 0x00007ff9798ce000 	C:\WINDOWS\SYSTEM32\USERENV.dll
0x00007ff978f40000 - 0x00007ff978f4c000 	C:\WINDOWS\SYSTEM32\CRYPTBASE.dll
0x00007ff978720000 - 0x00007ff97875b000 	C:\WINDOWS\SYSTEM32\IPHLPAPI.DLL
0x00007ff97c0b0000 - 0x00007ff97c0b8000 	C:\WINDOWS\System32\NSI.dll
0x00007ff96e9f0000 - 0x00007ff96ea07000 	C:\WINDOWS\SYSTEM32\dhcpcsvc6.DLL
0x00007ff96ead0000 - 0x00007ff96eaed000 	C:\WINDOWS\SYSTEM32\dhcpcsvc.DLL
0x00007ff978760000 - 0x00007ff97882a000 	C:\WINDOWS\SYSTEM32\DNSAPI.dll
0x00007ff977ca0000 - 0x00007ff977cad000 	C:\Program Files\Java\jdk-11.0.14\bin\sunmscapi.dll
0x00007ff979cc0000 - 0x00007ff979e16000 	C:\WINDOWS\System32\CRYPT32.dll
0x00007ff978f50000 - 0x00007ff978f77000 	C:\WINDOWS\SYSTEM32\ncrypt.dll
0x00007ff978f00000 - 0x00007ff978f3b000 	C:\WINDOWS\SYSTEM32\NTASN1.dll
0x00007ff96e030000 - 0x00007ff96e055000 	C:\Program Files\Java\jdk-11.0.14\bin\sunec.dll
0x00007ff96ec10000 - 0x00007ff96ec1a000 	C:\Windows\System32\rasadhlp.dll
0x00007ff96e2c0000 - 0x00007ff96e340000 	C:\WINDOWS\System32\fwpuclnt.dll

dbghelp: loaded successfully - version: 4.0.5 - missing functions: none
symbol engine: initialized successfully - sym options: 0x614 - pdb path: .;C:\Program Files\Java\jdk-11.0.14\bin;C:\WINDOWS\SYSTEM32;C:\WINDOWS\WinSxS\amd64_microsoft.windows.common-controls_6595b64144ccf1df_6.0.19041.1110_none_60b5254171f9507e;C:\Program Files\Java\jdk-11.0.14\bin\server;C:\Users\User\.gradle\native\68d5fa5c4cc2d200863cafc0d521ce42e7d3e7ee720ec0a83991735586a16f82\windows-amd64;C:\Users\User\.gradle\native\e376f236ea51e6404a007f0833ffe2c6e607c4080706a723a18a27aeea778392\windows-amd64

VM Arguments:
jvm_args: --add-opens=java.base/java.util=ALL-UNNAMED --add-opens=java.base/java.lang=ALL-UNNAMED --add-opens=java.base/java.lang.invoke=ALL-UNNAMED --add-opens=java.prefs/java.util.prefs=ALL-UNNAMED --add-opens=java.base/java.nio.charset=ALL-UNNAMED --add-opens=java.base/java.net=ALL-UNNAMED --add-opens=java.base/java.util.concurrent.atomic=ALL-UNNAMED -XX:MaxMetaspaceSize=256m -XX:+HeapDumpOnOutOfMemoryError -Xms256m -Xmx512m -Dfile.encoding=windows-1251 -Duser.country=US -Duser.language=en -Duser.variant 
java_command: org.gradle.launcher.daemon.bootstrap.GradleDaemon 7.6
java_class_path (initial): C:\Users\User\.gradle\wrapper\dists\gradle-7.6-bin\9l9tetv7ltxvx3i8an4pb86ye\gradle-7.6\lib\gradle-launcher-7.6.jar
Launcher Type: SUN_STANDARD

[Global flags]
     intx CICompilerCount                          = 3                                         {product} {ergonomic}
   size_t CompressedClassSpaceSize                 = 260046848                                 {product} {ergonomic}
     uint ConcGCThreads                            = 1                                         {product} {ergonomic}
     uint G1ConcRefinementThreads                  = 4                                         {product} {ergonomic}
   size_t G1HeapRegionSize                         = 1048576                                   {product} {ergonomic}
    uintx GCDrainStackTargetSize                   = 64                                        {product} {ergonomic}
     bool HeapDumpOnOutOfMemoryError               = true                                   {manageable} {command line}
   size_t InitialHeapSize                          = 268435456                                 {product} {command line}
   size_t MarkStackSize                            = 4194304                                   {product} {ergonomic}
   size_t MaxHeapSize                              = 536870912                                 {product} {command line}
   size_t MaxMetaspaceSize                         = 268435456                                 {product} {command line}
   size_t MaxNewSize                               = 321912832                                 {product} {ergonomic}
   size_t MinHeapDeltaBytes                        = 1048576                                   {product} {ergonomic}
    uintx NonNMethodCodeHeapSize                   = 5830732                                {pd product} {ergonomic}
    uintx NonProfiledCodeHeapSize                  = 122913754                              {pd product} {ergonomic}
    uintx ProfiledCodeHeapSize                     = 122913754                              {pd product} {ergonomic}
    uintx ReservedCodeCacheSize                    = 251658240                              {pd product} {ergonomic}
     bool SegmentedCodeCache                       = true                                      {product} {ergonomic}
     bool UseCompressedClassPointers               = true                                 {lp64_product} {ergonomic}
     bool UseCompressedOops                        = true                                 {lp64_product} {ergonomic}
     bool UseG1GC                                  = true                                      {product} {ergonomic}
     bool UseLargePagesIndividualAllocation        = false                                  {pd product} {ergonomic}

Logging:
Log output configuration:
 #0: stdout all=warning uptime,level,tags
 #1: stderr all=off uptime,level,tags

Environment Variables:
JAVA_HOME=C:\Program Files\Java\jdk-11.0.14
PATH=C:\Program Files\Java\jdk-11.0.14\bin;C:\Program Files (x86)\Common Files\Oracle\Java\javapath;%JAVA_HOME%\bin;C:\ProgramData\Oracle\Java\javapath;C:\WINDOWS\system32;C:\WINDOWS;C:\WINDOWS\System32\Wbem;C:\WINDOWS\System32\WindowsPowerShell\v1.0\;C:\WINDOWS\System32\OpenSSH\;C:\Program Files\TortoiseGit\bin;C:\Program Files\Git\cmd;C:\Program Files\MySQL\MySQL Server 8.0\bin;C:\Program Files\MySQL\MySQL Shell 8.0\bin\;C:\Program Files\Java\jdk-11.0.14\bin;C:\Users\User\AppData\Local\Microsoft\WindowsApps;C:\Users\User\AppData\Local\Programs\Microsoft VS Code\bin;C:\Users\User\AppData\Local\GitHubDesktop\bin;C:\Users\User\gradle-7.6\bin;C:\Program Files\Git\bin;;C:\Program Files\JetBrains\IntelliJ IDEA 2022.3.1\bin;
USERNAME=User
OS=Windows_NT
PROCESSOR_IDENTIFIER=Intel64 Family 6 Model 37 Stepping 2, GenuineIntel



---------------  S Y S T E M  ---------------

OS: Windows 10 , 64 bit Build 19041 (10.0.19041.2364)
Hyper-V role detected

CPU:total 4 (initial active 4) (2 cores per cpu, 2 threads per core) family 6 model 37 stepping 2 microcode 0x11, cmov, cx8, fxsr, mmx, sse, sse2, sse3, ssse3, sse4.1, sse4.2, popcnt, ht, tsc, tscinvbit

Memory: 4k page, system-wide physical 3950M (475M free)
TotalPageFile size 8889M (AvailPageFile size 3558M)
current process WorkingSet (physical memory assigned to process): 394M, peak: 397M
current process commit charge ("private bytes"): 495M, peak: 499M

vm_info: Java HotSpot(TM) 64-Bit Server VM (11.0.14+8-LTS-263) for windows-amd64 JRE (11.0.14+8-LTS-263), built on Dec  7 2021 21:53:57 by "mach5one" with MS VC++ 15.9 (VS2017)

END.
